<testsuites id="" name="" tests="1" failures="1" skipped="0" errors="0" time="2.3400609999999995">
<testsuite name="auth.spec.ts" timestamp="2025-08-30T00:12:39.292Z" hostname="docker-chromium" tests="1" failures="1" skipped="0" time="0.665" errors="0">
<testcase name="Authentication › Homepage and Navigation @smoke › homepage loads correctly with all elements" classname="auth.spec.ts" time="0.665">
<failure message="auth.spec.ts:26:9 homepage loads correctly with all elements" type="FAILURE">
<![CDATA[  [docker-chromium] › auth.spec.ts:26:9 › Authentication › Homepage and Navigation @smoke › homepage loads correctly with all elements 

    Error: page.goto: net::ERR_CONNECTION_REFUSED at http://172.18.0.2:8849/
    Call log:
      - navigating to "http://172.18.0.2:8849/", waiting until "load"


      25 |   test.describe('Homepage and Navigation @smoke', () => {
      26 |     test('homepage loads correctly with all elements', async ({ page }) => {
    > 27 |       await page.goto('/');
         |                  ^
      28 |
      29 |       // Check title and main content
      30 |       await expect(page).toHaveTitle(/Shipnorth/);
        at /app/tests/e2e/auth.spec.ts:27:18

    attachment #1: screenshot (image/png) ──────────────────────────────────────────────────────────
    ../../test-artifacts-docker/auth-Authentication-Homepa-fd72d-correctly-with-all-elements-docker-chromium/test-failed-1.png
    ────────────────────────────────────────────────────────────────────────────────────────────────

    attachment #2: video (video/webm) ──────────────────────────────────────────────────────────────
    ../../test-artifacts-docker/auth-Authentication-Homepa-fd72d-correctly-with-all-elements-docker-chromium/video.webm
    ────────────────────────────────────────────────────────────────────────────────────────────────

    Error Context: ../../test-artifacts-docker/auth-Authentication-Homepa-fd72d-correctly-with-all-elements-docker-chromium/error-context.md

    attachment #4: trace (application/zip) ─────────────────────────────────────────────────────────
    ../../test-artifacts-docker/auth-Authentication-Homepa-fd72d-correctly-with-all-elements-docker-chromium/trace.zip
    Usage:

        npx playwright show-trace ../../test-artifacts-docker/auth-Authentication-Homepa-fd72d-correctly-with-all-elements-docker-chromium/trace.zip

    ────────────────────────────────────────────────────────────────────────────────────────────────

    Retry #1 ───────────────────────────────────────────────────────────────────────────────────────

    Error: page.goto: net::ERR_CONNECTION_REFUSED at http://172.18.0.2:8849/
    Call log:
      - navigating to "http://172.18.0.2:8849/", waiting until "load"


      25 |   test.describe('Homepage and Navigation @smoke', () => {
      26 |     test('homepage loads correctly with all elements', async ({ page }) => {
    > 27 |       await page.goto('/');
         |                  ^
      28 |
      29 |       // Check title and main content
      30 |       await expect(page).toHaveTitle(/Shipnorth/);
        at /app/tests/e2e/auth.spec.ts:27:18

    attachment #1: screenshot (image/png) ──────────────────────────────────────────────────────────
    ../../test-artifacts-docker/auth-Authentication-Homepa-fd72d-correctly-with-all-elements-docker-chromium-retry1/test-failed-1.png
    ────────────────────────────────────────────────────────────────────────────────────────────────

    attachment #2: video (video/webm) ──────────────────────────────────────────────────────────────
    ../../test-artifacts-docker/auth-Authentication-Homepa-fd72d-correctly-with-all-elements-docker-chromium-retry1/video.webm
    ────────────────────────────────────────────────────────────────────────────────────────────────

    Error Context: ../../test-artifacts-docker/auth-Authentication-Homepa-fd72d-correctly-with-all-elements-docker-chromium-retry1/error-context.md

    attachment #4: trace (application/zip) ─────────────────────────────────────────────────────────
    ../../test-artifacts-docker/auth-Authentication-Homepa-fd72d-correctly-with-all-elements-docker-chromium-retry1/trace.zip
    Usage:

        npx playwright show-trace ../../test-artifacts-docker/auth-Authentication-Homepa-fd72d-correctly-with-all-elements-docker-chromium-retry1/trace.zip

    ────────────────────────────────────────────────────────────────────────────────────────────────
]]>
</failure>
<system-out>
<![CDATA[
[[ATTACHMENT|../test-artifacts-docker/auth-Authentication-Homepa-fd72d-correctly-with-all-elements-docker-chromium/test-failed-1.png]]

[[ATTACHMENT|../test-artifacts-docker/auth-Authentication-Homepa-fd72d-correctly-with-all-elements-docker-chromium/video.webm]]

[[ATTACHMENT|../test-artifacts-docker/auth-Authentication-Homepa-fd72d-correctly-with-all-elements-docker-chromium/error-context.md]]

[[ATTACHMENT|../test-artifacts-docker/auth-Authentication-Homepa-fd72d-correctly-with-all-elements-docker-chromium/trace.zip]]

[[ATTACHMENT|../test-artifacts-docker/auth-Authentication-Homepa-fd72d-correctly-with-all-elements-docker-chromium-retry1/test-failed-1.png]]

[[ATTACHMENT|../test-artifacts-docker/auth-Authentication-Homepa-fd72d-correctly-with-all-elements-docker-chromium-retry1/video.webm]]

[[ATTACHMENT|../test-artifacts-docker/auth-Authentication-Homepa-fd72d-correctly-with-all-elements-docker-chromium-retry1/error-context.md]]

[[ATTACHMENT|../test-artifacts-docker/auth-Authentication-Homepa-fd72d-correctly-with-all-elements-docker-chromium-retry1/trace.zip]]
]]>
</system-out>
</testcase>
</testsuite>
</testsuites>