{
  "config": {
    "configFile": "/app/playwright-docker-only.config.ts",
    "rootDir": "/app/tests/e2e",
    "forbidOnly": true,
    "fullyParallel": true,
    "globalSetup": "/app/tests/utils/docker-global-setup.ts",
    "globalTeardown": null,
    "globalTimeout": 3600000,
    "grep": {},
    "grepInvert": null,
    "maxFailures": 0,
    "metadata": {
      "actualWorkers": 3
    },
    "preserveOutput": "always",
    "reporter": [
      [
        "list",
        {
          "printSteps": true
        }
      ],
      [
        "json",
        {
          "outputFile": "test-reports/docker-results.json"
        }
      ],
      [
        "html",
        {
          "outputFolder": "test-reports/docker-html-report",
          "open": "never"
        }
      ],
      [
        "junit",
        {
          "outputFile": "test-reports/docker-junit.xml"
        }
      ]
    ],
    "reportSlowTests": {
      "max": 5,
      "threshold": 300000
    },
    "quiet": false,
    "projects": [
      {
        "outputDir": "/app/test-results",
        "repeatEach": 1,
        "retries": 3,
        "metadata": {
          "actualWorkers": 3
        },
        "id": "docker-infrastructure",
        "name": "docker-infrastructure",
        "testDir": "/app/tests/e2e",
        "testIgnore": [
          "**/node_modules/**",
          "**/backup-**/**",
          "**/*-debug.spec.ts",
          "**/*-local.spec.ts"
        ],
        "testMatch": [
          "00-connectivity-diagnostic.spec.ts",
          "infrastructure-check.spec.ts"
        ],
        "timeout": 120000
      },
      {
        "outputDir": "/app/test-results",
        "repeatEach": 1,
        "retries": 3,
        "metadata": {
          "actualWorkers": 3
        },
        "id": "docker-core",
        "name": "docker-core",
        "testDir": "/app/tests/e2e",
        "testIgnore": [
          "**/node_modules/**",
          "**/backup-**/**",
          "**/*-debug.spec.ts",
          "**/*-local.spec.ts"
        ],
        "testMatch": [
          "verify-dummy-data.spec.ts",
          "optimized-test-suite.spec.ts"
        ],
        "timeout": 120000
      },
      {
        "outputDir": "/app/test-results",
        "repeatEach": 1,
        "retries": 3,
        "metadata": {
          "actualWorkers": 3
        },
        "id": "docker-auth",
        "name": "docker-auth",
        "testDir": "/app/tests/e2e",
        "testIgnore": [
          "**/node_modules/**",
          "**/backup-**/**",
          "**/*-debug.spec.ts",
          "**/*-local.spec.ts"
        ],
        "testMatch": [
          "auth.spec.ts"
        ],
        "timeout": 120000
      },
      {
        "outputDir": "/app/test-results",
        "repeatEach": 1,
        "retries": 3,
        "metadata": {
          "actualWorkers": 3
        },
        "id": "docker-portals",
        "name": "docker-portals",
        "testDir": "/app/tests/e2e",
        "testIgnore": [
          "**/node_modules/**",
          "**/backup-**/**",
          "**/*-debug.spec.ts",
          "**/*-local.spec.ts"
        ],
        "testMatch": [
          "staff-interface.spec.ts",
          "customer-portal.spec.ts",
          "admin-panel.spec.ts"
        ],
        "timeout": 120000
      },
      {
        "outputDir": "/app/test-results",
        "repeatEach": 1,
        "retries": 3,
        "metadata": {
          "actualWorkers": 3
        },
        "id": "docker-workflows",
        "name": "docker-workflows",
        "testDir": "/app/tests/e2e",
        "testIgnore": [
          "**/node_modules/**",
          "**/backup-**/**",
          "**/*-debug.spec.ts",
          "**/*-local.spec.ts"
        ],
        "testMatch": [
          "driver-mobile.spec.ts",
          "end-to-end.spec.ts"
        ],
        "timeout": 120000
      },
      {
        "outputDir": "/app/test-results",
        "repeatEach": 1,
        "retries": 3,
        "metadata": {
          "actualWorkers": 3
        },
        "id": "docker-integration",
        "name": "docker-integration",
        "testDir": "/app/tests/e2e",
        "testIgnore": [
          "**/node_modules/**",
          "**/backup-**/**",
          "**/*-debug.spec.ts",
          "**/*-local.spec.ts"
        ],
        "testMatch": [
          "api-integration.spec.ts",
          "documentation.spec.ts",
          "ui-ux.spec.ts"
        ],
        "timeout": 120000
      }
    ],
    "shard": null,
    "updateSnapshots": "missing",
    "updateSourceMethod": "patch",
    "version": "1.54.2",
    "workers": 3,
    "webServer": null
  },
  "suites": [
    {
      "title": "00-connectivity-diagnostic.spec.ts",
      "file": "00-connectivity-diagnostic.spec.ts",
      "column": 0,
      "line": 0,
      "specs": [],
      "suites": [
        {
          "title": "ðŸ”¬ Connectivity Diagnostic (Pre-flight)",
          "file": "00-connectivity-diagnostic.spec.ts",
          "line": 14,
          "column": 15,
          "specs": [
            {
              "title": "Frontend-API connectivity health check @connectivity @critical",
              "ok": true,
              "tags": [
                "connectivity",
                "critical"
              ],
              "tests": [
                {
                  "timeout": 30000,
                  "annotations": [],
                  "expectedStatus": "passed",
                  "projectId": "docker-infrastructure",
                  "projectName": "docker-infrastructure",
                  "results": [
                    {
                      "workerIndex": 0,
                      "parallelIndex": 0,
                      "status": "passed",
                      "duration": 8872,
                      "errors": [],
                      "stdout": [
                        {
                          "text": "ðŸ”¬ CONNECTIVITY DIAGNOSTIC - Preventing recurring frontend-API issues\n"
                        },
                        {
                          "text": "========================================================================\n"
                        },
                        {
                          "text": "ðŸŒ Test URLs: API=http://localhost:8850, WEB=http://localhost:8849\n"
                        },
                        {
                          "text": "ðŸ³ Container networking: disabled (using localhost)\n"
                        },
                        {
                          "text": "========================================================================\n"
                        },
                        {
                          "text": "âœ… API directly accessible from browser\n"
                        },
                        {
                          "text": "ðŸ“‹ Testing quick login functionality...\n"
                        },
                        {
                          "text": "âœ… Login triggered API requests successfully\n"
                        },
                        {
                          "text": "ðŸ“Š Requests: POST http://localhost:8850/auth/login, GET http://localhost:8850/auth/permissions\n"
                        },
                        {
                          "text": "âœ… Database authentication working through API\n"
                        },
                        {
                          "text": "\nðŸŽ¯ CONNECTIVITY DIAGNOSTIC RESULTS:\n"
                        },
                        {
                          "text": "===================================\n"
                        },
                        {
                          "text": "âš ï¸ Warnings (2):\n"
                        },
                        {
                          "text": "  1. Minor fetch issue (non-CORS): Failed to fetch\n"
                        },
                        {
                          "text": "  2. Next.js environment data not properly loaded\n"
                        }
                      ],
                      "stderr": [],
                      "retry": 0,
                      "startTime": "2025-09-03T19:28:12.746Z",
                      "annotations": [],
                      "attachments": []
                    }
                  ],
                  "status": "expected"
                }
              ],
              "id": "5cdc8dd6af4f0fd049c0-1168cb09bc67d2958873",
              "file": "00-connectivity-diagnostic.spec.ts",
              "line": 29,
              "column": 7
            },
            {
              "title": "Environment configuration verification @config @critical",
              "ok": true,
              "tags": [
                "config",
                "critical"
              ],
              "tests": [
                {
                  "timeout": 30000,
                  "annotations": [],
                  "expectedStatus": "passed",
                  "projectId": "docker-infrastructure",
                  "projectName": "docker-infrastructure",
                  "results": [
                    {
                      "workerIndex": 0,
                      "parallelIndex": 0,
                      "status": "passed",
                      "duration": 151,
                      "errors": [],
                      "stdout": [
                        {
                          "text": "ðŸ”§ Verifying centralized environment configuration...\n"
                        },
                        {
                          "text": "ðŸ“Š Configuration check: {\n  \"apiUrl\": \"http://localhost:8850\",\n  \"webUrl\": \"http://localhost:8849\",\n  \"portsFromEnv\": {\n    \"api\": \"8850\",\n    \"web\": \"8849\"\n  }\n}\n"
                        },
                        {
                          "text": "âœ… Both services responding on environment-configured ports\n"
                        }
                      ],
                      "stderr": [],
                      "retry": 0,
                      "startTime": "2025-09-03T19:28:21.953Z",
                      "annotations": [],
                      "attachments": []
                    }
                  ],
                  "status": "expected"
                }
              ],
              "id": "5cdc8dd6af4f0fd049c0-f7ba0fdc1dbe421b61a0",
              "file": "00-connectivity-diagnostic.spec.ts",
              "line": 200,
              "column": 7
            }
          ]
        }
      ]
    },
    {
      "title": "infrastructure-check.spec.ts",
      "file": "infrastructure-check.spec.ts",
      "column": 0,
      "line": 0,
      "specs": [],
      "suites": [
        {
          "title": "ðŸ¥ Infrastructure Health Check",
          "file": "infrastructure-check.spec.ts",
          "line": 17,
          "column": 15,
          "specs": [
            {
              "title": "Docker containers are running and healthy @infrastructure @critical",
              "ok": true,
              "tags": [
                "infrastructure",
                "critical"
              ],
              "tests": [
                {
                  "timeout": 60000,
                  "annotations": [],
                  "expectedStatus": "passed",
                  "projectId": "docker-infrastructure",
                  "projectName": "docker-infrastructure",
                  "results": [
                    {
                      "workerIndex": 1,
                      "parallelIndex": 1,
                      "status": "passed",
                      "duration": 402,
                      "errors": [],
                      "stdout": [
                        {
                          "text": "\nðŸ” INFRASTRUCTURE PRE-FLIGHT CHECK STARTING...\n\n"
                        },
                        {
                          "text": "âœ… Running inside Docker container - skipping docker CLI checks\n"
                        },
                        {
                          "text": "âœ… Running in Docker container - testing service endpoints\n"
                        },
                        {
                          "text": "âœ… API Service: responding (200)\n"
                        },
                        {
                          "text": "âœ… Web Service: responding (200)\n"
                        },
                        {
                          "text": "âœ… All Docker containers are healthy\n\n"
                        }
                      ],
                      "stderr": [],
                      "retry": 0,
                      "startTime": "2025-09-03T19:28:12.757Z",
                      "annotations": [],
                      "attachments": []
                    }
                  ],
                  "status": "expected"
                }
              ],
              "id": "54885e6b96b97e17eb29-7d1204f6742155529b0a",
              "file": "infrastructure-check.spec.ts",
              "line": 20,
              "column": 7
            },
            {
              "title": "Web frontend is accessible and responding @infrastructure @critical",
              "ok": true,
              "tags": [
                "infrastructure",
                "critical"
              ],
              "tests": [
                {
                  "timeout": 60000,
                  "annotations": [],
                  "expectedStatus": "passed",
                  "projectId": "docker-infrastructure",
                  "projectName": "docker-infrastructure",
                  "results": [
                    {
                      "workerIndex": 1,
                      "parallelIndex": 1,
                      "status": "passed",
                      "duration": 2286,
                      "errors": [],
                      "stdout": [
                        {
                          "text": "ðŸŒ Testing frontend accessibility...\n"
                        },
                        {
                          "text": "âœ… Frontend: http://localhost:8849\n"
                        },
                        {
                          "text": "âœ… Frontend page loads correctly with content\n\n"
                        }
                      ],
                      "stderr": [],
                      "retry": 0,
                      "startTime": "2025-09-03T19:28:13.550Z",
                      "annotations": [],
                      "attachments": []
                    }
                  ],
                  "status": "expected"
                }
              ],
              "id": "54885e6b96b97e17eb29-14197c6f927fcca5ca81",
              "file": "infrastructure-check.spec.ts",
              "line": 85,
              "column": 7
            },
            {
              "title": "API backend is accessible and responding @infrastructure @critical",
              "ok": true,
              "tags": [
                "infrastructure",
                "critical"
              ],
              "tests": [
                {
                  "timeout": 60000,
                  "annotations": [],
                  "expectedStatus": "passed",
                  "projectId": "docker-infrastructure",
                  "projectName": "docker-infrastructure",
                  "results": [
                    {
                      "workerIndex": 1,
                      "parallelIndex": 1,
                      "status": "passed",
                      "duration": 218,
                      "errors": [],
                      "stdout": [
                        {
                          "text": "ðŸ”— Testing API accessibility...\n"
                        },
                        {
                          "text": "âœ… API: http://localhost:8850 - {\"status\":\"healthy\",\"timestamp\":\"2025-09-03T19:28:15.946Z\"}\n"
                        },
                        {
                          "text": "âœ… API backend is healthy\n\n"
                        }
                      ],
                      "stderr": [],
                      "retry": 0,
                      "startTime": "2025-09-03T19:28:15.842Z",
                      "annotations": [],
                      "attachments": []
                    }
                  ],
                  "status": "expected"
                }
              ],
              "id": "54885e6b96b97e17eb29-f913ea43cef1e53a6c12",
              "file": "infrastructure-check.spec.ts",
              "line": 127,
              "column": 7
            },
            {
              "title": "PostgreSQL database is accessible @infrastructure @critical",
              "ok": true,
              "tags": [
                "infrastructure",
                "critical"
              ],
              "tests": [
                {
                  "timeout": 60000,
                  "annotations": [],
                  "expectedStatus": "passed",
                  "projectId": "docker-infrastructure",
                  "projectName": "docker-infrastructure",
                  "results": [
                    {
                      "workerIndex": 1,
                      "parallelIndex": 1,
                      "status": "passed",
                      "duration": 278,
                      "errors": [],
                      "stdout": [
                        {
                          "text": "ðŸ—„ï¸ Testing database connectivity...\n"
                        },
                        {
                          "text": "âœ… Database accessible via API health check\n"
                        },
                        {
                          "text": "âœ… PostgreSQL database is healthy\n\n"
                        }
                      ],
                      "stderr": [],
                      "retry": 0,
                      "startTime": "2025-09-03T19:28:16.063Z",
                      "annotations": [],
                      "attachments": []
                    }
                  ],
                  "status": "expected"
                }
              ],
              "id": "54885e6b96b97e17eb29-376ac6208d2ec03d01ed",
              "file": "infrastructure-check.spec.ts",
              "line": 158,
              "column": 7
            },
            {
              "title": "Direct port connectivity works @infrastructure @critical",
              "ok": true,
              "tags": [
                "infrastructure",
                "critical"
              ],
              "tests": [
                {
                  "timeout": 60000,
                  "annotations": [],
                  "expectedStatus": "passed",
                  "projectId": "docker-infrastructure",
                  "projectName": "docker-infrastructure",
                  "results": [
                    {
                      "workerIndex": 1,
                      "parallelIndex": 1,
                      "status": "passed",
                      "duration": 322,
                      "errors": [],
                      "stdout": [
                        {
                          "text": "ðŸŒ Testing direct port connectivity...\n"
                        },
                        {
                          "text": "âœ… Frontend Direct Port: http://localhost:8849\n"
                        },
                        {
                          "text": "âœ… API Direct Port: http://localhost:8850/health\n"
                        },
                        {
                          "text": "âœ… Direct port connectivity is working correctly\n\n"
                        },
                        {
                          "text": "ðŸŽ¯ INFRASTRUCTURE CHECK COMPLETE\n"
                        },
                        {
                          "text": "âœ… System ready for comprehensive testing\n\n"
                        },
                        {
                          "text": "================================================================================\n"
                        }
                      ],
                      "stderr": [],
                      "retry": 0,
                      "startTime": "2025-09-03T19:28:16.345Z",
                      "annotations": [],
                      "attachments": []
                    }
                  ],
                  "status": "expected"
                }
              ],
              "id": "54885e6b96b97e17eb29-ea66d65479d39d6aab01",
              "file": "infrastructure-check.spec.ts",
              "line": 184,
              "column": 7
            }
          ]
        }
      ]
    },
    {
      "title": "optimized-test-suite.spec.ts",
      "file": "optimized-test-suite.spec.ts",
      "column": 0,
      "line": 0,
      "specs": [],
      "suites": [
        {
          "title": "ðŸ”¥ Root Cause Detection",
          "file": "optimized-test-suite.spec.ts",
          "line": 36,
          "column": 6,
          "specs": [
            {
              "title": "infrastructure health check @critical",
              "ok": true,
              "tags": [
                "critical"
              ],
              "tests": [
                {
                  "timeout": 120000,
                  "annotations": [],
                  "expectedStatus": "passed",
                  "projectId": "docker-core",
                  "projectName": "docker-core",
                  "results": [
                    {
                      "workerIndex": 2,
                      "parallelIndex": 0,
                      "status": "passed",
                      "duration": 3814,
                      "errors": [],
                      "stdout": [
                        {
                          "text": "âœ… Infrastructure health check passed\n"
                        }
                      ],
                      "stderr": [],
                      "retry": 0,
                      "startTime": "2025-09-03T19:28:23.563Z",
                      "annotations": [],
                      "attachments": []
                    }
                  ],
                  "status": "expected"
                }
              ],
              "id": "17e7f8c5616d93753744-1c0ce6eef77dc997df99",
              "file": "optimized-test-suite.spec.ts",
              "line": 37,
              "column": 7
            },
            {
              "title": "database and authentication foundation @critical",
              "ok": true,
              "tags": [
                "critical"
              ],
              "tests": [
                {
                  "timeout": 120000,
                  "annotations": [],
                  "expectedStatus": "passed",
                  "projectId": "docker-core",
                  "projectName": "docker-core",
                  "results": [
                    {
                      "workerIndex": 3,
                      "parallelIndex": 1,
                      "status": "passed",
                      "duration": 531,
                      "errors": [],
                      "stdout": [
                        {
                          "text": "âœ… Authentication foundation verified\n"
                        }
                      ],
                      "stderr": [],
                      "retry": 0,
                      "startTime": "2025-09-03T19:28:23.639Z",
                      "annotations": [],
                      "attachments": []
                    }
                  ],
                  "status": "expected"
                }
              ],
              "id": "17e7f8c5616d93753744-ba13d9c0bd6a1d3b9f84",
              "file": "optimized-test-suite.spec.ts",
              "line": 55,
              "column": 7
            },
            {
              "title": "portal accessibility matrix @critical",
              "ok": false,
              "tags": [
                "critical"
              ],
              "tests": [
                {
                  "timeout": 120000,
                  "annotations": [],
                  "expectedStatus": "passed",
                  "projectId": "docker-core",
                  "projectName": "docker-core",
                  "results": [
                    {
                      "workerIndex": 4,
                      "parallelIndex": 2,
                      "status": "failed",
                      "duration": 6080,
                      "error": {
                        "message": "Error: page.goto: net::ERR_FAILED at http://localhost:8849/staff\nCall log:\n\u001b[2m  - navigating to \"http://localhost:8849/staff\", waiting until \"load\"\u001b[22m\n",
                        "stack": "Error: page.goto: net::ERR_FAILED at http://localhost:8849/staff\nCall log:\n\u001b[2m  - navigating to \"http://localhost:8849/staff\", waiting until \"load\"\u001b[22m\n\n    at /app/tests/e2e/optimized-test-suite.spec.ts:81:18",
                        "location": {
                          "file": "/app/tests/e2e/optimized-test-suite.spec.ts",
                          "column": 18,
                          "line": 81
                        },
                        "snippet": "  79 |\n  80 |     for (const portal of portals) {\n> 81 |       await page.goto(portal.path);\n     |                  ^\n  82 |       // Should either show content or redirect to login (not 500/404)\n  83 |       await page.waitForTimeout(2000);\n  84 |       const is500Error = await page.locator(':text(\"500\")').isVisible();"
                      },
                      "errors": [
                        {
                          "location": {
                            "file": "/app/tests/e2e/optimized-test-suite.spec.ts",
                            "column": 18,
                            "line": 81
                          },
                          "message": "Error: page.goto: net::ERR_FAILED at http://localhost:8849/staff\nCall log:\n\u001b[2m  - navigating to \"http://localhost:8849/staff\", waiting until \"load\"\u001b[22m\n\n\n  79 |\n  80 |     for (const portal of portals) {\n> 81 |       await page.goto(portal.path);\n     |                  ^\n  82 |       // Should either show content or redirect to login (not 500/404)\n  83 |       await page.waitForTimeout(2000);\n  84 |       const is500Error = await page.locator(':text(\"500\")').isVisible();\n    at /app/tests/e2e/optimized-test-suite.spec.ts:81:18"
                        }
                      ],
                      "stdout": [],
                      "stderr": [],
                      "retry": 0,
                      "startTime": "2025-09-03T19:28:23.567Z",
                      "annotations": [],
                      "attachments": [
                        {
                          "name": "screenshot",
                          "contentType": "image/png",
                          "path": "/app/test-results/optimized-test-suite-ðŸ”¥-Ro-02dd8-cessibility-matrix-critical-docker-core/test-failed-1.png"
                        },
                        {
                          "name": "video",
                          "contentType": "video/webm",
                          "path": "/app/test-results/optimized-test-suite-ðŸ”¥-Ro-02dd8-cessibility-matrix-critical-docker-core/video.webm"
                        },
                        {
                          "name": "trace",
                          "contentType": "application/zip",
                          "path": "/app/test-results/optimized-test-suite-ðŸ”¥-Ro-02dd8-cessibility-matrix-critical-docker-core/trace.zip"
                        }
                      ],
                      "errorLocation": {
                        "file": "/app/tests/e2e/optimized-test-suite.spec.ts",
                        "column": 18,
                        "line": 81
                      }
                    },
                    {
                      "workerIndex": 8,
                      "parallelIndex": 2,
                      "status": "failed",
                      "duration": 5689,
                      "error": {
                        "message": "Error: page.goto: net::ERR_FAILED at http://localhost:8849/staff\nCall log:\n\u001b[2m  - navigating to \"http://localhost:8849/staff\", waiting until \"load\"\u001b[22m\n",
                        "stack": "Error: page.goto: net::ERR_FAILED at http://localhost:8849/staff\nCall log:\n\u001b[2m  - navigating to \"http://localhost:8849/staff\", waiting until \"load\"\u001b[22m\n\n    at /app/tests/e2e/optimized-test-suite.spec.ts:81:18",
                        "location": {
                          "file": "/app/tests/e2e/optimized-test-suite.spec.ts",
                          "column": 18,
                          "line": 81
                        },
                        "snippet": "  79 |\n  80 |     for (const portal of portals) {\n> 81 |       await page.goto(portal.path);\n     |                  ^\n  82 |       // Should either show content or redirect to login (not 500/404)\n  83 |       await page.waitForTimeout(2000);\n  84 |       const is500Error = await page.locator(':text(\"500\")').isVisible();"
                      },
                      "errors": [
                        {
                          "location": {
                            "file": "/app/tests/e2e/optimized-test-suite.spec.ts",
                            "column": 18,
                            "line": 81
                          },
                          "message": "Error: page.goto: net::ERR_FAILED at http://localhost:8849/staff\nCall log:\n\u001b[2m  - navigating to \"http://localhost:8849/staff\", waiting until \"load\"\u001b[22m\n\n\n  79 |\n  80 |     for (const portal of portals) {\n> 81 |       await page.goto(portal.path);\n     |                  ^\n  82 |       // Should either show content or redirect to login (not 500/404)\n  83 |       await page.waitForTimeout(2000);\n  84 |       const is500Error = await page.locator(':text(\"500\")').isVisible();\n    at /app/tests/e2e/optimized-test-suite.spec.ts:81:18"
                        }
                      ],
                      "stdout": [],
                      "stderr": [],
                      "retry": 1,
                      "startTime": "2025-09-03T19:28:31.764Z",
                      "annotations": [],
                      "attachments": [
                        {
                          "name": "screenshot",
                          "contentType": "image/png",
                          "path": "/app/test-results/optimized-test-suite-ðŸ”¥-Ro-02dd8-cessibility-matrix-critical-docker-core-retry1/test-failed-1.png"
                        },
                        {
                          "name": "video",
                          "contentType": "video/webm",
                          "path": "/app/test-results/optimized-test-suite-ðŸ”¥-Ro-02dd8-cessibility-matrix-critical-docker-core-retry1/video.webm"
                        },
                        {
                          "name": "trace",
                          "contentType": "application/zip",
                          "path": "/app/test-results/optimized-test-suite-ðŸ”¥-Ro-02dd8-cessibility-matrix-critical-docker-core-retry1/trace.zip"
                        }
                      ],
                      "errorLocation": {
                        "file": "/app/tests/e2e/optimized-test-suite.spec.ts",
                        "column": 18,
                        "line": 81
                      }
                    },
                    {
                      "workerIndex": 15,
                      "parallelIndex": 2,
                      "status": "failed",
                      "duration": 5586,
                      "error": {
                        "message": "Error: page.goto: net::ERR_FAILED at http://localhost:8849/staff\nCall log:\n\u001b[2m  - navigating to \"http://localhost:8849/staff\", waiting until \"load\"\u001b[22m\n",
                        "stack": "Error: page.goto: net::ERR_FAILED at http://localhost:8849/staff\nCall log:\n\u001b[2m  - navigating to \"http://localhost:8849/staff\", waiting until \"load\"\u001b[22m\n\n    at /app/tests/e2e/optimized-test-suite.spec.ts:81:18",
                        "location": {
                          "file": "/app/tests/e2e/optimized-test-suite.spec.ts",
                          "column": 18,
                          "line": 81
                        },
                        "snippet": "  79 |\n  80 |     for (const portal of portals) {\n> 81 |       await page.goto(portal.path);\n     |                  ^\n  82 |       // Should either show content or redirect to login (not 500/404)\n  83 |       await page.waitForTimeout(2000);\n  84 |       const is500Error = await page.locator(':text(\"500\")').isVisible();"
                      },
                      "errors": [
                        {
                          "location": {
                            "file": "/app/tests/e2e/optimized-test-suite.spec.ts",
                            "column": 18,
                            "line": 81
                          },
                          "message": "Error: page.goto: net::ERR_FAILED at http://localhost:8849/staff\nCall log:\n\u001b[2m  - navigating to \"http://localhost:8849/staff\", waiting until \"load\"\u001b[22m\n\n\n  79 |\n  80 |     for (const portal of portals) {\n> 81 |       await page.goto(portal.path);\n     |                  ^\n  82 |       // Should either show content or redirect to login (not 500/404)\n  83 |       await page.waitForTimeout(2000);\n  84 |       const is500Error = await page.locator(':text(\"500\")').isVisible();\n    at /app/tests/e2e/optimized-test-suite.spec.ts:81:18"
                        }
                      ],
                      "stdout": [],
                      "stderr": [],
                      "retry": 2,
                      "startTime": "2025-09-03T19:28:39.666Z",
                      "annotations": [],
                      "attachments": [
                        {
                          "name": "screenshot",
                          "contentType": "image/png",
                          "path": "/app/test-results/optimized-test-suite-ðŸ”¥-Ro-02dd8-cessibility-matrix-critical-docker-core-retry2/test-failed-1.png"
                        },
                        {
                          "name": "video",
                          "contentType": "video/webm",
                          "path": "/app/test-results/optimized-test-suite-ðŸ”¥-Ro-02dd8-cessibility-matrix-critical-docker-core-retry2/video.webm"
                        },
                        {
                          "name": "trace",
                          "contentType": "application/zip",
                          "path": "/app/test-results/optimized-test-suite-ðŸ”¥-Ro-02dd8-cessibility-matrix-critical-docker-core-retry2/trace.zip"
                        }
                      ],
                      "errorLocation": {
                        "file": "/app/tests/e2e/optimized-test-suite.spec.ts",
                        "column": 18,
                        "line": 81
                      }
                    },
                    {
                      "workerIndex": 22,
                      "parallelIndex": 2,
                      "status": "failed",
                      "duration": 5313,
                      "error": {
                        "message": "Error: page.goto: net::ERR_FAILED at http://localhost:8849/staff\nCall log:\n\u001b[2m  - navigating to \"http://localhost:8849/staff\", waiting until \"load\"\u001b[22m\n",
                        "stack": "Error: page.goto: net::ERR_FAILED at http://localhost:8849/staff\nCall log:\n\u001b[2m  - navigating to \"http://localhost:8849/staff\", waiting until \"load\"\u001b[22m\n\n    at /app/tests/e2e/optimized-test-suite.spec.ts:81:18",
                        "location": {
                          "file": "/app/tests/e2e/optimized-test-suite.spec.ts",
                          "column": 18,
                          "line": 81
                        },
                        "snippet": "  79 |\n  80 |     for (const portal of portals) {\n> 81 |       await page.goto(portal.path);\n     |                  ^\n  82 |       // Should either show content or redirect to login (not 500/404)\n  83 |       await page.waitForTimeout(2000);\n  84 |       const is500Error = await page.locator(':text(\"500\")').isVisible();"
                      },
                      "errors": [
                        {
                          "location": {
                            "file": "/app/tests/e2e/optimized-test-suite.spec.ts",
                            "column": 18,
                            "line": 81
                          },
                          "message": "Error: page.goto: net::ERR_FAILED at http://localhost:8849/staff\nCall log:\n\u001b[2m  - navigating to \"http://localhost:8849/staff\", waiting until \"load\"\u001b[22m\n\n\n  79 |\n  80 |     for (const portal of portals) {\n> 81 |       await page.goto(portal.path);\n     |                  ^\n  82 |       // Should either show content or redirect to login (not 500/404)\n  83 |       await page.waitForTimeout(2000);\n  84 |       const is500Error = await page.locator(':text(\"500\")').isVisible();\n    at /app/tests/e2e/optimized-test-suite.spec.ts:81:18"
                        }
                      ],
                      "stdout": [],
                      "stderr": [],
                      "retry": 3,
                      "startTime": "2025-09-03T19:28:47.439Z",
                      "annotations": [],
                      "attachments": [
                        {
                          "name": "screenshot",
                          "contentType": "image/png",
                          "path": "/app/test-results/optimized-test-suite-ðŸ”¥-Ro-02dd8-cessibility-matrix-critical-docker-core-retry3/test-failed-1.png"
                        },
                        {
                          "name": "video",
                          "contentType": "video/webm",
                          "path": "/app/test-results/optimized-test-suite-ðŸ”¥-Ro-02dd8-cessibility-matrix-critical-docker-core-retry3/video.webm"
                        },
                        {
                          "name": "trace",
                          "contentType": "application/zip",
                          "path": "/app/test-results/optimized-test-suite-ðŸ”¥-Ro-02dd8-cessibility-matrix-critical-docker-core-retry3/trace.zip"
                        }
                      ],
                      "errorLocation": {
                        "file": "/app/tests/e2e/optimized-test-suite.spec.ts",
                        "column": 18,
                        "line": 81
                      }
                    }
                  ],
                  "status": "unexpected"
                }
              ],
              "id": "17e7f8c5616d93753744-be264f6352f203ac5057",
              "file": "optimized-test-suite.spec.ts",
              "line": 72,
              "column": 7
            },
            {
              "title": "ACL permission system foundation @critical",
              "ok": true,
              "tags": [
                "critical"
              ],
              "tests": [
                {
                  "timeout": 120000,
                  "annotations": [],
                  "expectedStatus": "passed",
                  "projectId": "docker-core",
                  "projectName": "docker-core",
                  "results": [
                    {
                      "workerIndex": 3,
                      "parallelIndex": 1,
                      "status": "passed",
                      "duration": 769,
                      "errors": [],
                      "stdout": [
                        {
                          "text": "âœ… ACL permission system is active\n"
                        }
                      ],
                      "stderr": [],
                      "retry": 0,
                      "startTime": "2025-09-03T19:28:24.448Z",
                      "annotations": [],
                      "attachments": []
                    }
                  ],
                  "status": "expected"
                }
              ],
              "id": "17e7f8c5616d93753744-e03ae0e9cb5b9b36c1d8",
              "file": "optimized-test-suite.spec.ts",
              "line": 93,
              "column": 7
            }
          ]
        },
        {
          "title": "ðŸŽ¯ Customer Portal Journey",
          "file": "optimized-test-suite.spec.ts",
          "line": 125,
          "column": 6,
          "specs": [
            {
              "title": "complete customer workflow @core",
              "ok": false,
              "tags": [
                "core"
              ],
              "tests": [
                {
                  "timeout": 120000,
                  "annotations": [],
                  "expectedStatus": "passed",
                  "projectId": "docker-core",
                  "projectName": "docker-core",
                  "results": [
                    {
                      "workerIndex": 3,
                      "parallelIndex": 1,
                      "status": "failed",
                      "duration": 706,
                      "error": {
                        "message": "ReferenceError: AuthHelpers is not defined",
                        "stack": "ReferenceError: AuthHelpers is not defined\n    at /app/tests/e2e/optimized-test-suite.spec.ts:129:5",
                        "location": {
                          "file": "/app/tests/e2e/optimized-test-suite.spec.ts",
                          "column": 5,
                          "line": 129
                        },
                        "snippet": "  127 |\n  128 |   test.beforeEach(async ({ page }) => {\n> 129 |     authHelpers = new AuthHelpers(page);\n      |     ^\n  130 |     await authHelpers.quickLogin('customer');\n  131 |   });\n  132 |"
                      },
                      "errors": [
                        {
                          "location": {
                            "file": "/app/tests/e2e/optimized-test-suite.spec.ts",
                            "column": 5,
                            "line": 129
                          },
                          "message": "ReferenceError: AuthHelpers is not defined\n\n  127 |\n  128 |   test.beforeEach(async ({ page }) => {\n> 129 |     authHelpers = new AuthHelpers(page);\n      |     ^\n  130 |     await authHelpers.quickLogin('customer');\n  131 |   });\n  132 |\n    at /app/tests/e2e/optimized-test-suite.spec.ts:129:5"
                        }
                      ],
                      "stdout": [],
                      "stderr": [],
                      "retry": 0,
                      "startTime": "2025-09-03T19:28:25.240Z",
                      "annotations": [],
                      "attachments": [
                        {
                          "name": "screenshot",
                          "contentType": "image/png",
                          "path": "/app/test-results/optimized-test-suite-ðŸŽ¯-Cu-6396e-lete-customer-workflow-core-docker-core/test-failed-1.png"
                        },
                        {
                          "name": "video",
                          "contentType": "video/webm",
                          "path": "/app/test-results/optimized-test-suite-ðŸŽ¯-Cu-6396e-lete-customer-workflow-core-docker-core/video.webm"
                        },
                        {
                          "name": "trace",
                          "contentType": "application/zip",
                          "path": "/app/test-results/optimized-test-suite-ðŸŽ¯-Cu-6396e-lete-customer-workflow-core-docker-core/trace.zip"
                        }
                      ],
                      "errorLocation": {
                        "file": "/app/tests/e2e/optimized-test-suite.spec.ts",
                        "column": 5,
                        "line": 129
                      }
                    },
                    {
                      "workerIndex": 5,
                      "parallelIndex": 1,
                      "status": "failed",
                      "duration": 327,
                      "error": {
                        "message": "ReferenceError: AuthHelpers is not defined",
                        "stack": "ReferenceError: AuthHelpers is not defined\n    at /app/tests/e2e/optimized-test-suite.spec.ts:129:5",
                        "location": {
                          "file": "/app/tests/e2e/optimized-test-suite.spec.ts",
                          "column": 5,
                          "line": 129
                        },
                        "snippet": "  127 |\n  128 |   test.beforeEach(async ({ page }) => {\n> 129 |     authHelpers = new AuthHelpers(page);\n      |     ^\n  130 |     await authHelpers.quickLogin('customer');\n  131 |   });\n  132 |"
                      },
                      "errors": [
                        {
                          "location": {
                            "file": "/app/tests/e2e/optimized-test-suite.spec.ts",
                            "column": 5,
                            "line": 129
                          },
                          "message": "ReferenceError: AuthHelpers is not defined\n\n  127 |\n  128 |   test.beforeEach(async ({ page }) => {\n> 129 |     authHelpers = new AuthHelpers(page);\n      |     ^\n  130 |     await authHelpers.quickLogin('customer');\n  131 |   });\n  132 |\n    at /app/tests/e2e/optimized-test-suite.spec.ts:129:5"
                        }
                      ],
                      "stdout": [],
                      "stderr": [],
                      "retry": 1,
                      "startTime": "2025-09-03T19:28:28.141Z",
                      "annotations": [],
                      "attachments": [
                        {
                          "name": "screenshot",
                          "contentType": "image/png",
                          "path": "/app/test-results/optimized-test-suite-ðŸŽ¯-Cu-6396e-lete-customer-workflow-core-docker-core-retry1/test-failed-1.png"
                        },
                        {
                          "name": "video",
                          "contentType": "video/webm",
                          "path": "/app/test-results/optimized-test-suite-ðŸŽ¯-Cu-6396e-lete-customer-workflow-core-docker-core-retry1/video.webm"
                        },
                        {
                          "name": "trace",
                          "contentType": "application/zip",
                          "path": "/app/test-results/optimized-test-suite-ðŸŽ¯-Cu-6396e-lete-customer-workflow-core-docker-core-retry1/trace.zip"
                        }
                      ],
                      "errorLocation": {
                        "file": "/app/tests/e2e/optimized-test-suite.spec.ts",
                        "column": 5,
                        "line": 129
                      }
                    },
                    {
                      "workerIndex": 7,
                      "parallelIndex": 1,
                      "status": "failed",
                      "duration": 596,
                      "error": {
                        "message": "ReferenceError: AuthHelpers is not defined",
                        "stack": "ReferenceError: AuthHelpers is not defined\n    at /app/tests/e2e/optimized-test-suite.spec.ts:129:5",
                        "location": {
                          "file": "/app/tests/e2e/optimized-test-suite.spec.ts",
                          "column": 5,
                          "line": 129
                        },
                        "snippet": "  127 |\n  128 |   test.beforeEach(async ({ page }) => {\n> 129 |     authHelpers = new AuthHelpers(page);\n      |     ^\n  130 |     await authHelpers.quickLogin('customer');\n  131 |   });\n  132 |"
                      },
                      "errors": [
                        {
                          "location": {
                            "file": "/app/tests/e2e/optimized-test-suite.spec.ts",
                            "column": 5,
                            "line": 129
                          },
                          "message": "ReferenceError: AuthHelpers is not defined\n\n  127 |\n  128 |   test.beforeEach(async ({ page }) => {\n> 129 |     authHelpers = new AuthHelpers(page);\n      |     ^\n  130 |     await authHelpers.quickLogin('customer');\n  131 |   });\n  132 |\n    at /app/tests/e2e/optimized-test-suite.spec.ts:129:5"
                        }
                      ],
                      "stdout": [],
                      "stderr": [],
                      "retry": 2,
                      "startTime": "2025-09-03T19:28:30.173Z",
                      "annotations": [],
                      "attachments": [
                        {
                          "name": "screenshot",
                          "contentType": "image/png",
                          "path": "/app/test-results/optimized-test-suite-ðŸŽ¯-Cu-6396e-lete-customer-workflow-core-docker-core-retry2/test-failed-1.png"
                        },
                        {
                          "name": "video",
                          "contentType": "video/webm",
                          "path": "/app/test-results/optimized-test-suite-ðŸŽ¯-Cu-6396e-lete-customer-workflow-core-docker-core-retry2/video.webm"
                        },
                        {
                          "name": "trace",
                          "contentType": "application/zip",
                          "path": "/app/test-results/optimized-test-suite-ðŸŽ¯-Cu-6396e-lete-customer-workflow-core-docker-core-retry2/trace.zip"
                        }
                      ],
                      "errorLocation": {
                        "file": "/app/tests/e2e/optimized-test-suite.spec.ts",
                        "column": 5,
                        "line": 129
                      }
                    },
                    {
                      "workerIndex": 10,
                      "parallelIndex": 1,
                      "status": "failed",
                      "duration": 926,
                      "error": {
                        "message": "ReferenceError: AuthHelpers is not defined",
                        "stack": "ReferenceError: AuthHelpers is not defined\n    at /app/tests/e2e/optimized-test-suite.spec.ts:129:5",
                        "location": {
                          "file": "/app/tests/e2e/optimized-test-suite.spec.ts",
                          "column": 5,
                          "line": 129
                        },
                        "snippet": "  127 |\n  128 |   test.beforeEach(async ({ page }) => {\n> 129 |     authHelpers = new AuthHelpers(page);\n      |     ^\n  130 |     await authHelpers.quickLogin('customer');\n  131 |   });\n  132 |"
                      },
                      "errors": [
                        {
                          "location": {
                            "file": "/app/tests/e2e/optimized-test-suite.spec.ts",
                            "column": 5,
                            "line": 129
                          },
                          "message": "ReferenceError: AuthHelpers is not defined\n\n  127 |\n  128 |   test.beforeEach(async ({ page }) => {\n> 129 |     authHelpers = new AuthHelpers(page);\n      |     ^\n  130 |     await authHelpers.quickLogin('customer');\n  131 |   });\n  132 |\n    at /app/tests/e2e/optimized-test-suite.spec.ts:129:5"
                        }
                      ],
                      "stdout": [],
                      "stderr": [],
                      "retry": 3,
                      "startTime": "2025-09-03T19:28:33.345Z",
                      "annotations": [],
                      "attachments": [
                        {
                          "name": "screenshot",
                          "contentType": "image/png",
                          "path": "/app/test-results/optimized-test-suite-ðŸŽ¯-Cu-6396e-lete-customer-workflow-core-docker-core-retry3/test-failed-1.png"
                        },
                        {
                          "name": "video",
                          "contentType": "video/webm",
                          "path": "/app/test-results/optimized-test-suite-ðŸŽ¯-Cu-6396e-lete-customer-workflow-core-docker-core-retry3/video.webm"
                        },
                        {
                          "name": "trace",
                          "contentType": "application/zip",
                          "path": "/app/test-results/optimized-test-suite-ðŸŽ¯-Cu-6396e-lete-customer-workflow-core-docker-core-retry3/trace.zip"
                        }
                      ],
                      "errorLocation": {
                        "file": "/app/tests/e2e/optimized-test-suite.spec.ts",
                        "column": 5,
                        "line": 129
                      }
                    }
                  ],
                  "status": "unexpected"
                }
              ],
              "id": "17e7f8c5616d93753744-f878eb5819d1a9417cbc",
              "file": "optimized-test-suite.spec.ts",
              "line": 133,
              "column": 7
            }
          ]
        },
        {
          "title": "ðŸŽ¯ Staff Portal Journey",
          "file": "optimized-test-suite.spec.ts",
          "line": 185,
          "column": 6,
          "specs": [
            {
              "title": "complete staff workflow @core",
              "ok": false,
              "tags": [
                "core"
              ],
              "tests": [
                {
                  "timeout": 120000,
                  "annotations": [],
                  "expectedStatus": "passed",
                  "projectId": "docker-core",
                  "projectName": "docker-core",
                  "results": [
                    {
                      "workerIndex": 2,
                      "parallelIndex": 0,
                      "status": "failed",
                      "duration": 421,
                      "error": {
                        "message": "ReferenceError: AuthHelpers is not defined",
                        "stack": "ReferenceError: AuthHelpers is not defined\n    at /app/tests/e2e/optimized-test-suite.spec.ts:189:5",
                        "location": {
                          "file": "/app/tests/e2e/optimized-test-suite.spec.ts",
                          "column": 5,
                          "line": 189
                        },
                        "snippet": "  187 |\n  188 |   test.beforeEach(async ({ page }) => {\n> 189 |     authHelpers = new AuthHelpers(page);\n      |     ^\n  190 |     await authHelpers.quickLogin('staff');\n  191 |   });\n  192 |"
                      },
                      "errors": [
                        {
                          "location": {
                            "file": "/app/tests/e2e/optimized-test-suite.spec.ts",
                            "column": 5,
                            "line": 189
                          },
                          "message": "ReferenceError: AuthHelpers is not defined\n\n  187 |\n  188 |   test.beforeEach(async ({ page }) => {\n> 189 |     authHelpers = new AuthHelpers(page);\n      |     ^\n  190 |     await authHelpers.quickLogin('staff');\n  191 |   });\n  192 |\n    at /app/tests/e2e/optimized-test-suite.spec.ts:189:5"
                        }
                      ],
                      "stdout": [],
                      "stderr": [],
                      "retry": 0,
                      "startTime": "2025-09-03T19:28:27.742Z",
                      "annotations": [],
                      "attachments": [
                        {
                          "name": "screenshot",
                          "contentType": "image/png",
                          "path": "/app/test-results/optimized-test-suite-ðŸŽ¯-St-494cd-omplete-staff-workflow-core-docker-core/test-failed-1.png"
                        },
                        {
                          "name": "video",
                          "contentType": "video/webm",
                          "path": "/app/test-results/optimized-test-suite-ðŸŽ¯-St-494cd-omplete-staff-workflow-core-docker-core/video.webm"
                        },
                        {
                          "name": "trace",
                          "contentType": "application/zip",
                          "path": "/app/test-results/optimized-test-suite-ðŸŽ¯-St-494cd-omplete-staff-workflow-core-docker-core/trace.zip"
                        }
                      ],
                      "errorLocation": {
                        "file": "/app/tests/e2e/optimized-test-suite.spec.ts",
                        "column": 5,
                        "line": 189
                      }
                    },
                    {
                      "workerIndex": 6,
                      "parallelIndex": 0,
                      "status": "failed",
                      "duration": 606,
                      "error": {
                        "message": "ReferenceError: AuthHelpers is not defined",
                        "stack": "ReferenceError: AuthHelpers is not defined\n    at /app/tests/e2e/optimized-test-suite.spec.ts:189:5",
                        "location": {
                          "file": "/app/tests/e2e/optimized-test-suite.spec.ts",
                          "column": 5,
                          "line": 189
                        },
                        "snippet": "  187 |\n  188 |   test.beforeEach(async ({ page }) => {\n> 189 |     authHelpers = new AuthHelpers(page);\n      |     ^\n  190 |     await authHelpers.quickLogin('staff');\n  191 |   });\n  192 |"
                      },
                      "errors": [
                        {
                          "location": {
                            "file": "/app/tests/e2e/optimized-test-suite.spec.ts",
                            "column": 5,
                            "line": 189
                          },
                          "message": "ReferenceError: AuthHelpers is not defined\n\n  187 |\n  188 |   test.beforeEach(async ({ page }) => {\n> 189 |     authHelpers = new AuthHelpers(page);\n      |     ^\n  190 |     await authHelpers.quickLogin('staff');\n  191 |   });\n  192 |\n    at /app/tests/e2e/optimized-test-suite.spec.ts:189:5"
                        }
                      ],
                      "stdout": [],
                      "stderr": [],
                      "retry": 1,
                      "startTime": "2025-09-03T19:28:29.573Z",
                      "annotations": [],
                      "attachments": [
                        {
                          "name": "screenshot",
                          "contentType": "image/png",
                          "path": "/app/test-results/optimized-test-suite-ðŸŽ¯-St-494cd-omplete-staff-workflow-core-docker-core-retry1/test-failed-1.png"
                        },
                        {
                          "name": "video",
                          "contentType": "video/webm",
                          "path": "/app/test-results/optimized-test-suite-ðŸŽ¯-St-494cd-omplete-staff-workflow-core-docker-core-retry1/video.webm"
                        },
                        {
                          "name": "trace",
                          "contentType": "application/zip",
                          "path": "/app/test-results/optimized-test-suite-ðŸŽ¯-St-494cd-omplete-staff-workflow-core-docker-core-retry1/trace.zip"
                        }
                      ],
                      "errorLocation": {
                        "file": "/app/tests/e2e/optimized-test-suite.spec.ts",
                        "column": 5,
                        "line": 189
                      }
                    },
                    {
                      "workerIndex": 9,
                      "parallelIndex": 0,
                      "status": "failed",
                      "duration": 912,
                      "error": {
                        "message": "ReferenceError: AuthHelpers is not defined",
                        "stack": "ReferenceError: AuthHelpers is not defined\n    at /app/tests/e2e/optimized-test-suite.spec.ts:189:5",
                        "location": {
                          "file": "/app/tests/e2e/optimized-test-suite.spec.ts",
                          "column": 5,
                          "line": 189
                        },
                        "snippet": "  187 |\n  188 |   test.beforeEach(async ({ page }) => {\n> 189 |     authHelpers = new AuthHelpers(page);\n      |     ^\n  190 |     await authHelpers.quickLogin('staff');\n  191 |   });\n  192 |"
                      },
                      "errors": [
                        {
                          "location": {
                            "file": "/app/tests/e2e/optimized-test-suite.spec.ts",
                            "column": 5,
                            "line": 189
                          },
                          "message": "ReferenceError: AuthHelpers is not defined\n\n  187 |\n  188 |   test.beforeEach(async ({ page }) => {\n> 189 |     authHelpers = new AuthHelpers(page);\n      |     ^\n  190 |     await authHelpers.quickLogin('staff');\n  191 |   });\n  192 |\n    at /app/tests/e2e/optimized-test-suite.spec.ts:189:5"
                        }
                      ],
                      "stdout": [],
                      "stderr": [],
                      "retry": 2,
                      "startTime": "2025-09-03T19:28:32.250Z",
                      "annotations": [],
                      "attachments": [
                        {
                          "name": "screenshot",
                          "contentType": "image/png",
                          "path": "/app/test-results/optimized-test-suite-ðŸŽ¯-St-494cd-omplete-staff-workflow-core-docker-core-retry2/test-failed-1.png"
                        },
                        {
                          "name": "video",
                          "contentType": "video/webm",
                          "path": "/app/test-results/optimized-test-suite-ðŸŽ¯-St-494cd-omplete-staff-workflow-core-docker-core-retry2/video.webm"
                        },
                        {
                          "name": "trace",
                          "contentType": "application/zip",
                          "path": "/app/test-results/optimized-test-suite-ðŸŽ¯-St-494cd-omplete-staff-workflow-core-docker-core-retry2/trace.zip"
                        }
                      ],
                      "errorLocation": {
                        "file": "/app/tests/e2e/optimized-test-suite.spec.ts",
                        "column": 5,
                        "line": 189
                      }
                    },
                    {
                      "workerIndex": 11,
                      "parallelIndex": 0,
                      "status": "failed",
                      "duration": 704,
                      "error": {
                        "message": "ReferenceError: AuthHelpers is not defined",
                        "stack": "ReferenceError: AuthHelpers is not defined\n    at /app/tests/e2e/optimized-test-suite.spec.ts:189:5",
                        "location": {
                          "file": "/app/tests/e2e/optimized-test-suite.spec.ts",
                          "column": 5,
                          "line": 189
                        },
                        "snippet": "  187 |\n  188 |   test.beforeEach(async ({ page }) => {\n> 189 |     authHelpers = new AuthHelpers(page);\n      |     ^\n  190 |     await authHelpers.quickLogin('staff');\n  191 |   });\n  192 |"
                      },
                      "errors": [
                        {
                          "location": {
                            "file": "/app/tests/e2e/optimized-test-suite.spec.ts",
                            "column": 5,
                            "line": 189
                          },
                          "message": "ReferenceError: AuthHelpers is not defined\n\n  187 |\n  188 |   test.beforeEach(async ({ page }) => {\n> 189 |     authHelpers = new AuthHelpers(page);\n      |     ^\n  190 |     await authHelpers.quickLogin('staff');\n  191 |   });\n  192 |\n    at /app/tests/e2e/optimized-test-suite.spec.ts:189:5"
                        }
                      ],
                      "stdout": [],
                      "stderr": [],
                      "retry": 3,
                      "startTime": "2025-09-03T19:28:35.744Z",
                      "annotations": [],
                      "attachments": [
                        {
                          "name": "screenshot",
                          "contentType": "image/png",
                          "path": "/app/test-results/optimized-test-suite-ðŸŽ¯-St-494cd-omplete-staff-workflow-core-docker-core-retry3/test-failed-1.png"
                        },
                        {
                          "name": "video",
                          "contentType": "video/webm",
                          "path": "/app/test-results/optimized-test-suite-ðŸŽ¯-St-494cd-omplete-staff-workflow-core-docker-core-retry3/video.webm"
                        },
                        {
                          "name": "trace",
                          "contentType": "application/zip",
                          "path": "/app/test-results/optimized-test-suite-ðŸŽ¯-St-494cd-omplete-staff-workflow-core-docker-core-retry3/trace.zip"
                        }
                      ],
                      "errorLocation": {
                        "file": "/app/tests/e2e/optimized-test-suite.spec.ts",
                        "column": 5,
                        "line": 189
                      }
                    }
                  ],
                  "status": "unexpected"
                }
              ],
              "id": "17e7f8c5616d93753744-7c4006d7054904053ba3",
              "file": "optimized-test-suite.spec.ts",
              "line": 193,
              "column": 7
            },
            {
              "title": "admin features visibility @admin",
              "ok": false,
              "tags": [
                "admin"
              ],
              "tests": [
                {
                  "timeout": 120000,
                  "annotations": [],
                  "expectedStatus": "passed",
                  "projectId": "docker-core",
                  "projectName": "docker-core",
                  "results": [
                    {
                      "workerIndex": 12,
                      "parallelIndex": 1,
                      "status": "failed",
                      "duration": 883,
                      "error": {
                        "message": "ReferenceError: AuthHelpers is not defined",
                        "stack": "ReferenceError: AuthHelpers is not defined\n    at /app/tests/e2e/optimized-test-suite.spec.ts:189:5",
                        "location": {
                          "file": "/app/tests/e2e/optimized-test-suite.spec.ts",
                          "column": 5,
                          "line": 189
                        },
                        "snippet": "  187 |\n  188 |   test.beforeEach(async ({ page }) => {\n> 189 |     authHelpers = new AuthHelpers(page);\n      |     ^\n  190 |     await authHelpers.quickLogin('staff');\n  191 |   });\n  192 |"
                      },
                      "errors": [
                        {
                          "location": {
                            "file": "/app/tests/e2e/optimized-test-suite.spec.ts",
                            "column": 5,
                            "line": 189
                          },
                          "message": "ReferenceError: AuthHelpers is not defined\n\n  187 |\n  188 |   test.beforeEach(async ({ page }) => {\n> 189 |     authHelpers = new AuthHelpers(page);\n      |     ^\n  190 |     await authHelpers.quickLogin('staff');\n  191 |   });\n  192 |\n    at /app/tests/e2e/optimized-test-suite.spec.ts:189:5"
                        }
                      ],
                      "stdout": [],
                      "stderr": [],
                      "retry": 0,
                      "startTime": "2025-09-03T19:28:36.440Z",
                      "annotations": [],
                      "attachments": [
                        {
                          "name": "screenshot",
                          "contentType": "image/png",
                          "path": "/app/test-results/optimized-test-suite-ðŸŽ¯-St-a8d48-n-features-visibility-admin-docker-core/test-failed-1.png"
                        },
                        {
                          "name": "video",
                          "contentType": "video/webm",
                          "path": "/app/test-results/optimized-test-suite-ðŸŽ¯-St-a8d48-n-features-visibility-admin-docker-core/video.webm"
                        },
                        {
                          "name": "trace",
                          "contentType": "application/zip",
                          "path": "/app/test-results/optimized-test-suite-ðŸŽ¯-St-a8d48-n-features-visibility-admin-docker-core/trace.zip"
                        }
                      ],
                      "errorLocation": {
                        "file": "/app/tests/e2e/optimized-test-suite.spec.ts",
                        "column": 5,
                        "line": 189
                      }
                    },
                    {
                      "workerIndex": 14,
                      "parallelIndex": 1,
                      "status": "failed",
                      "duration": 518,
                      "error": {
                        "message": "ReferenceError: AuthHelpers is not defined",
                        "stack": "ReferenceError: AuthHelpers is not defined\n    at /app/tests/e2e/optimized-test-suite.spec.ts:189:5",
                        "location": {
                          "file": "/app/tests/e2e/optimized-test-suite.spec.ts",
                          "column": 5,
                          "line": 189
                        },
                        "snippet": "  187 |\n  188 |   test.beforeEach(async ({ page }) => {\n> 189 |     authHelpers = new AuthHelpers(page);\n      |     ^\n  190 |     await authHelpers.quickLogin('staff');\n  191 |   });\n  192 |"
                      },
                      "errors": [
                        {
                          "location": {
                            "file": "/app/tests/e2e/optimized-test-suite.spec.ts",
                            "column": 5,
                            "line": 189
                          },
                          "message": "ReferenceError: AuthHelpers is not defined\n\n  187 |\n  188 |   test.beforeEach(async ({ page }) => {\n> 189 |     authHelpers = new AuthHelpers(page);\n      |     ^\n  190 |     await authHelpers.quickLogin('staff');\n  191 |   });\n  192 |\n    at /app/tests/e2e/optimized-test-suite.spec.ts:189:5"
                        }
                      ],
                      "stdout": [],
                      "stderr": [],
                      "retry": 1,
                      "startTime": "2025-09-03T19:28:39.041Z",
                      "annotations": [],
                      "attachments": [
                        {
                          "name": "screenshot",
                          "contentType": "image/png",
                          "path": "/app/test-results/optimized-test-suite-ðŸŽ¯-St-a8d48-n-features-visibility-admin-docker-core-retry1/test-failed-1.png"
                        },
                        {
                          "name": "video",
                          "contentType": "video/webm",
                          "path": "/app/test-results/optimized-test-suite-ðŸŽ¯-St-a8d48-n-features-visibility-admin-docker-core-retry1/video.webm"
                        },
                        {
                          "name": "trace",
                          "contentType": "application/zip",
                          "path": "/app/test-results/optimized-test-suite-ðŸŽ¯-St-a8d48-n-features-visibility-admin-docker-core-retry1/trace.zip"
                        }
                      ],
                      "errorLocation": {
                        "file": "/app/tests/e2e/optimized-test-suite.spec.ts",
                        "column": 5,
                        "line": 189
                      }
                    },
                    {
                      "workerIndex": 17,
                      "parallelIndex": 1,
                      "status": "failed",
                      "duration": 546,
                      "error": {
                        "message": "ReferenceError: AuthHelpers is not defined",
                        "stack": "ReferenceError: AuthHelpers is not defined\n    at /app/tests/e2e/optimized-test-suite.spec.ts:189:5",
                        "location": {
                          "file": "/app/tests/e2e/optimized-test-suite.spec.ts",
                          "column": 5,
                          "line": 189
                        },
                        "snippet": "  187 |\n  188 |   test.beforeEach(async ({ page }) => {\n> 189 |     authHelpers = new AuthHelpers(page);\n      |     ^\n  190 |     await authHelpers.quickLogin('staff');\n  191 |   });\n  192 |"
                      },
                      "errors": [
                        {
                          "location": {
                            "file": "/app/tests/e2e/optimized-test-suite.spec.ts",
                            "column": 5,
                            "line": 189
                          },
                          "message": "ReferenceError: AuthHelpers is not defined\n\n  187 |\n  188 |   test.beforeEach(async ({ page }) => {\n> 189 |     authHelpers = new AuthHelpers(page);\n      |     ^\n  190 |     await authHelpers.quickLogin('staff');\n  191 |   });\n  192 |\n    at /app/tests/e2e/optimized-test-suite.spec.ts:189:5"
                        }
                      ],
                      "stdout": [],
                      "stderr": [],
                      "retry": 2,
                      "startTime": "2025-09-03T19:28:42.438Z",
                      "annotations": [],
                      "attachments": [
                        {
                          "name": "screenshot",
                          "contentType": "image/png",
                          "path": "/app/test-results/optimized-test-suite-ðŸŽ¯-St-a8d48-n-features-visibility-admin-docker-core-retry2/test-failed-1.png"
                        },
                        {
                          "name": "video",
                          "contentType": "video/webm",
                          "path": "/app/test-results/optimized-test-suite-ðŸŽ¯-St-a8d48-n-features-visibility-admin-docker-core-retry2/video.webm"
                        },
                        {
                          "name": "trace",
                          "contentType": "application/zip",
                          "path": "/app/test-results/optimized-test-suite-ðŸŽ¯-St-a8d48-n-features-visibility-admin-docker-core-retry2/trace.zip"
                        }
                      ],
                      "errorLocation": {
                        "file": "/app/tests/e2e/optimized-test-suite.spec.ts",
                        "column": 5,
                        "line": 189
                      }
                    },
                    {
                      "workerIndex": 19,
                      "parallelIndex": 1,
                      "status": "failed",
                      "duration": 535,
                      "error": {
                        "message": "ReferenceError: AuthHelpers is not defined",
                        "stack": "ReferenceError: AuthHelpers is not defined\n    at /app/tests/e2e/optimized-test-suite.spec.ts:189:5",
                        "location": {
                          "file": "/app/tests/e2e/optimized-test-suite.spec.ts",
                          "column": 5,
                          "line": 189
                        },
                        "snippet": "  187 |\n  188 |   test.beforeEach(async ({ page }) => {\n> 189 |     authHelpers = new AuthHelpers(page);\n      |     ^\n  190 |     await authHelpers.quickLogin('staff');\n  191 |   });\n  192 |"
                      },
                      "errors": [
                        {
                          "location": {
                            "file": "/app/tests/e2e/optimized-test-suite.spec.ts",
                            "column": 5,
                            "line": 189
                          },
                          "message": "ReferenceError: AuthHelpers is not defined\n\n  187 |\n  188 |   test.beforeEach(async ({ page }) => {\n> 189 |     authHelpers = new AuthHelpers(page);\n      |     ^\n  190 |     await authHelpers.quickLogin('staff');\n  191 |   });\n  192 |\n    at /app/tests/e2e/optimized-test-suite.spec.ts:189:5"
                        }
                      ],
                      "stdout": [],
                      "stderr": [],
                      "retry": 3,
                      "startTime": "2025-09-03T19:28:44.359Z",
                      "annotations": [],
                      "attachments": [
                        {
                          "name": "screenshot",
                          "contentType": "image/png",
                          "path": "/app/test-results/optimized-test-suite-ðŸŽ¯-St-a8d48-n-features-visibility-admin-docker-core-retry3/test-failed-1.png"
                        },
                        {
                          "name": "video",
                          "contentType": "video/webm",
                          "path": "/app/test-results/optimized-test-suite-ðŸŽ¯-St-a8d48-n-features-visibility-admin-docker-core-retry3/video.webm"
                        },
                        {
                          "name": "trace",
                          "contentType": "application/zip",
                          "path": "/app/test-results/optimized-test-suite-ðŸŽ¯-St-a8d48-n-features-visibility-admin-docker-core-retry3/trace.zip"
                        }
                      ],
                      "errorLocation": {
                        "file": "/app/tests/e2e/optimized-test-suite.spec.ts",
                        "column": 5,
                        "line": 189
                      }
                    }
                  ],
                  "status": "unexpected"
                }
              ],
              "id": "17e7f8c5616d93753744-d62503390297a7906fb4",
              "file": "optimized-test-suite.spec.ts",
              "line": 237,
              "column": 7
            }
          ]
        },
        {
          "title": "ðŸŽ¯ Driver Portal Journey",
          "file": "optimized-test-suite.spec.ts",
          "line": 258,
          "column": 6,
          "specs": [
            {
              "title": "complete driver workflow @core",
              "ok": false,
              "tags": [
                "core"
              ],
              "tests": [
                {
                  "timeout": 120000,
                  "annotations": [],
                  "expectedStatus": "passed",
                  "projectId": "docker-core",
                  "projectName": "docker-core",
                  "results": [
                    {
                      "workerIndex": 13,
                      "parallelIndex": 0,
                      "status": "failed",
                      "duration": 607,
                      "error": {
                        "message": "ReferenceError: AuthHelpers is not defined",
                        "stack": "ReferenceError: AuthHelpers is not defined\n    at /app/tests/e2e/optimized-test-suite.spec.ts:262:5",
                        "location": {
                          "file": "/app/tests/e2e/optimized-test-suite.spec.ts",
                          "column": 5,
                          "line": 262
                        },
                        "snippet": "  260 |\n  261 |   test.beforeEach(async ({ page }) => {\n> 262 |     authHelpers = new AuthHelpers(page);\n      |     ^\n  263 |     await authHelpers.quickLogin('driver');\n  264 |   });\n  265 |"
                      },
                      "errors": [
                        {
                          "location": {
                            "file": "/app/tests/e2e/optimized-test-suite.spec.ts",
                            "column": 5,
                            "line": 262
                          },
                          "message": "ReferenceError: AuthHelpers is not defined\n\n  260 |\n  261 |   test.beforeEach(async ({ page }) => {\n> 262 |     authHelpers = new AuthHelpers(page);\n      |     ^\n  263 |     await authHelpers.quickLogin('driver');\n  264 |   });\n  265 |\n    at /app/tests/e2e/optimized-test-suite.spec.ts:262:5"
                        }
                      ],
                      "stdout": [],
                      "stderr": [],
                      "retry": 0,
                      "startTime": "2025-09-03T19:28:38.358Z",
                      "annotations": [],
                      "attachments": [
                        {
                          "name": "screenshot",
                          "contentType": "image/png",
                          "path": "/app/test-results/optimized-test-suite-ðŸŽ¯-Dr-c1bd3-mplete-driver-workflow-core-docker-core/test-failed-1.png"
                        },
                        {
                          "name": "video",
                          "contentType": "video/webm",
                          "path": "/app/test-results/optimized-test-suite-ðŸŽ¯-Dr-c1bd3-mplete-driver-workflow-core-docker-core/video.webm"
                        },
                        {
                          "name": "trace",
                          "contentType": "application/zip",
                          "path": "/app/test-results/optimized-test-suite-ðŸŽ¯-Dr-c1bd3-mplete-driver-workflow-core-docker-core/trace.zip"
                        }
                      ],
                      "errorLocation": {
                        "file": "/app/tests/e2e/optimized-test-suite.spec.ts",
                        "column": 5,
                        "line": 262
                      }
                    },
                    {
                      "workerIndex": 16,
                      "parallelIndex": 0,
                      "status": "failed",
                      "duration": 1103,
                      "error": {
                        "message": "ReferenceError: AuthHelpers is not defined",
                        "stack": "ReferenceError: AuthHelpers is not defined\n    at /app/tests/e2e/optimized-test-suite.spec.ts:262:5",
                        "location": {
                          "file": "/app/tests/e2e/optimized-test-suite.spec.ts",
                          "column": 5,
                          "line": 262
                        },
                        "snippet": "  260 |\n  261 |   test.beforeEach(async ({ page }) => {\n> 262 |     authHelpers = new AuthHelpers(page);\n      |     ^\n  263 |     await authHelpers.quickLogin('driver');\n  264 |   });\n  265 |"
                      },
                      "errors": [
                        {
                          "location": {
                            "file": "/app/tests/e2e/optimized-test-suite.spec.ts",
                            "column": 5,
                            "line": 262
                          },
                          "message": "ReferenceError: AuthHelpers is not defined\n\n  260 |\n  261 |   test.beforeEach(async ({ page }) => {\n> 262 |     authHelpers = new AuthHelpers(page);\n      |     ^\n  263 |     await authHelpers.quickLogin('driver');\n  264 |   });\n  265 |\n    at /app/tests/e2e/optimized-test-suite.spec.ts:262:5"
                        }
                      ],
                      "stdout": [],
                      "stderr": [],
                      "retry": 1,
                      "startTime": "2025-09-03T19:28:41.360Z",
                      "annotations": [],
                      "attachments": [
                        {
                          "name": "screenshot",
                          "contentType": "image/png",
                          "path": "/app/test-results/optimized-test-suite-ðŸŽ¯-Dr-c1bd3-mplete-driver-workflow-core-docker-core-retry1/test-failed-1.png"
                        },
                        {
                          "name": "video",
                          "contentType": "video/webm",
                          "path": "/app/test-results/optimized-test-suite-ðŸŽ¯-Dr-c1bd3-mplete-driver-workflow-core-docker-core-retry1/video.webm"
                        },
                        {
                          "name": "trace",
                          "contentType": "application/zip",
                          "path": "/app/test-results/optimized-test-suite-ðŸŽ¯-Dr-c1bd3-mplete-driver-workflow-core-docker-core-retry1/trace.zip"
                        }
                      ],
                      "errorLocation": {
                        "file": "/app/tests/e2e/optimized-test-suite.spec.ts",
                        "column": 5,
                        "line": 262
                      }
                    },
                    {
                      "workerIndex": 18,
                      "parallelIndex": 0,
                      "status": "failed",
                      "duration": 774,
                      "error": {
                        "message": "ReferenceError: AuthHelpers is not defined",
                        "stack": "ReferenceError: AuthHelpers is not defined\n    at /app/tests/e2e/optimized-test-suite.spec.ts:262:5",
                        "location": {
                          "file": "/app/tests/e2e/optimized-test-suite.spec.ts",
                          "column": 5,
                          "line": 262
                        },
                        "snippet": "  260 |\n  261 |   test.beforeEach(async ({ page }) => {\n> 262 |     authHelpers = new AuthHelpers(page);\n      |     ^\n  263 |     await authHelpers.quickLogin('driver');\n  264 |   });\n  265 |"
                      },
                      "errors": [
                        {
                          "location": {
                            "file": "/app/tests/e2e/optimized-test-suite.spec.ts",
                            "column": 5,
                            "line": 262
                          },
                          "message": "ReferenceError: AuthHelpers is not defined\n\n  260 |\n  261 |   test.beforeEach(async ({ page }) => {\n> 262 |     authHelpers = new AuthHelpers(page);\n      |     ^\n  263 |     await authHelpers.quickLogin('driver');\n  264 |   });\n  265 |\n    at /app/tests/e2e/optimized-test-suite.spec.ts:262:5"
                        }
                      ],
                      "stdout": [],
                      "stderr": [],
                      "retry": 2,
                      "startTime": "2025-09-03T19:28:44.061Z",
                      "annotations": [],
                      "attachments": [
                        {
                          "name": "screenshot",
                          "contentType": "image/png",
                          "path": "/app/test-results/optimized-test-suite-ðŸŽ¯-Dr-c1bd3-mplete-driver-workflow-core-docker-core-retry2/test-failed-1.png"
                        },
                        {
                          "name": "video",
                          "contentType": "video/webm",
                          "path": "/app/test-results/optimized-test-suite-ðŸŽ¯-Dr-c1bd3-mplete-driver-workflow-core-docker-core-retry2/video.webm"
                        },
                        {
                          "name": "trace",
                          "contentType": "application/zip",
                          "path": "/app/test-results/optimized-test-suite-ðŸŽ¯-Dr-c1bd3-mplete-driver-workflow-core-docker-core-retry2/trace.zip"
                        }
                      ],
                      "errorLocation": {
                        "file": "/app/tests/e2e/optimized-test-suite.spec.ts",
                        "column": 5,
                        "line": 262
                      }
                    },
                    {
                      "workerIndex": 20,
                      "parallelIndex": 0,
                      "status": "failed",
                      "duration": 624,
                      "error": {
                        "message": "ReferenceError: AuthHelpers is not defined",
                        "stack": "ReferenceError: AuthHelpers is not defined\n    at /app/tests/e2e/optimized-test-suite.spec.ts:262:5",
                        "location": {
                          "file": "/app/tests/e2e/optimized-test-suite.spec.ts",
                          "column": 5,
                          "line": 262
                        },
                        "snippet": "  260 |\n  261 |   test.beforeEach(async ({ page }) => {\n> 262 |     authHelpers = new AuthHelpers(page);\n      |     ^\n  263 |     await authHelpers.quickLogin('driver');\n  264 |   });\n  265 |"
                      },
                      "errors": [
                        {
                          "location": {
                            "file": "/app/tests/e2e/optimized-test-suite.spec.ts",
                            "column": 5,
                            "line": 262
                          },
                          "message": "ReferenceError: AuthHelpers is not defined\n\n  260 |\n  261 |   test.beforeEach(async ({ page }) => {\n> 262 |     authHelpers = new AuthHelpers(page);\n      |     ^\n  263 |     await authHelpers.quickLogin('driver');\n  264 |   });\n  265 |\n    at /app/tests/e2e/optimized-test-suite.spec.ts:262:5"
                        }
                      ],
                      "stdout": [],
                      "stderr": [],
                      "retry": 3,
                      "startTime": "2025-09-03T19:28:46.452Z",
                      "annotations": [],
                      "attachments": [
                        {
                          "name": "screenshot",
                          "contentType": "image/png",
                          "path": "/app/test-results/optimized-test-suite-ðŸŽ¯-Dr-c1bd3-mplete-driver-workflow-core-docker-core-retry3/test-failed-1.png"
                        },
                        {
                          "name": "video",
                          "contentType": "video/webm",
                          "path": "/app/test-results/optimized-test-suite-ðŸŽ¯-Dr-c1bd3-mplete-driver-workflow-core-docker-core-retry3/video.webm"
                        },
                        {
                          "name": "trace",
                          "contentType": "application/zip",
                          "path": "/app/test-results/optimized-test-suite-ðŸŽ¯-Dr-c1bd3-mplete-driver-workflow-core-docker-core-retry3/trace.zip"
                        }
                      ],
                      "errorLocation": {
                        "file": "/app/tests/e2e/optimized-test-suite.spec.ts",
                        "column": 5,
                        "line": 262
                      }
                    }
                  ],
                  "status": "unexpected"
                }
              ],
              "id": "17e7f8c5616d93753744-c716c6569da040a61db8",
              "file": "optimized-test-suite.spec.ts",
              "line": 266,
              "column": 7
            }
          ]
        },
        {
          "title": "ðŸ”„ Unified Authentication System",
          "file": "optimized-test-suite.spec.ts",
          "line": 306,
          "column": 6,
          "specs": [
            {
              "title": "unified login redirects to correct portal @auth",
              "ok": false,
              "tags": [
                "auth"
              ],
              "tests": [
                {
                  "timeout": 120000,
                  "annotations": [],
                  "expectedStatus": "passed",
                  "projectId": "docker-core",
                  "projectName": "docker-core",
                  "results": [
                    {
                      "workerIndex": 21,
                      "parallelIndex": 1,
                      "status": "failed",
                      "duration": 19721,
                      "error": {
                        "message": "TimeoutError: page.waitForURL: Timeout 15000ms exceeded.\n=========================== logs ===========================\nwaiting for navigation until \"load\"\n  navigated to \"chrome-error://chromewebdata/\"\n============================================================",
                        "stack": "TimeoutError: page.waitForURL: Timeout 15000ms exceeded.\n=========================== logs ===========================\nwaiting for navigation until \"load\"\n  navigated to \"chrome-error://chromewebdata/\"\n============================================================\n    at /app/tests/e2e/optimized-test-suite.spec.ts:338:18",
                        "location": {
                          "file": "/app/tests/e2e/optimized-test-suite.spec.ts",
                          "column": 18,
                          "line": 338
                        },
                        "snippet": "  336 |\n  337 |       // Should redirect to correct portal (handle trailing slash)\n> 338 |       await page.waitForURL(new RegExp(expectedPath.replace('/', '\\\\/') + '\\\\/?$'), {\n      |                  ^\n  339 |         timeout: 15000,\n  340 |       });\n  341 |"
                      },
                      "errors": [
                        {
                          "location": {
                            "file": "/app/tests/e2e/optimized-test-suite.spec.ts",
                            "column": 18,
                            "line": 338
                          },
                          "message": "TimeoutError: page.waitForURL: Timeout 15000ms exceeded.\n=========================== logs ===========================\nwaiting for navigation until \"load\"\n  navigated to \"chrome-error://chromewebdata/\"\n============================================================\n\n  336 |\n  337 |       // Should redirect to correct portal (handle trailing slash)\n> 338 |       await page.waitForURL(new RegExp(expectedPath.replace('/', '\\\\/') + '\\\\/?$'), {\n      |                  ^\n  339 |         timeout: 15000,\n  340 |       });\n  341 |\n    at /app/tests/e2e/optimized-test-suite.spec.ts:338:18"
                        }
                      ],
                      "stdout": [],
                      "stderr": [],
                      "retry": 0,
                      "startTime": "2025-09-03T19:28:46.845Z",
                      "annotations": [],
                      "attachments": [
                        {
                          "name": "screenshot",
                          "contentType": "image/png",
                          "path": "/app/test-results/optimized-test-suite-ðŸ”„-Un-df343-ects-to-correct-portal-auth-docker-core/test-failed-1.png"
                        },
                        {
                          "name": "video",
                          "contentType": "video/webm",
                          "path": "/app/test-results/optimized-test-suite-ðŸ”„-Un-df343-ects-to-correct-portal-auth-docker-core/video.webm"
                        },
                        {
                          "name": "trace",
                          "contentType": "application/zip",
                          "path": "/app/test-results/optimized-test-suite-ðŸ”„-Un-df343-ects-to-correct-portal-auth-docker-core/trace.zip"
                        }
                      ],
                      "errorLocation": {
                        "file": "/app/tests/e2e/optimized-test-suite.spec.ts",
                        "column": 18,
                        "line": 338
                      }
                    },
                    {
                      "workerIndex": 26,
                      "parallelIndex": 1,
                      "status": "failed",
                      "duration": 20697,
                      "error": {
                        "message": "TimeoutError: page.waitForURL: Timeout 15000ms exceeded.\n=========================== logs ===========================\nwaiting for navigation until \"load\"\n  navigated to \"chrome-error://chromewebdata/\"\n============================================================",
                        "stack": "TimeoutError: page.waitForURL: Timeout 15000ms exceeded.\n=========================== logs ===========================\nwaiting for navigation until \"load\"\n  navigated to \"chrome-error://chromewebdata/\"\n============================================================\n    at /app/tests/e2e/optimized-test-suite.spec.ts:338:18",
                        "location": {
                          "file": "/app/tests/e2e/optimized-test-suite.spec.ts",
                          "column": 18,
                          "line": 338
                        },
                        "snippet": "  336 |\n  337 |       // Should redirect to correct portal (handle trailing slash)\n> 338 |       await page.waitForURL(new RegExp(expectedPath.replace('/', '\\\\/') + '\\\\/?$'), {\n      |                  ^\n  339 |         timeout: 15000,\n  340 |       });\n  341 |"
                      },
                      "errors": [
                        {
                          "location": {
                            "file": "/app/tests/e2e/optimized-test-suite.spec.ts",
                            "column": 18,
                            "line": 338
                          },
                          "message": "TimeoutError: page.waitForURL: Timeout 15000ms exceeded.\n=========================== logs ===========================\nwaiting for navigation until \"load\"\n  navigated to \"chrome-error://chromewebdata/\"\n============================================================\n\n  336 |\n  337 |       // Should redirect to correct portal (handle trailing slash)\n> 338 |       await page.waitForURL(new RegExp(expectedPath.replace('/', '\\\\/') + '\\\\/?$'), {\n      |                  ^\n  339 |         timeout: 15000,\n  340 |       });\n  341 |\n    at /app/tests/e2e/optimized-test-suite.spec.ts:338:18"
                        }
                      ],
                      "stdout": [],
                      "stderr": [],
                      "retry": 1,
                      "startTime": "2025-09-03T19:29:09.143Z",
                      "annotations": [],
                      "attachments": [
                        {
                          "name": "screenshot",
                          "contentType": "image/png",
                          "path": "/app/test-results/optimized-test-suite-ðŸ”„-Un-df343-ects-to-correct-portal-auth-docker-core-retry1/test-failed-1.png"
                        },
                        {
                          "name": "video",
                          "contentType": "video/webm",
                          "path": "/app/test-results/optimized-test-suite-ðŸ”„-Un-df343-ects-to-correct-portal-auth-docker-core-retry1/video.webm"
                        },
                        {
                          "name": "trace",
                          "contentType": "application/zip",
                          "path": "/app/test-results/optimized-test-suite-ðŸ”„-Un-df343-ects-to-correct-portal-auth-docker-core-retry1/trace.zip"
                        }
                      ],
                      "errorLocation": {
                        "file": "/app/tests/e2e/optimized-test-suite.spec.ts",
                        "column": 18,
                        "line": 338
                      }
                    },
                    {
                      "workerIndex": 32,
                      "parallelIndex": 1,
                      "status": "failed",
                      "duration": 20301,
                      "error": {
                        "message": "TimeoutError: page.waitForURL: Timeout 15000ms exceeded.\n=========================== logs ===========================\nwaiting for navigation until \"load\"\n============================================================",
                        "stack": "TimeoutError: page.waitForURL: Timeout 15000ms exceeded.\n=========================== logs ===========================\nwaiting for navigation until \"load\"\n============================================================\n    at /app/tests/e2e/optimized-test-suite.spec.ts:338:18",
                        "location": {
                          "file": "/app/tests/e2e/optimized-test-suite.spec.ts",
                          "column": 18,
                          "line": 338
                        },
                        "snippet": "  336 |\n  337 |       // Should redirect to correct portal (handle trailing slash)\n> 338 |       await page.waitForURL(new RegExp(expectedPath.replace('/', '\\\\/') + '\\\\/?$'), {\n      |                  ^\n  339 |         timeout: 15000,\n  340 |       });\n  341 |"
                      },
                      "errors": [
                        {
                          "location": {
                            "file": "/app/tests/e2e/optimized-test-suite.spec.ts",
                            "column": 18,
                            "line": 338
                          },
                          "message": "TimeoutError: page.waitForURL: Timeout 15000ms exceeded.\n=========================== logs ===========================\nwaiting for navigation until \"load\"\n============================================================\n\n  336 |\n  337 |       // Should redirect to correct portal (handle trailing slash)\n> 338 |       await page.waitForURL(new RegExp(expectedPath.replace('/', '\\\\/') + '\\\\/?$'), {\n      |                  ^\n  339 |         timeout: 15000,\n  340 |       });\n  341 |\n    at /app/tests/e2e/optimized-test-suite.spec.ts:338:18"
                        }
                      ],
                      "stdout": [],
                      "stderr": [],
                      "retry": 2,
                      "startTime": "2025-09-03T19:29:32.243Z",
                      "annotations": [],
                      "attachments": [
                        {
                          "name": "screenshot",
                          "contentType": "image/png",
                          "path": "/app/test-results/optimized-test-suite-ðŸ”„-Un-df343-ects-to-correct-portal-auth-docker-core-retry2/test-failed-1.png"
                        },
                        {
                          "name": "video",
                          "contentType": "video/webm",
                          "path": "/app/test-results/optimized-test-suite-ðŸ”„-Un-df343-ects-to-correct-portal-auth-docker-core-retry2/video.webm"
                        },
                        {
                          "name": "trace",
                          "contentType": "application/zip",
                          "path": "/app/test-results/optimized-test-suite-ðŸ”„-Un-df343-ects-to-correct-portal-auth-docker-core-retry2/trace.zip"
                        }
                      ],
                      "errorLocation": {
                        "file": "/app/tests/e2e/optimized-test-suite.spec.ts",
                        "column": 18,
                        "line": 338
                      }
                    },
                    {
                      "workerIndex": 39,
                      "parallelIndex": 1,
                      "status": "failed",
                      "duration": 3593,
                      "error": {
                        "message": "Error: page.waitForURL: net::ERR_FAILED\n=========================== logs ===========================\nwaiting for navigation until \"load\"\n============================================================",
                        "stack": "Error: page.waitForURL: net::ERR_FAILED\n=========================== logs ===========================\nwaiting for navigation until \"load\"\n============================================================\n    at /app/tests/e2e/optimized-test-suite.spec.ts:338:18",
                        "location": {
                          "file": "/app/tests/e2e/optimized-test-suite.spec.ts",
                          "column": 18,
                          "line": 338
                        },
                        "snippet": "  336 |\n  337 |       // Should redirect to correct portal (handle trailing slash)\n> 338 |       await page.waitForURL(new RegExp(expectedPath.replace('/', '\\\\/') + '\\\\/?$'), {\n      |                  ^\n  339 |         timeout: 15000,\n  340 |       });\n  341 |"
                      },
                      "errors": [
                        {
                          "location": {
                            "file": "/app/tests/e2e/optimized-test-suite.spec.ts",
                            "column": 18,
                            "line": 338
                          },
                          "message": "Error: page.waitForURL: net::ERR_FAILED\n=========================== logs ===========================\nwaiting for navigation until \"load\"\n============================================================\n\n  336 |\n  337 |       // Should redirect to correct portal (handle trailing slash)\n> 338 |       await page.waitForURL(new RegExp(expectedPath.replace('/', '\\\\/') + '\\\\/?$'), {\n      |                  ^\n  339 |         timeout: 15000,\n  340 |       });\n  341 |\n    at /app/tests/e2e/optimized-test-suite.spec.ts:338:18"
                        }
                      ],
                      "stdout": [],
                      "stderr": [],
                      "retry": 3,
                      "startTime": "2025-09-03T19:29:54.843Z",
                      "annotations": [],
                      "attachments": [
                        {
                          "name": "screenshot",
                          "contentType": "image/png",
                          "path": "/app/test-results/optimized-test-suite-ðŸ”„-Un-df343-ects-to-correct-portal-auth-docker-core-retry3/test-failed-1.png"
                        },
                        {
                          "name": "video",
                          "contentType": "video/webm",
                          "path": "/app/test-results/optimized-test-suite-ðŸ”„-Un-df343-ects-to-correct-portal-auth-docker-core-retry3/video.webm"
                        },
                        {
                          "name": "trace",
                          "contentType": "application/zip",
                          "path": "/app/test-results/optimized-test-suite-ðŸ”„-Un-df343-ects-to-correct-portal-auth-docker-core-retry3/trace.zip"
                        }
                      ],
                      "errorLocation": {
                        "file": "/app/tests/e2e/optimized-test-suite.spec.ts",
                        "column": 18,
                        "line": 338
                      }
                    }
                  ],
                  "status": "unexpected"
                }
              ],
              "id": "17e7f8c5616d93753744-29a31524483809f1ef93",
              "file": "optimized-test-suite.spec.ts",
              "line": 307,
              "column": 7
            },
            {
              "title": "portal switching functionality @auth",
              "ok": false,
              "tags": [
                "auth"
              ],
              "tests": [
                {
                  "timeout": 120000,
                  "annotations": [],
                  "expectedStatus": "passed",
                  "projectId": "docker-core",
                  "projectName": "docker-core",
                  "results": [
                    {
                      "workerIndex": 23,
                      "parallelIndex": 0,
                      "status": "failed",
                      "duration": 20289,
                      "error": {
                        "message": "TimeoutError: page.waitForURL: Timeout 15000ms exceeded.\n=========================== logs ===========================\nwaiting for navigation until \"load\"\n============================================================",
                        "stack": "TimeoutError: page.waitForURL: Timeout 15000ms exceeded.\n=========================== logs ===========================\nwaiting for navigation until \"load\"\n============================================================\n    at /app/tests/e2e/optimized-test-suite.spec.ts:358:16",
                        "location": {
                          "file": "/app/tests/e2e/optimized-test-suite.spec.ts",
                          "column": 16,
                          "line": 358
                        },
                        "snippet": "  356 |     await adminButton.click();\n  357 |\n> 358 |     await page.waitForURL(/\\/staff\\/?$/, { timeout: 15000 });\n      |                ^\n  359 |\n  360 |     // Look for portal switcher (if implemented)\n  361 |     const portalSwitcher = page"
                      },
                      "errors": [
                        {
                          "location": {
                            "file": "/app/tests/e2e/optimized-test-suite.spec.ts",
                            "column": 16,
                            "line": 358
                          },
                          "message": "TimeoutError: page.waitForURL: Timeout 15000ms exceeded.\n=========================== logs ===========================\nwaiting for navigation until \"load\"\n============================================================\n\n  356 |     await adminButton.click();\n  357 |\n> 358 |     await page.waitForURL(/\\/staff\\/?$/, { timeout: 15000 });\n      |                ^\n  359 |\n  360 |     // Look for portal switcher (if implemented)\n  361 |     const portalSwitcher = page\n    at /app/tests/e2e/optimized-test-suite.spec.ts:358:16"
                        }
                      ],
                      "stdout": [],
                      "stderr": [],
                      "retry": 0,
                      "startTime": "2025-09-03T19:28:50.053Z",
                      "annotations": [],
                      "attachments": [
                        {
                          "name": "screenshot",
                          "contentType": "image/png",
                          "path": "/app/test-results/optimized-test-suite-ðŸ”„-Un-96a0e-witching-functionality-auth-docker-core/test-failed-1.png"
                        },
                        {
                          "name": "video",
                          "contentType": "video/webm",
                          "path": "/app/test-results/optimized-test-suite-ðŸ”„-Un-96a0e-witching-functionality-auth-docker-core/video.webm"
                        },
                        {
                          "name": "trace",
                          "contentType": "application/zip",
                          "path": "/app/test-results/optimized-test-suite-ðŸ”„-Un-96a0e-witching-functionality-auth-docker-core/trace.zip"
                        }
                      ],
                      "errorLocation": {
                        "file": "/app/tests/e2e/optimized-test-suite.spec.ts",
                        "column": 16,
                        "line": 358
                      }
                    },
                    {
                      "workerIndex": 28,
                      "parallelIndex": 0,
                      "status": "failed",
                      "duration": 19199,
                      "error": {
                        "message": "TimeoutError: page.waitForURL: Timeout 15000ms exceeded.\n=========================== logs ===========================\nwaiting for navigation until \"load\"\n============================================================",
                        "stack": "TimeoutError: page.waitForURL: Timeout 15000ms exceeded.\n=========================== logs ===========================\nwaiting for navigation until \"load\"\n============================================================\n    at /app/tests/e2e/optimized-test-suite.spec.ts:358:16",
                        "location": {
                          "file": "/app/tests/e2e/optimized-test-suite.spec.ts",
                          "column": 16,
                          "line": 358
                        },
                        "snippet": "  356 |     await adminButton.click();\n  357 |\n> 358 |     await page.waitForURL(/\\/staff\\/?$/, { timeout: 15000 });\n      |                ^\n  359 |\n  360 |     // Look for portal switcher (if implemented)\n  361 |     const portalSwitcher = page"
                      },
                      "errors": [
                        {
                          "location": {
                            "file": "/app/tests/e2e/optimized-test-suite.spec.ts",
                            "column": 16,
                            "line": 358
                          },
                          "message": "TimeoutError: page.waitForURL: Timeout 15000ms exceeded.\n=========================== logs ===========================\nwaiting for navigation until \"load\"\n============================================================\n\n  356 |     await adminButton.click();\n  357 |\n> 358 |     await page.waitForURL(/\\/staff\\/?$/, { timeout: 15000 });\n      |                ^\n  359 |\n  360 |     // Look for portal switcher (if implemented)\n  361 |     const portalSwitcher = page\n    at /app/tests/e2e/optimized-test-suite.spec.ts:358:16"
                        }
                      ],
                      "stdout": [],
                      "stderr": [],
                      "retry": 1,
                      "startTime": "2025-09-03T19:29:12.773Z",
                      "annotations": [],
                      "attachments": [
                        {
                          "name": "screenshot",
                          "contentType": "image/png",
                          "path": "/app/test-results/optimized-test-suite-ðŸ”„-Un-96a0e-witching-functionality-auth-docker-core-retry1/test-failed-1.png"
                        },
                        {
                          "name": "video",
                          "contentType": "video/webm",
                          "path": "/app/test-results/optimized-test-suite-ðŸ”„-Un-96a0e-witching-functionality-auth-docker-core-retry1/video.webm"
                        },
                        {
                          "name": "trace",
                          "contentType": "application/zip",
                          "path": "/app/test-results/optimized-test-suite-ðŸ”„-Un-96a0e-witching-functionality-auth-docker-core-retry1/trace.zip"
                        }
                      ],
                      "errorLocation": {
                        "file": "/app/tests/e2e/optimized-test-suite.spec.ts",
                        "column": 16,
                        "line": 358
                      }
                    },
                    {
                      "workerIndex": 34,
                      "parallelIndex": 0,
                      "status": "failed",
                      "duration": 20484,
                      "error": {
                        "message": "TimeoutError: page.waitForURL: Timeout 15000ms exceeded.\n=========================== logs ===========================\nwaiting for navigation until \"load\"\n============================================================",
                        "stack": "TimeoutError: page.waitForURL: Timeout 15000ms exceeded.\n=========================== logs ===========================\nwaiting for navigation until \"load\"\n============================================================\n    at /app/tests/e2e/optimized-test-suite.spec.ts:358:16",
                        "location": {
                          "file": "/app/tests/e2e/optimized-test-suite.spec.ts",
                          "column": 16,
                          "line": 358
                        },
                        "snippet": "  356 |     await adminButton.click();\n  357 |\n> 358 |     await page.waitForURL(/\\/staff\\/?$/, { timeout: 15000 });\n      |                ^\n  359 |\n  360 |     // Look for portal switcher (if implemented)\n  361 |     const portalSwitcher = page"
                      },
                      "errors": [
                        {
                          "location": {
                            "file": "/app/tests/e2e/optimized-test-suite.spec.ts",
                            "column": 16,
                            "line": 358
                          },
                          "message": "TimeoutError: page.waitForURL: Timeout 15000ms exceeded.\n=========================== logs ===========================\nwaiting for navigation until \"load\"\n============================================================\n\n  356 |     await adminButton.click();\n  357 |\n> 358 |     await page.waitForURL(/\\/staff\\/?$/, { timeout: 15000 });\n      |                ^\n  359 |\n  360 |     // Look for portal switcher (if implemented)\n  361 |     const portalSwitcher = page\n    at /app/tests/e2e/optimized-test-suite.spec.ts:358:16"
                        }
                      ],
                      "stdout": [],
                      "stderr": [],
                      "retry": 2,
                      "startTime": "2025-09-03T19:29:34.474Z",
                      "annotations": [],
                      "attachments": [
                        {
                          "name": "screenshot",
                          "contentType": "image/png",
                          "path": "/app/test-results/optimized-test-suite-ðŸ”„-Un-96a0e-witching-functionality-auth-docker-core-retry2/test-failed-1.png"
                        },
                        {
                          "name": "video",
                          "contentType": "video/webm",
                          "path": "/app/test-results/optimized-test-suite-ðŸ”„-Un-96a0e-witching-functionality-auth-docker-core-retry2/video.webm"
                        },
                        {
                          "name": "trace",
                          "contentType": "application/zip",
                          "path": "/app/test-results/optimized-test-suite-ðŸ”„-Un-96a0e-witching-functionality-auth-docker-core-retry2/trace.zip"
                        }
                      ],
                      "errorLocation": {
                        "file": "/app/tests/e2e/optimized-test-suite.spec.ts",
                        "column": 16,
                        "line": 358
                      }
                    },
                    {
                      "workerIndex": 40,
                      "parallelIndex": 0,
                      "status": "failed",
                      "duration": 18963,
                      "error": {
                        "message": "TimeoutError: page.waitForURL: Timeout 15000ms exceeded.\n=========================== logs ===========================\nwaiting for navigation until \"load\"\n============================================================",
                        "stack": "TimeoutError: page.waitForURL: Timeout 15000ms exceeded.\n=========================== logs ===========================\nwaiting for navigation until \"load\"\n============================================================\n    at /app/tests/e2e/optimized-test-suite.spec.ts:358:16",
                        "location": {
                          "file": "/app/tests/e2e/optimized-test-suite.spec.ts",
                          "column": 16,
                          "line": 358
                        },
                        "snippet": "  356 |     await adminButton.click();\n  357 |\n> 358 |     await page.waitForURL(/\\/staff\\/?$/, { timeout: 15000 });\n      |                ^\n  359 |\n  360 |     // Look for portal switcher (if implemented)\n  361 |     const portalSwitcher = page"
                      },
                      "errors": [
                        {
                          "location": {
                            "file": "/app/tests/e2e/optimized-test-suite.spec.ts",
                            "column": 16,
                            "line": 358
                          },
                          "message": "TimeoutError: page.waitForURL: Timeout 15000ms exceeded.\n=========================== logs ===========================\nwaiting for navigation until \"load\"\n============================================================\n\n  356 |     await adminButton.click();\n  357 |\n> 358 |     await page.waitForURL(/\\/staff\\/?$/, { timeout: 15000 });\n      |                ^\n  359 |\n  360 |     // Look for portal switcher (if implemented)\n  361 |     const portalSwitcher = page\n    at /app/tests/e2e/optimized-test-suite.spec.ts:358:16"
                        }
                      ],
                      "stdout": [],
                      "stderr": [],
                      "retry": 3,
                      "startTime": "2025-09-03T19:29:56.966Z",
                      "annotations": [],
                      "attachments": [
                        {
                          "name": "screenshot",
                          "contentType": "image/png",
                          "path": "/app/test-results/optimized-test-suite-ðŸ”„-Un-96a0e-witching-functionality-auth-docker-core-retry3/test-failed-1.png"
                        },
                        {
                          "name": "video",
                          "contentType": "video/webm",
                          "path": "/app/test-results/optimized-test-suite-ðŸ”„-Un-96a0e-witching-functionality-auth-docker-core-retry3/video.webm"
                        },
                        {
                          "name": "trace",
                          "contentType": "application/zip",
                          "path": "/app/test-results/optimized-test-suite-ðŸ”„-Un-96a0e-witching-functionality-auth-docker-core-retry3/trace.zip"
                        }
                      ],
                      "errorLocation": {
                        "file": "/app/tests/e2e/optimized-test-suite.spec.ts",
                        "column": 16,
                        "line": 358
                      }
                    }
                  ],
                  "status": "unexpected"
                }
              ],
              "id": "17e7f8c5616d93753744-63932130e873d9f915f0",
              "file": "optimized-test-suite.spec.ts",
              "line": 349,
              "column": 7
            }
          ]
        },
        {
          "title": "ðŸ“„ Page Load Verification",
          "file": "optimized-test-suite.spec.ts",
          "line": 379,
          "column": 6,
          "specs": [
            {
              "title": "all pages load without 500/404 errors @pages",
              "ok": false,
              "tags": [
                "pages"
              ],
              "tests": [
                {
                  "timeout": 120000,
                  "annotations": [],
                  "expectedStatus": "passed",
                  "projectId": "docker-core",
                  "projectName": "docker-core",
                  "results": [
                    {
                      "workerIndex": 24,
                      "parallelIndex": 2,
                      "status": "failed",
                      "duration": 6070,
                      "error": {
                        "message": "Error: page.goto: net::ERR_FAILED at http://localhost:8849/register\nCall log:\n\u001b[2m  - navigating to \"http://localhost:8849/register\", waiting until \"load\"\u001b[22m\n",
                        "stack": "Error: page.goto: net::ERR_FAILED at http://localhost:8849/register\nCall log:\n\u001b[2m  - navigating to \"http://localhost:8849/register\", waiting until \"load\"\u001b[22m\n\n    at /app/tests/e2e/optimized-test-suite.spec.ts:406:20",
                        "location": {
                          "file": "/app/tests/e2e/optimized-test-suite.spec.ts",
                          "column": 20,
                          "line": 406
                        },
                        "snippet": "  404 |\n  405 |         // Navigate to page\n> 406 |         await page.goto(pageTest.path);\n      |                    ^\n  407 |         await page.waitForTimeout(2000);\n  408 |\n  409 |         // Verify no critical errors"
                      },
                      "errors": [
                        {
                          "location": {
                            "file": "/app/tests/e2e/optimized-test-suite.spec.ts",
                            "column": 20,
                            "line": 406
                          },
                          "message": "Error: page.goto: net::ERR_FAILED at http://localhost:8849/register\nCall log:\n\u001b[2m  - navigating to \"http://localhost:8849/register\", waiting until \"load\"\u001b[22m\n\n\n  404 |\n  405 |         // Navigate to page\n> 406 |         await page.goto(pageTest.path);\n      |                    ^\n  407 |         await page.waitForTimeout(2000);\n  408 |\n  409 |         // Verify no critical errors\n    at /app/tests/e2e/optimized-test-suite.spec.ts:406:20"
                        }
                      ],
                      "stdout": [
                        {
                          "text": "âœ… Homepage loads successfully\n"
                        },
                        {
                          "text": "âœ… Login loads successfully\n"
                        },
                        {
                          "text": "âŒ Register failed: page.goto: net::ERR_FAILED at http://localhost:8849/register\nCall log:\n\u001b[2m  - navigating to \"http://localhost:8849/register\", waiting until \"load\"\u001b[22m\n\n"
                        }
                      ],
                      "stderr": [],
                      "retry": 0,
                      "startTime": "2025-09-03T19:28:53.550Z",
                      "annotations": [],
                      "attachments": [
                        {
                          "name": "screenshot",
                          "contentType": "image/png",
                          "path": "/app/test-results/optimized-test-suite-ðŸ“„-Pa-7b6a6-ithout-500-404-errors-pages-docker-core/test-failed-1.png"
                        },
                        {
                          "name": "video",
                          "contentType": "video/webm",
                          "path": "/app/test-results/optimized-test-suite-ðŸ“„-Pa-7b6a6-ithout-500-404-errors-pages-docker-core/video.webm"
                        },
                        {
                          "name": "trace",
                          "contentType": "application/zip",
                          "path": "/app/test-results/optimized-test-suite-ðŸ“„-Pa-7b6a6-ithout-500-404-errors-pages-docker-core/trace.zip"
                        }
                      ],
                      "errorLocation": {
                        "file": "/app/tests/e2e/optimized-test-suite.spec.ts",
                        "column": 20,
                        "line": 406
                      }
                    },
                    {
                      "workerIndex": 25,
                      "parallelIndex": 2,
                      "status": "failed",
                      "duration": 6466,
                      "error": {
                        "message": "Error: page.goto: net::ERR_FAILED at http://localhost:8849/register\nCall log:\n\u001b[2m  - navigating to \"http://localhost:8849/register\", waiting until \"load\"\u001b[22m\n",
                        "stack": "Error: page.goto: net::ERR_FAILED at http://localhost:8849/register\nCall log:\n\u001b[2m  - navigating to \"http://localhost:8849/register\", waiting until \"load\"\u001b[22m\n\n    at /app/tests/e2e/optimized-test-suite.spec.ts:406:20",
                        "location": {
                          "file": "/app/tests/e2e/optimized-test-suite.spec.ts",
                          "column": 20,
                          "line": 406
                        },
                        "snippet": "  404 |\n  405 |         // Navigate to page\n> 406 |         await page.goto(pageTest.path);\n      |                    ^\n  407 |         await page.waitForTimeout(2000);\n  408 |\n  409 |         // Verify no critical errors"
                      },
                      "errors": [
                        {
                          "location": {
                            "file": "/app/tests/e2e/optimized-test-suite.spec.ts",
                            "column": 20,
                            "line": 406
                          },
                          "message": "Error: page.goto: net::ERR_FAILED at http://localhost:8849/register\nCall log:\n\u001b[2m  - navigating to \"http://localhost:8849/register\", waiting until \"load\"\u001b[22m\n\n\n  404 |\n  405 |         // Navigate to page\n> 406 |         await page.goto(pageTest.path);\n      |                    ^\n  407 |         await page.waitForTimeout(2000);\n  408 |\n  409 |         // Verify no critical errors\n    at /app/tests/e2e/optimized-test-suite.spec.ts:406:20"
                        }
                      ],
                      "stdout": [
                        {
                          "text": "âœ… Homepage loads successfully\n"
                        },
                        {
                          "text": "âœ… Login loads successfully\n"
                        },
                        {
                          "text": "âŒ Register failed: page.goto: net::ERR_FAILED at http://localhost:8849/register\nCall log:\n\u001b[2m  - navigating to \"http://localhost:8849/register\", waiting until \"load\"\u001b[22m\n\n"
                        }
                      ],
                      "stderr": [],
                      "retry": 1,
                      "startTime": "2025-09-03T19:29:00.247Z",
                      "annotations": [],
                      "attachments": [
                        {
                          "name": "screenshot",
                          "contentType": "image/png",
                          "path": "/app/test-results/optimized-test-suite-ðŸ“„-Pa-7b6a6-ithout-500-404-errors-pages-docker-core-retry1/test-failed-1.png"
                        },
                        {
                          "name": "video",
                          "contentType": "video/webm",
                          "path": "/app/test-results/optimized-test-suite-ðŸ“„-Pa-7b6a6-ithout-500-404-errors-pages-docker-core-retry1/video.webm"
                        },
                        {
                          "name": "trace",
                          "contentType": "application/zip",
                          "path": "/app/test-results/optimized-test-suite-ðŸ“„-Pa-7b6a6-ithout-500-404-errors-pages-docker-core-retry1/trace.zip"
                        }
                      ],
                      "errorLocation": {
                        "file": "/app/tests/e2e/optimized-test-suite.spec.ts",
                        "column": 20,
                        "line": 406
                      }
                    },
                    {
                      "workerIndex": 27,
                      "parallelIndex": 2,
                      "status": "failed",
                      "duration": 8025,
                      "error": {
                        "message": "Error: page.goto: net::ERR_FAILED at http://localhost:8849/register\nCall log:\n\u001b[2m  - navigating to \"http://localhost:8849/register\", waiting until \"load\"\u001b[22m\n",
                        "stack": "Error: page.goto: net::ERR_FAILED at http://localhost:8849/register\nCall log:\n\u001b[2m  - navigating to \"http://localhost:8849/register\", waiting until \"load\"\u001b[22m\n\n    at /app/tests/e2e/optimized-test-suite.spec.ts:406:20",
                        "location": {
                          "file": "/app/tests/e2e/optimized-test-suite.spec.ts",
                          "column": 20,
                          "line": 406
                        },
                        "snippet": "  404 |\n  405 |         // Navigate to page\n> 406 |         await page.goto(pageTest.path);\n      |                    ^\n  407 |         await page.waitForTimeout(2000);\n  408 |\n  409 |         // Verify no critical errors"
                      },
                      "errors": [
                        {
                          "location": {
                            "file": "/app/tests/e2e/optimized-test-suite.spec.ts",
                            "column": 20,
                            "line": 406
                          },
                          "message": "Error: page.goto: net::ERR_FAILED at http://localhost:8849/register\nCall log:\n\u001b[2m  - navigating to \"http://localhost:8849/register\", waiting until \"load\"\u001b[22m\n\n\n  404 |\n  405 |         // Navigate to page\n> 406 |         await page.goto(pageTest.path);\n      |                    ^\n  407 |         await page.waitForTimeout(2000);\n  408 |\n  409 |         // Verify no critical errors\n    at /app/tests/e2e/optimized-test-suite.spec.ts:406:20"
                        }
                      ],
                      "stdout": [
                        {
                          "text": "âœ… Homepage loads successfully\n"
                        },
                        {
                          "text": "âœ… Login loads successfully\n"
                        },
                        {
                          "text": "âŒ Register failed: page.goto: net::ERR_FAILED at http://localhost:8849/register\nCall log:\n\u001b[2m  - navigating to \"http://localhost:8849/register\", waiting until \"load\"\u001b[22m\n\n"
                        }
                      ],
                      "stderr": [],
                      "retry": 2,
                      "startTime": "2025-09-03T19:29:09.147Z",
                      "annotations": [],
                      "attachments": [
                        {
                          "name": "screenshot",
                          "contentType": "image/png",
                          "path": "/app/test-results/optimized-test-suite-ðŸ“„-Pa-7b6a6-ithout-500-404-errors-pages-docker-core-retry2/test-failed-1.png"
                        },
                        {
                          "name": "video",
                          "contentType": "video/webm",
                          "path": "/app/test-results/optimized-test-suite-ðŸ“„-Pa-7b6a6-ithout-500-404-errors-pages-docker-core-retry2/video.webm"
                        },
                        {
                          "name": "trace",
                          "contentType": "application/zip",
                          "path": "/app/test-results/optimized-test-suite-ðŸ“„-Pa-7b6a6-ithout-500-404-errors-pages-docker-core-retry2/trace.zip"
                        }
                      ],
                      "errorLocation": {
                        "file": "/app/tests/e2e/optimized-test-suite.spec.ts",
                        "column": 20,
                        "line": 406
                      }
                    },
                    {
                      "workerIndex": 29,
                      "parallelIndex": 2,
                      "status": "failed",
                      "duration": 6099,
                      "error": {
                        "message": "Error: page.goto: net::ERR_FAILED at http://localhost:8849/register\nCall log:\n\u001b[2m  - navigating to \"http://localhost:8849/register\", waiting until \"load\"\u001b[22m\n",
                        "stack": "Error: page.goto: net::ERR_FAILED at http://localhost:8849/register\nCall log:\n\u001b[2m  - navigating to \"http://localhost:8849/register\", waiting until \"load\"\u001b[22m\n\n    at /app/tests/e2e/optimized-test-suite.spec.ts:406:20",
                        "location": {
                          "file": "/app/tests/e2e/optimized-test-suite.spec.ts",
                          "column": 20,
                          "line": 406
                        },
                        "snippet": "  404 |\n  405 |         // Navigate to page\n> 406 |         await page.goto(pageTest.path);\n      |                    ^\n  407 |         await page.waitForTimeout(2000);\n  408 |\n  409 |         // Verify no critical errors"
                      },
                      "errors": [
                        {
                          "location": {
                            "file": "/app/tests/e2e/optimized-test-suite.spec.ts",
                            "column": 20,
                            "line": 406
                          },
                          "message": "Error: page.goto: net::ERR_FAILED at http://localhost:8849/register\nCall log:\n\u001b[2m  - navigating to \"http://localhost:8849/register\", waiting until \"load\"\u001b[22m\n\n\n  404 |\n  405 |         // Navigate to page\n> 406 |         await page.goto(pageTest.path);\n      |                    ^\n  407 |         await page.waitForTimeout(2000);\n  408 |\n  409 |         // Verify no critical errors\n    at /app/tests/e2e/optimized-test-suite.spec.ts:406:20"
                        }
                      ],
                      "stdout": [
                        {
                          "text": "âœ… Homepage loads successfully\n"
                        },
                        {
                          "text": "âœ… Login loads successfully\n"
                        },
                        {
                          "text": "âŒ Register failed: page.goto: net::ERR_FAILED at http://localhost:8849/register\nCall log:\n\u001b[2m  - navigating to \"http://localhost:8849/register\", waiting until \"load\"\u001b[22m\n\n"
                        }
                      ],
                      "stderr": [],
                      "retry": 3,
                      "startTime": "2025-09-03T19:29:18.048Z",
                      "annotations": [],
                      "attachments": [
                        {
                          "name": "screenshot",
                          "contentType": "image/png",
                          "path": "/app/test-results/optimized-test-suite-ðŸ“„-Pa-7b6a6-ithout-500-404-errors-pages-docker-core-retry3/test-failed-1.png"
                        },
                        {
                          "name": "video",
                          "contentType": "video/webm",
                          "path": "/app/test-results/optimized-test-suite-ðŸ“„-Pa-7b6a6-ithout-500-404-errors-pages-docker-core-retry3/video.webm"
                        },
                        {
                          "name": "trace",
                          "contentType": "application/zip",
                          "path": "/app/test-results/optimized-test-suite-ðŸ“„-Pa-7b6a6-ithout-500-404-errors-pages-docker-core-retry3/trace.zip"
                        }
                      ],
                      "errorLocation": {
                        "file": "/app/tests/e2e/optimized-test-suite.spec.ts",
                        "column": 20,
                        "line": 406
                      }
                    }
                  ],
                  "status": "unexpected"
                }
              ],
              "id": "17e7f8c5616d93753744-3e5024a7b1b7b7d3262f",
              "file": "optimized-test-suite.spec.ts",
              "line": 392,
              "column": 7
            }
          ]
        },
        {
          "title": "âš¡ Performance & Stability",
          "file": "optimized-test-suite.spec.ts",
          "line": 441,
          "column": 6,
          "specs": [
            {
              "title": "page load performance within limits @performance",
              "ok": false,
              "tags": [
                "performance"
              ],
              "tests": [
                {
                  "timeout": 120000,
                  "annotations": [],
                  "expectedStatus": "passed",
                  "projectId": "docker-core",
                  "projectName": "docker-core",
                  "results": [
                    {
                      "workerIndex": 30,
                      "parallelIndex": 2,
                      "status": "failed",
                      "duration": 1866,
                      "error": {
                        "message": "Error: page.goto: net::ERR_FAILED at http://localhost:8849/portal\nCall log:\n\u001b[2m  - navigating to \"http://localhost:8849/portal\", waiting until \"load\"\u001b[22m\n",
                        "stack": "Error: page.goto: net::ERR_FAILED at http://localhost:8849/portal\nCall log:\n\u001b[2m  - navigating to \"http://localhost:8849/portal\", waiting until \"load\"\u001b[22m\n\n    at /app/tests/e2e/optimized-test-suite.spec.ts:452:18",
                        "location": {
                          "file": "/app/tests/e2e/optimized-test-suite.spec.ts",
                          "column": 18,
                          "line": 452
                        },
                        "snippet": "  450 |     for (const target of performanceTargets) {\n  451 |       const startTime = Date.now();\n> 452 |       await page.goto(target.path);\n      |                  ^\n  453 |       await page.locator('h1, h2, main').first().waitFor({ timeout: target.maxTime });\n  454 |       const loadTime = Date.now() - startTime;\n  455 |"
                      },
                      "errors": [
                        {
                          "location": {
                            "file": "/app/tests/e2e/optimized-test-suite.spec.ts",
                            "column": 18,
                            "line": 452
                          },
                          "message": "Error: page.goto: net::ERR_FAILED at http://localhost:8849/portal\nCall log:\n\u001b[2m  - navigating to \"http://localhost:8849/portal\", waiting until \"load\"\u001b[22m\n\n\n  450 |     for (const target of performanceTargets) {\n  451 |       const startTime = Date.now();\n> 452 |       await page.goto(target.path);\n      |                  ^\n  453 |       await page.locator('h1, h2, main').first().waitFor({ timeout: target.maxTime });\n  454 |       const loadTime = Date.now() - startTime;\n  455 |\n    at /app/tests/e2e/optimized-test-suite.spec.ts:452:18"
                        }
                      ],
                      "stdout": [
                        {
                          "text": "âœ… Homepage: 797ms (target: 5000ms)\n"
                        },
                        {
                          "text": "âœ… Login: 704ms (target: 3000ms)\n"
                        }
                      ],
                      "stderr": [],
                      "retry": 0,
                      "startTime": "2025-09-03T19:29:24.737Z",
                      "annotations": [],
                      "attachments": [
                        {
                          "name": "screenshot",
                          "contentType": "image/png",
                          "path": "/app/test-results/optimized-test-suite-âš¡-Per-b0e51-e-within-limits-performance-docker-core/test-failed-1.png"
                        },
                        {
                          "name": "video",
                          "contentType": "video/webm",
                          "path": "/app/test-results/optimized-test-suite-âš¡-Per-b0e51-e-within-limits-performance-docker-core/video.webm"
                        },
                        {
                          "name": "trace",
                          "contentType": "application/zip",
                          "path": "/app/test-results/optimized-test-suite-âš¡-Per-b0e51-e-within-limits-performance-docker-core/trace.zip"
                        }
                      ],
                      "errorLocation": {
                        "file": "/app/tests/e2e/optimized-test-suite.spec.ts",
                        "column": 18,
                        "line": 452
                      }
                    },
                    {
                      "workerIndex": 31,
                      "parallelIndex": 2,
                      "status": "failed",
                      "duration": 4260,
                      "error": {
                        "message": "Error: page.goto: net::ERR_FAILED at http://localhost:8849/portal\nCall log:\n\u001b[2m  - navigating to \"http://localhost:8849/portal\", waiting until \"load\"\u001b[22m\n",
                        "stack": "Error: page.goto: net::ERR_FAILED at http://localhost:8849/portal\nCall log:\n\u001b[2m  - navigating to \"http://localhost:8849/portal\", waiting until \"load\"\u001b[22m\n\n    at /app/tests/e2e/optimized-test-suite.spec.ts:452:18",
                        "location": {
                          "file": "/app/tests/e2e/optimized-test-suite.spec.ts",
                          "column": 18,
                          "line": 452
                        },
                        "snippet": "  450 |     for (const target of performanceTargets) {\n  451 |       const startTime = Date.now();\n> 452 |       await page.goto(target.path);\n      |                  ^\n  453 |       await page.locator('h1, h2, main').first().waitFor({ timeout: target.maxTime });\n  454 |       const loadTime = Date.now() - startTime;\n  455 |"
                      },
                      "errors": [
                        {
                          "location": {
                            "file": "/app/tests/e2e/optimized-test-suite.spec.ts",
                            "column": 18,
                            "line": 452
                          },
                          "message": "Error: page.goto: net::ERR_FAILED at http://localhost:8849/portal\nCall log:\n\u001b[2m  - navigating to \"http://localhost:8849/portal\", waiting until \"load\"\u001b[22m\n\n\n  450 |     for (const target of performanceTargets) {\n  451 |       const startTime = Date.now();\n> 452 |       await page.goto(target.path);\n      |                  ^\n  453 |       await page.locator('h1, h2, main').first().waitFor({ timeout: target.maxTime });\n  454 |       const loadTime = Date.now() - startTime;\n  455 |\n    at /app/tests/e2e/optimized-test-suite.spec.ts:452:18"
                        }
                      ],
                      "stdout": [
                        {
                          "text": "âœ… Homepage: 1380ms (target: 5000ms)\n"
                        },
                        {
                          "text": "âœ… Login: 1918ms (target: 3000ms)\n"
                        }
                      ],
                      "stderr": [],
                      "retry": 1,
                      "startTime": "2025-09-03T19:29:27.147Z",
                      "annotations": [],
                      "attachments": [
                        {
                          "name": "screenshot",
                          "contentType": "image/png",
                          "path": "/app/test-results/optimized-test-suite-âš¡-Per-b0e51-e-within-limits-performance-docker-core-retry1/test-failed-1.png"
                        },
                        {
                          "name": "video",
                          "contentType": "video/webm",
                          "path": "/app/test-results/optimized-test-suite-âš¡-Per-b0e51-e-within-limits-performance-docker-core-retry1/video.webm"
                        },
                        {
                          "name": "trace",
                          "contentType": "application/zip",
                          "path": "/app/test-results/optimized-test-suite-âš¡-Per-b0e51-e-within-limits-performance-docker-core-retry1/trace.zip"
                        }
                      ],
                      "errorLocation": {
                        "file": "/app/tests/e2e/optimized-test-suite.spec.ts",
                        "column": 18,
                        "line": 452
                      }
                    },
                    {
                      "workerIndex": 33,
                      "parallelIndex": 2,
                      "status": "failed",
                      "duration": 4713,
                      "error": {
                        "message": "Error: page.goto: net::ERR_FAILED at http://localhost:8849/portal\nCall log:\n\u001b[2m  - navigating to \"http://localhost:8849/portal\", waiting until \"load\"\u001b[22m\n",
                        "stack": "Error: page.goto: net::ERR_FAILED at http://localhost:8849/portal\nCall log:\n\u001b[2m  - navigating to \"http://localhost:8849/portal\", waiting until \"load\"\u001b[22m\n\n    at /app/tests/e2e/optimized-test-suite.spec.ts:452:18",
                        "location": {
                          "file": "/app/tests/e2e/optimized-test-suite.spec.ts",
                          "column": 18,
                          "line": 452
                        },
                        "snippet": "  450 |     for (const target of performanceTargets) {\n  451 |       const startTime = Date.now();\n> 452 |       await page.goto(target.path);\n      |                  ^\n  453 |       await page.locator('h1, h2, main').first().waitFor({ timeout: target.maxTime });\n  454 |       const loadTime = Date.now() - startTime;\n  455 |"
                      },
                      "errors": [
                        {
                          "location": {
                            "file": "/app/tests/e2e/optimized-test-suite.spec.ts",
                            "column": 18,
                            "line": 452
                          },
                          "message": "Error: page.goto: net::ERR_FAILED at http://localhost:8849/portal\nCall log:\n\u001b[2m  - navigating to \"http://localhost:8849/portal\", waiting until \"load\"\u001b[22m\n\n\n  450 |     for (const target of performanceTargets) {\n  451 |       const startTime = Date.now();\n> 452 |       await page.goto(target.path);\n      |                  ^\n  453 |       await page.locator('h1, h2, main').first().waitFor({ timeout: target.maxTime });\n  454 |       const loadTime = Date.now() - startTime;\n  455 |\n    at /app/tests/e2e/optimized-test-suite.spec.ts:452:18"
                        }
                      ],
                      "stdout": [
                        {
                          "text": "âœ… Homepage: 2506ms (target: 5000ms)\n"
                        },
                        {
                          "text": "âœ… Login: 1603ms (target: 3000ms)\n"
                        }
                      ],
                      "stderr": [],
                      "retry": 2,
                      "startTime": "2025-09-03T19:29:33.255Z",
                      "annotations": [],
                      "attachments": [
                        {
                          "name": "screenshot",
                          "contentType": "image/png",
                          "path": "/app/test-results/optimized-test-suite-âš¡-Per-b0e51-e-within-limits-performance-docker-core-retry2/test-failed-1.png"
                        },
                        {
                          "name": "video",
                          "contentType": "video/webm",
                          "path": "/app/test-results/optimized-test-suite-âš¡-Per-b0e51-e-within-limits-performance-docker-core-retry2/video.webm"
                        },
                        {
                          "name": "trace",
                          "contentType": "application/zip",
                          "path": "/app/test-results/optimized-test-suite-âš¡-Per-b0e51-e-within-limits-performance-docker-core-retry2/trace.zip"
                        }
                      ],
                      "errorLocation": {
                        "file": "/app/tests/e2e/optimized-test-suite.spec.ts",
                        "column": 18,
                        "line": 452
                      }
                    },
                    {
                      "workerIndex": 35,
                      "parallelIndex": 2,
                      "status": "failed",
                      "duration": 2166,
                      "error": {
                        "message": "Error: page.goto: net::ERR_FAILED at http://localhost:8849/portal\nCall log:\n\u001b[2m  - navigating to \"http://localhost:8849/portal\", waiting until \"load\"\u001b[22m\n",
                        "stack": "Error: page.goto: net::ERR_FAILED at http://localhost:8849/portal\nCall log:\n\u001b[2m  - navigating to \"http://localhost:8849/portal\", waiting until \"load\"\u001b[22m\n\n    at /app/tests/e2e/optimized-test-suite.spec.ts:452:18",
                        "location": {
                          "file": "/app/tests/e2e/optimized-test-suite.spec.ts",
                          "column": 18,
                          "line": 452
                        },
                        "snippet": "  450 |     for (const target of performanceTargets) {\n  451 |       const startTime = Date.now();\n> 452 |       await page.goto(target.path);\n      |                  ^\n  453 |       await page.locator('h1, h2, main').first().waitFor({ timeout: target.maxTime });\n  454 |       const loadTime = Date.now() - startTime;\n  455 |"
                      },
                      "errors": [
                        {
                          "location": {
                            "file": "/app/tests/e2e/optimized-test-suite.spec.ts",
                            "column": 18,
                            "line": 452
                          },
                          "message": "Error: page.goto: net::ERR_FAILED at http://localhost:8849/portal\nCall log:\n\u001b[2m  - navigating to \"http://localhost:8849/portal\", waiting until \"load\"\u001b[22m\n\n\n  450 |     for (const target of performanceTargets) {\n  451 |       const startTime = Date.now();\n> 452 |       await page.goto(target.path);\n      |                  ^\n  453 |       await page.locator('h1, h2, main').first().waitFor({ timeout: target.maxTime });\n  454 |       const loadTime = Date.now() - startTime;\n  455 |\n    at /app/tests/e2e/optimized-test-suite.spec.ts:452:18"
                        }
                      ],
                      "stdout": [
                        {
                          "text": "âœ… Homepage: 878ms (target: 5000ms)\n"
                        },
                        {
                          "text": "âœ… Login: 798ms (target: 3000ms)\n"
                        }
                      ],
                      "stderr": [],
                      "retry": 3,
                      "startTime": "2025-09-03T19:29:38.757Z",
                      "annotations": [],
                      "attachments": [
                        {
                          "name": "screenshot",
                          "contentType": "image/png",
                          "path": "/app/test-results/optimized-test-suite-âš¡-Per-b0e51-e-within-limits-performance-docker-core-retry3/test-failed-1.png"
                        },
                        {
                          "name": "video",
                          "contentType": "video/webm",
                          "path": "/app/test-results/optimized-test-suite-âš¡-Per-b0e51-e-within-limits-performance-docker-core-retry3/video.webm"
                        },
                        {
                          "name": "trace",
                          "contentType": "application/zip",
                          "path": "/app/test-results/optimized-test-suite-âš¡-Per-b0e51-e-within-limits-performance-docker-core-retry3/trace.zip"
                        }
                      ],
                      "errorLocation": {
                        "file": "/app/tests/e2e/optimized-test-suite.spec.ts",
                        "column": 18,
                        "line": 452
                      }
                    }
                  ],
                  "status": "unexpected"
                }
              ],
              "id": "17e7f8c5616d93753744-779da049d2e2cb959b22",
              "file": "optimized-test-suite.spec.ts",
              "line": 442,
              "column": 7
            },
            {
              "title": "error boundary and crash detection @stability",
              "ok": false,
              "tags": [
                "stability"
              ],
              "tests": [
                {
                  "timeout": 120000,
                  "annotations": [],
                  "expectedStatus": "passed",
                  "projectId": "docker-core",
                  "projectName": "docker-core",
                  "results": [
                    {
                      "workerIndex": 36,
                      "parallelIndex": 2,
                      "status": "failed",
                      "duration": 3752,
                      "error": {
                        "message": "Error: page.goto: net::ERR_FAILED at http://localhost:8849/portal\nCall log:\n\u001b[2m  - navigating to \"http://localhost:8849/portal\", waiting until \"load\"\u001b[22m\n",
                        "stack": "Error: page.goto: net::ERR_FAILED at http://localhost:8849/portal\nCall log:\n\u001b[2m  - navigating to \"http://localhost:8849/portal\", waiting until \"load\"\u001b[22m\n\n    at /app/tests/e2e/optimized-test-suite.spec.ts:474:18",
                        "location": {
                          "file": "/app/tests/e2e/optimized-test-suite.spec.ts",
                          "column": 18,
                          "line": 474
                        },
                        "snippet": "  472 |\n  473 |     for (const path of paths) {\n> 474 |       await page.goto(path);\n      |                  ^\n  475 |       await page.waitForTimeout(1000);\n  476 |     }\n  477 |"
                      },
                      "errors": [
                        {
                          "location": {
                            "file": "/app/tests/e2e/optimized-test-suite.spec.ts",
                            "column": 18,
                            "line": 474
                          },
                          "message": "Error: page.goto: net::ERR_FAILED at http://localhost:8849/portal\nCall log:\n\u001b[2m  - navigating to \"http://localhost:8849/portal\", waiting until \"load\"\u001b[22m\n\n\n  472 |\n  473 |     for (const path of paths) {\n> 474 |       await page.goto(path);\n      |                  ^\n  475 |       await page.waitForTimeout(1000);\n  476 |     }\n  477 |\n    at /app/tests/e2e/optimized-test-suite.spec.ts:474:18"
                        }
                      ],
                      "stdout": [],
                      "stderr": [],
                      "retry": 0,
                      "startTime": "2025-09-03T19:29:41.968Z",
                      "annotations": [],
                      "attachments": [
                        {
                          "name": "screenshot",
                          "contentType": "image/png",
                          "path": "/app/test-results/optimized-test-suite-âš¡-Per-0b981-d-crash-detection-stability-docker-core/test-failed-1.png"
                        },
                        {
                          "name": "video",
                          "contentType": "video/webm",
                          "path": "/app/test-results/optimized-test-suite-âš¡-Per-0b981-d-crash-detection-stability-docker-core/video.webm"
                        },
                        {
                          "name": "trace",
                          "contentType": "application/zip",
                          "path": "/app/test-results/optimized-test-suite-âš¡-Per-0b981-d-crash-detection-stability-docker-core/trace.zip"
                        }
                      ],
                      "errorLocation": {
                        "file": "/app/tests/e2e/optimized-test-suite.spec.ts",
                        "column": 18,
                        "line": 474
                      }
                    },
                    {
                      "workerIndex": 37,
                      "parallelIndex": 2,
                      "status": "failed",
                      "duration": 3810,
                      "error": {
                        "message": "Error: page.goto: net::ERR_FAILED at http://localhost:8849/portal\nCall log:\n\u001b[2m  - navigating to \"http://localhost:8849/portal\", waiting until \"load\"\u001b[22m\n",
                        "stack": "Error: page.goto: net::ERR_FAILED at http://localhost:8849/portal\nCall log:\n\u001b[2m  - navigating to \"http://localhost:8849/portal\", waiting until \"load\"\u001b[22m\n\n    at /app/tests/e2e/optimized-test-suite.spec.ts:474:18",
                        "location": {
                          "file": "/app/tests/e2e/optimized-test-suite.spec.ts",
                          "column": 18,
                          "line": 474
                        },
                        "snippet": "  472 |\n  473 |     for (const path of paths) {\n> 474 |       await page.goto(path);\n      |                  ^\n  475 |       await page.waitForTimeout(1000);\n  476 |     }\n  477 |"
                      },
                      "errors": [
                        {
                          "location": {
                            "file": "/app/tests/e2e/optimized-test-suite.spec.ts",
                            "column": 18,
                            "line": 474
                          },
                          "message": "Error: page.goto: net::ERR_FAILED at http://localhost:8849/portal\nCall log:\n\u001b[2m  - navigating to \"http://localhost:8849/portal\", waiting until \"load\"\u001b[22m\n\n\n  472 |\n  473 |     for (const path of paths) {\n> 474 |       await page.goto(path);\n      |                  ^\n  475 |       await page.waitForTimeout(1000);\n  476 |     }\n  477 |\n    at /app/tests/e2e/optimized-test-suite.spec.ts:474:18"
                        }
                      ],
                      "stdout": [],
                      "stderr": [],
                      "retry": 1,
                      "startTime": "2025-09-03T19:29:46.349Z",
                      "annotations": [],
                      "attachments": [
                        {
                          "name": "screenshot",
                          "contentType": "image/png",
                          "path": "/app/test-results/optimized-test-suite-âš¡-Per-0b981-d-crash-detection-stability-docker-core-retry1/test-failed-1.png"
                        },
                        {
                          "name": "video",
                          "contentType": "video/webm",
                          "path": "/app/test-results/optimized-test-suite-âš¡-Per-0b981-d-crash-detection-stability-docker-core-retry1/video.webm"
                        },
                        {
                          "name": "trace",
                          "contentType": "application/zip",
                          "path": "/app/test-results/optimized-test-suite-âš¡-Per-0b981-d-crash-detection-stability-docker-core-retry1/trace.zip"
                        }
                      ],
                      "errorLocation": {
                        "file": "/app/tests/e2e/optimized-test-suite.spec.ts",
                        "column": 18,
                        "line": 474
                      }
                    },
                    {
                      "workerIndex": 38,
                      "parallelIndex": 2,
                      "status": "failed",
                      "duration": 7003,
                      "error": {
                        "message": "Error: page.goto: net::ERR_FAILED at http://localhost:8849/portal\nCall log:\n\u001b[2m  - navigating to \"http://localhost:8849/portal\", waiting until \"load\"\u001b[22m\n",
                        "stack": "Error: page.goto: net::ERR_FAILED at http://localhost:8849/portal\nCall log:\n\u001b[2m  - navigating to \"http://localhost:8849/portal\", waiting until \"load\"\u001b[22m\n\n    at /app/tests/e2e/optimized-test-suite.spec.ts:474:18",
                        "location": {
                          "file": "/app/tests/e2e/optimized-test-suite.spec.ts",
                          "column": 18,
                          "line": 474
                        },
                        "snippet": "  472 |\n  473 |     for (const path of paths) {\n> 474 |       await page.goto(path);\n      |                  ^\n  475 |       await page.waitForTimeout(1000);\n  476 |     }\n  477 |"
                      },
                      "errors": [
                        {
                          "location": {
                            "file": "/app/tests/e2e/optimized-test-suite.spec.ts",
                            "column": 18,
                            "line": 474
                          },
                          "message": "Error: page.goto: net::ERR_FAILED at http://localhost:8849/portal\nCall log:\n\u001b[2m  - navigating to \"http://localhost:8849/portal\", waiting until \"load\"\u001b[22m\n\n\n  472 |\n  473 |     for (const path of paths) {\n> 474 |       await page.goto(path);\n      |                  ^\n  475 |       await page.waitForTimeout(1000);\n  476 |     }\n  477 |\n    at /app/tests/e2e/optimized-test-suite.spec.ts:474:18"
                        }
                      ],
                      "stdout": [],
                      "stderr": [],
                      "retry": 2,
                      "startTime": "2025-09-03T19:29:50.959Z",
                      "annotations": [],
                      "attachments": [
                        {
                          "name": "screenshot",
                          "contentType": "image/png",
                          "path": "/app/test-results/optimized-test-suite-âš¡-Per-0b981-d-crash-detection-stability-docker-core-retry2/test-failed-1.png"
                        },
                        {
                          "name": "video",
                          "contentType": "video/webm",
                          "path": "/app/test-results/optimized-test-suite-âš¡-Per-0b981-d-crash-detection-stability-docker-core-retry2/video.webm"
                        },
                        {
                          "name": "trace",
                          "contentType": "application/zip",
                          "path": "/app/test-results/optimized-test-suite-âš¡-Per-0b981-d-crash-detection-stability-docker-core-retry2/trace.zip"
                        }
                      ],
                      "errorLocation": {
                        "file": "/app/tests/e2e/optimized-test-suite.spec.ts",
                        "column": 18,
                        "line": 474
                      }
                    },
                    {
                      "workerIndex": 41,
                      "parallelIndex": 2,
                      "status": "failed",
                      "duration": 4927,
                      "error": {
                        "message": "Error: page.goto: net::ERR_FAILED at http://localhost:8849/portal\nCall log:\n\u001b[2m  - navigating to \"http://localhost:8849/portal\", waiting until \"load\"\u001b[22m\n",
                        "stack": "Error: page.goto: net::ERR_FAILED at http://localhost:8849/portal\nCall log:\n\u001b[2m  - navigating to \"http://localhost:8849/portal\", waiting until \"load\"\u001b[22m\n\n    at /app/tests/e2e/optimized-test-suite.spec.ts:474:18",
                        "location": {
                          "file": "/app/tests/e2e/optimized-test-suite.spec.ts",
                          "column": 18,
                          "line": 474
                        },
                        "snippet": "  472 |\n  473 |     for (const path of paths) {\n> 474 |       await page.goto(path);\n      |                  ^\n  475 |       await page.waitForTimeout(1000);\n  476 |     }\n  477 |"
                      },
                      "errors": [
                        {
                          "location": {
                            "file": "/app/tests/e2e/optimized-test-suite.spec.ts",
                            "column": 18,
                            "line": 474
                          },
                          "message": "Error: page.goto: net::ERR_FAILED at http://localhost:8849/portal\nCall log:\n\u001b[2m  - navigating to \"http://localhost:8849/portal\", waiting until \"load\"\u001b[22m\n\n\n  472 |\n  473 |     for (const path of paths) {\n> 474 |       await page.goto(path);\n      |                  ^\n  475 |       await page.waitForTimeout(1000);\n  476 |     }\n  477 |\n    at /app/tests/e2e/optimized-test-suite.spec.ts:474:18"
                        }
                      ],
                      "stdout": [],
                      "stderr": [],
                      "retry": 3,
                      "startTime": "2025-09-03T19:30:00.271Z",
                      "annotations": [],
                      "attachments": [
                        {
                          "name": "screenshot",
                          "contentType": "image/png",
                          "path": "/app/test-results/optimized-test-suite-âš¡-Per-0b981-d-crash-detection-stability-docker-core-retry3/test-failed-1.png"
                        },
                        {
                          "name": "video",
                          "contentType": "video/webm",
                          "path": "/app/test-results/optimized-test-suite-âš¡-Per-0b981-d-crash-detection-stability-docker-core-retry3/video.webm"
                        },
                        {
                          "name": "trace",
                          "contentType": "application/zip",
                          "path": "/app/test-results/optimized-test-suite-âš¡-Per-0b981-d-crash-detection-stability-docker-core-retry3/trace.zip"
                        }
                      ],
                      "errorLocation": {
                        "file": "/app/tests/e2e/optimized-test-suite.spec.ts",
                        "column": 18,
                        "line": 474
                      }
                    }
                  ],
                  "status": "unexpected"
                }
              ],
              "id": "17e7f8c5616d93753744-ac33283daa62c834748b",
              "file": "optimized-test-suite.spec.ts",
              "line": 461,
              "column": 7
            }
          ]
        },
        {
          "title": "ðŸ”§ Core Feature Integration",
          "file": "optimized-test-suite.spec.ts",
          "line": 498,
          "column": 6,
          "specs": [
            {
              "title": "authentication and session management @integration",
              "ok": false,
              "tags": [
                "integration"
              ],
              "tests": [
                {
                  "timeout": 120000,
                  "annotations": [],
                  "expectedStatus": "passed",
                  "projectId": "docker-core",
                  "projectName": "docker-core",
                  "results": [
                    {
                      "workerIndex": 42,
                      "parallelIndex": 1,
                      "status": "failed",
                      "duration": 26070,
                      "error": {
                        "message": "Error: \u001b[31mTimed out 20000ms waiting for \u001b[39m\u001b[2mexpect(\u001b[22m\u001b[31mpage\u001b[39m\u001b[2m).\u001b[22mtoHaveURL\u001b[2m(\u001b[22m\u001b[32mexpected\u001b[39m\u001b[2m)\u001b[22m\n\nExpected pattern: \u001b[32m/\\/portal\\/?/\u001b[39m\nReceived string:  \u001b[31m\"chrome-error://chromewebdata/\"\u001b[39m\nCall log:\n\u001b[2m  - Expect \"toHaveURL\" with timeout 20000ms\u001b[22m\n\u001b[2m    23 Ã— unexpected value \"chrome-error://chromewebdata/\"\u001b[22m\n",
                        "stack": "Error: \u001b[31mTimed out 20000ms waiting for \u001b[39m\u001b[2mexpect(\u001b[22m\u001b[31mpage\u001b[39m\u001b[2m).\u001b[22mtoHaveURL\u001b[2m(\u001b[22m\u001b[32mexpected\u001b[39m\u001b[2m)\u001b[22m\n\nExpected pattern: \u001b[32m/\\/portal\\/?/\u001b[39m\nReceived string:  \u001b[31m\"chrome-error://chromewebdata/\"\u001b[39m\nCall log:\n\u001b[2m  - Expect \"toHaveURL\" with timeout 20000ms\u001b[22m\n\u001b[2m    23 Ã— unexpected value \"chrome-error://chromewebdata/\"\u001b[22m\n\n    at /app/tests/e2e/optimized-test-suite.spec.ts:504:24",
                        "location": {
                          "file": "/app/tests/e2e/optimized-test-suite.spec.ts",
                          "column": 24,
                          "line": 504
                        },
                        "snippet": "  502 |     // 1. Test login flow  \n  503 |     await SimpleAuthHelpers.performLogin(page, 'test@test.com', 'test123');\n> 504 |     await expect(page).toHaveURL(/\\/portal\\/?/);\n      |                        ^\n  505 |\n  506 |     // 2. Test session persistence across page loads\n  507 |     await page.reload();"
                      },
                      "errors": [
                        {
                          "location": {
                            "file": "/app/tests/e2e/optimized-test-suite.spec.ts",
                            "column": 24,
                            "line": 504
                          },
                          "message": "Error: \u001b[31mTimed out 20000ms waiting for \u001b[39m\u001b[2mexpect(\u001b[22m\u001b[31mpage\u001b[39m\u001b[2m).\u001b[22mtoHaveURL\u001b[2m(\u001b[22m\u001b[32mexpected\u001b[39m\u001b[2m)\u001b[22m\n\nExpected pattern: \u001b[32m/\\/portal\\/?/\u001b[39m\nReceived string:  \u001b[31m\"chrome-error://chromewebdata/\"\u001b[39m\nCall log:\n\u001b[2m  - Expect \"toHaveURL\" with timeout 20000ms\u001b[22m\n\u001b[2m    23 Ã— unexpected value \"chrome-error://chromewebdata/\"\u001b[22m\n\n\n  502 |     // 1. Test login flow  \n  503 |     await SimpleAuthHelpers.performLogin(page, 'test@test.com', 'test123');\n> 504 |     await expect(page).toHaveURL(/\\/portal\\/?/);\n      |                        ^\n  505 |\n  506 |     // 2. Test session persistence across page loads\n  507 |     await page.reload();\n    at /app/tests/e2e/optimized-test-suite.spec.ts:504:24"
                        }
                      ],
                      "stdout": [
                        {
                          "text": "ðŸ” Logging in as test@test.com...\n"
                        },
                        {
                          "text": "ðŸ“ Post-login URL: chrome-error://chromewebdata/\n"
                        }
                      ],
                      "stderr": [],
                      "retry": 0,
                      "startTime": "2025-09-03T19:30:00.472Z",
                      "annotations": [],
                      "attachments": [
                        {
                          "name": "screenshot",
                          "contentType": "image/png",
                          "path": "/app/test-results/optimized-test-suite-ðŸ”§-Co-79524-sion-management-integration-docker-core/test-failed-1.png"
                        },
                        {
                          "name": "video",
                          "contentType": "video/webm",
                          "path": "/app/test-results/optimized-test-suite-ðŸ”§-Co-79524-sion-management-integration-docker-core/video.webm"
                        },
                        {
                          "name": "trace",
                          "contentType": "application/zip",
                          "path": "/app/test-results/optimized-test-suite-ðŸ”§-Co-79524-sion-management-integration-docker-core/trace.zip"
                        }
                      ],
                      "errorLocation": {
                        "file": "/app/tests/e2e/optimized-test-suite.spec.ts",
                        "column": 24,
                        "line": 504
                      }
                    },
                    {
                      "workerIndex": 45,
                      "parallelIndex": 0,
                      "status": "failed",
                      "duration": 24717,
                      "error": {
                        "message": "Error: \u001b[31mTimed out 20000ms waiting for \u001b[39m\u001b[2mexpect(\u001b[22m\u001b[31mpage\u001b[39m\u001b[2m).\u001b[22mtoHaveURL\u001b[2m(\u001b[22m\u001b[32mexpected\u001b[39m\u001b[2m)\u001b[22m\n\nExpected pattern: \u001b[32m/\\/portal\\/?/\u001b[39m\nReceived string:  \u001b[31m\"chrome-error://chromewebdata/\"\u001b[39m\nCall log:\n\u001b[2m  - Expect \"toHaveURL\" with timeout 20000ms\u001b[22m\n\u001b[2m    23 Ã— unexpected value \"chrome-error://chromewebdata/\"\u001b[22m\n",
                        "stack": "Error: \u001b[31mTimed out 20000ms waiting for \u001b[39m\u001b[2mexpect(\u001b[22m\u001b[31mpage\u001b[39m\u001b[2m).\u001b[22mtoHaveURL\u001b[2m(\u001b[22m\u001b[32mexpected\u001b[39m\u001b[2m)\u001b[22m\n\nExpected pattern: \u001b[32m/\\/portal\\/?/\u001b[39m\nReceived string:  \u001b[31m\"chrome-error://chromewebdata/\"\u001b[39m\nCall log:\n\u001b[2m  - Expect \"toHaveURL\" with timeout 20000ms\u001b[22m\n\u001b[2m    23 Ã— unexpected value \"chrome-error://chromewebdata/\"\u001b[22m\n\n    at /app/tests/e2e/optimized-test-suite.spec.ts:504:24",
                        "location": {
                          "file": "/app/tests/e2e/optimized-test-suite.spec.ts",
                          "column": 24,
                          "line": 504
                        },
                        "snippet": "  502 |     // 1. Test login flow  \n  503 |     await SimpleAuthHelpers.performLogin(page, 'test@test.com', 'test123');\n> 504 |     await expect(page).toHaveURL(/\\/portal\\/?/);\n      |                        ^\n  505 |\n  506 |     // 2. Test session persistence across page loads\n  507 |     await page.reload();"
                      },
                      "errors": [
                        {
                          "location": {
                            "file": "/app/tests/e2e/optimized-test-suite.spec.ts",
                            "column": 24,
                            "line": 504
                          },
                          "message": "Error: \u001b[31mTimed out 20000ms waiting for \u001b[39m\u001b[2mexpect(\u001b[22m\u001b[31mpage\u001b[39m\u001b[2m).\u001b[22mtoHaveURL\u001b[2m(\u001b[22m\u001b[32mexpected\u001b[39m\u001b[2m)\u001b[22m\n\nExpected pattern: \u001b[32m/\\/portal\\/?/\u001b[39m\nReceived string:  \u001b[31m\"chrome-error://chromewebdata/\"\u001b[39m\nCall log:\n\u001b[2m  - Expect \"toHaveURL\" with timeout 20000ms\u001b[22m\n\u001b[2m    23 Ã— unexpected value \"chrome-error://chromewebdata/\"\u001b[22m\n\n\n  502 |     // 1. Test login flow  \n  503 |     await SimpleAuthHelpers.performLogin(page, 'test@test.com', 'test123');\n> 504 |     await expect(page).toHaveURL(/\\/portal\\/?/);\n      |                        ^\n  505 |\n  506 |     // 2. Test session persistence across page loads\n  507 |     await page.reload();\n    at /app/tests/e2e/optimized-test-suite.spec.ts:504:24"
                        }
                      ],
                      "stdout": [
                        {
                          "text": "ðŸ” Logging in as test@test.com...\n"
                        },
                        {
                          "text": "ðŸ“ Post-login URL: chrome-error://chromewebdata/\n"
                        }
                      ],
                      "stderr": [],
                      "retry": 1,
                      "startTime": "2025-09-03T19:30:27.211Z",
                      "annotations": [],
                      "attachments": [
                        {
                          "name": "screenshot",
                          "contentType": "image/png",
                          "path": "/app/test-results/optimized-test-suite-ðŸ”§-Co-79524-sion-management-integration-docker-core-retry1/test-failed-1.png"
                        },
                        {
                          "name": "video",
                          "contentType": "video/webm",
                          "path": "/app/test-results/optimized-test-suite-ðŸ”§-Co-79524-sion-management-integration-docker-core-retry1/video.webm"
                        },
                        {
                          "name": "trace",
                          "contentType": "application/zip",
                          "path": "/app/test-results/optimized-test-suite-ðŸ”§-Co-79524-sion-management-integration-docker-core-retry1/trace.zip"
                        }
                      ],
                      "errorLocation": {
                        "file": "/app/tests/e2e/optimized-test-suite.spec.ts",
                        "column": 24,
                        "line": 504
                      }
                    },
                    {
                      "workerIndex": 46,
                      "parallelIndex": 0,
                      "status": "failed",
                      "duration": 24920,
                      "error": {
                        "message": "Error: \u001b[31mTimed out 20000ms waiting for \u001b[39m\u001b[2mexpect(\u001b[22m\u001b[31mpage\u001b[39m\u001b[2m).\u001b[22mtoHaveURL\u001b[2m(\u001b[22m\u001b[32mexpected\u001b[39m\u001b[2m)\u001b[22m\n\nExpected pattern: \u001b[32m/\\/portal\\/?/\u001b[39m\nReceived string:  \u001b[31m\"chrome-error://chromewebdata/\"\u001b[39m\nCall log:\n\u001b[2m  - Expect \"toHaveURL\" with timeout 20000ms\u001b[22m\n\u001b[2m    23 Ã— unexpected value \"chrome-error://chromewebdata/\"\u001b[22m\n",
                        "stack": "Error: \u001b[31mTimed out 20000ms waiting for \u001b[39m\u001b[2mexpect(\u001b[22m\u001b[31mpage\u001b[39m\u001b[2m).\u001b[22mtoHaveURL\u001b[2m(\u001b[22m\u001b[32mexpected\u001b[39m\u001b[2m)\u001b[22m\n\nExpected pattern: \u001b[32m/\\/portal\\/?/\u001b[39m\nReceived string:  \u001b[31m\"chrome-error://chromewebdata/\"\u001b[39m\nCall log:\n\u001b[2m  - Expect \"toHaveURL\" with timeout 20000ms\u001b[22m\n\u001b[2m    23 Ã— unexpected value \"chrome-error://chromewebdata/\"\u001b[22m\n\n    at /app/tests/e2e/optimized-test-suite.spec.ts:504:24",
                        "location": {
                          "file": "/app/tests/e2e/optimized-test-suite.spec.ts",
                          "column": 24,
                          "line": 504
                        },
                        "snippet": "  502 |     // 1. Test login flow  \n  503 |     await SimpleAuthHelpers.performLogin(page, 'test@test.com', 'test123');\n> 504 |     await expect(page).toHaveURL(/\\/portal\\/?/);\n      |                        ^\n  505 |\n  506 |     // 2. Test session persistence across page loads\n  507 |     await page.reload();"
                      },
                      "errors": [
                        {
                          "location": {
                            "file": "/app/tests/e2e/optimized-test-suite.spec.ts",
                            "column": 24,
                            "line": 504
                          },
                          "message": "Error: \u001b[31mTimed out 20000ms waiting for \u001b[39m\u001b[2mexpect(\u001b[22m\u001b[31mpage\u001b[39m\u001b[2m).\u001b[22mtoHaveURL\u001b[2m(\u001b[22m\u001b[32mexpected\u001b[39m\u001b[2m)\u001b[22m\n\nExpected pattern: \u001b[32m/\\/portal\\/?/\u001b[39m\nReceived string:  \u001b[31m\"chrome-error://chromewebdata/\"\u001b[39m\nCall log:\n\u001b[2m  - Expect \"toHaveURL\" with timeout 20000ms\u001b[22m\n\u001b[2m    23 Ã— unexpected value \"chrome-error://chromewebdata/\"\u001b[22m\n\n\n  502 |     // 1. Test login flow  \n  503 |     await SimpleAuthHelpers.performLogin(page, 'test@test.com', 'test123');\n> 504 |     await expect(page).toHaveURL(/\\/portal\\/?/);\n      |                        ^\n  505 |\n  506 |     // 2. Test session persistence across page loads\n  507 |     await page.reload();\n    at /app/tests/e2e/optimized-test-suite.spec.ts:504:24"
                        }
                      ],
                      "stdout": [
                        {
                          "text": "ðŸ” Logging in as test@test.com...\n"
                        },
                        {
                          "text": "ðŸ“ Post-login URL: chrome-error://chromewebdata/\n"
                        }
                      ],
                      "stderr": [],
                      "retry": 2,
                      "startTime": "2025-09-03T19:30:52.581Z",
                      "annotations": [],
                      "attachments": [
                        {
                          "name": "screenshot",
                          "contentType": "image/png",
                          "path": "/app/test-results/optimized-test-suite-ðŸ”§-Co-79524-sion-management-integration-docker-core-retry2/test-failed-1.png"
                        },
                        {
                          "name": "video",
                          "contentType": "video/webm",
                          "path": "/app/test-results/optimized-test-suite-ðŸ”§-Co-79524-sion-management-integration-docker-core-retry2/video.webm"
                        },
                        {
                          "name": "trace",
                          "contentType": "application/zip",
                          "path": "/app/test-results/optimized-test-suite-ðŸ”§-Co-79524-sion-management-integration-docker-core-retry2/trace.zip"
                        }
                      ],
                      "errorLocation": {
                        "file": "/app/tests/e2e/optimized-test-suite.spec.ts",
                        "column": 24,
                        "line": 504
                      }
                    },
                    {
                      "workerIndex": 47,
                      "parallelIndex": 0,
                      "status": "failed",
                      "duration": 24798,
                      "error": {
                        "message": "Error: \u001b[31mTimed out 20000ms waiting for \u001b[39m\u001b[2mexpect(\u001b[22m\u001b[31mpage\u001b[39m\u001b[2m).\u001b[22mtoHaveURL\u001b[2m(\u001b[22m\u001b[32mexpected\u001b[39m\u001b[2m)\u001b[22m\n\nExpected pattern: \u001b[32m/\\/portal\\/?/\u001b[39m\nReceived string:  \u001b[31m\"chrome-error://chromewebdata/\"\u001b[39m\nCall log:\n\u001b[2m  - Expect \"toHaveURL\" with timeout 20000ms\u001b[22m\n\u001b[2m    23 Ã— unexpected value \"chrome-error://chromewebdata/\"\u001b[22m\n",
                        "stack": "Error: \u001b[31mTimed out 20000ms waiting for \u001b[39m\u001b[2mexpect(\u001b[22m\u001b[31mpage\u001b[39m\u001b[2m).\u001b[22mtoHaveURL\u001b[2m(\u001b[22m\u001b[32mexpected\u001b[39m\u001b[2m)\u001b[22m\n\nExpected pattern: \u001b[32m/\\/portal\\/?/\u001b[39m\nReceived string:  \u001b[31m\"chrome-error://chromewebdata/\"\u001b[39m\nCall log:\n\u001b[2m  - Expect \"toHaveURL\" with timeout 20000ms\u001b[22m\n\u001b[2m    23 Ã— unexpected value \"chrome-error://chromewebdata/\"\u001b[22m\n\n    at /app/tests/e2e/optimized-test-suite.spec.ts:504:24",
                        "location": {
                          "file": "/app/tests/e2e/optimized-test-suite.spec.ts",
                          "column": 24,
                          "line": 504
                        },
                        "snippet": "  502 |     // 1. Test login flow  \n  503 |     await SimpleAuthHelpers.performLogin(page, 'test@test.com', 'test123');\n> 504 |     await expect(page).toHaveURL(/\\/portal\\/?/);\n      |                        ^\n  505 |\n  506 |     // 2. Test session persistence across page loads\n  507 |     await page.reload();"
                      },
                      "errors": [
                        {
                          "location": {
                            "file": "/app/tests/e2e/optimized-test-suite.spec.ts",
                            "column": 24,
                            "line": 504
                          },
                          "message": "Error: \u001b[31mTimed out 20000ms waiting for \u001b[39m\u001b[2mexpect(\u001b[22m\u001b[31mpage\u001b[39m\u001b[2m).\u001b[22mtoHaveURL\u001b[2m(\u001b[22m\u001b[32mexpected\u001b[39m\u001b[2m)\u001b[22m\n\nExpected pattern: \u001b[32m/\\/portal\\/?/\u001b[39m\nReceived string:  \u001b[31m\"chrome-error://chromewebdata/\"\u001b[39m\nCall log:\n\u001b[2m  - Expect \"toHaveURL\" with timeout 20000ms\u001b[22m\n\u001b[2m    23 Ã— unexpected value \"chrome-error://chromewebdata/\"\u001b[22m\n\n\n  502 |     // 1. Test login flow  \n  503 |     await SimpleAuthHelpers.performLogin(page, 'test@test.com', 'test123');\n> 504 |     await expect(page).toHaveURL(/\\/portal\\/?/);\n      |                        ^\n  505 |\n  506 |     // 2. Test session persistence across page loads\n  507 |     await page.reload();\n    at /app/tests/e2e/optimized-test-suite.spec.ts:504:24"
                        }
                      ],
                      "stdout": [
                        {
                          "text": "ðŸ” Logging in as test@test.com...\n"
                        },
                        {
                          "text": "ðŸ“ Post-login URL: chrome-error://chromewebdata/\n"
                        }
                      ],
                      "stderr": [],
                      "retry": 3,
                      "startTime": "2025-09-03T19:31:18.149Z",
                      "annotations": [],
                      "attachments": [
                        {
                          "name": "screenshot",
                          "contentType": "image/png",
                          "path": "/app/test-results/optimized-test-suite-ðŸ”§-Co-79524-sion-management-integration-docker-core-retry3/test-failed-1.png"
                        },
                        {
                          "name": "video",
                          "contentType": "video/webm",
                          "path": "/app/test-results/optimized-test-suite-ðŸ”§-Co-79524-sion-management-integration-docker-core-retry3/video.webm"
                        },
                        {
                          "name": "trace",
                          "contentType": "application/zip",
                          "path": "/app/test-results/optimized-test-suite-ðŸ”§-Co-79524-sion-management-integration-docker-core-retry3/trace.zip"
                        }
                      ],
                      "errorLocation": {
                        "file": "/app/tests/e2e/optimized-test-suite.spec.ts",
                        "column": 24,
                        "line": 504
                      }
                    }
                  ],
                  "status": "unexpected"
                }
              ],
              "id": "17e7f8c5616d93753744-aa072864490452746cea",
              "file": "optimized-test-suite.spec.ts",
              "line": 499,
              "column": 7
            },
            {
              "title": "theme system and UI consistency @ui",
              "ok": true,
              "tags": [
                "ui"
              ],
              "tests": [
                {
                  "timeout": 120000,
                  "annotations": [],
                  "expectedStatus": "passed",
                  "projectId": "docker-core",
                  "projectName": "docker-core",
                  "results": [
                    {
                      "workerIndex": 43,
                      "parallelIndex": 2,
                      "status": "passed",
                      "duration": 1019,
                      "errors": [],
                      "stdout": [
                        {
                          "text": "âš ï¸ Theme toggle not found\n"
                        }
                      ],
                      "stderr": [],
                      "retry": 0,
                      "startTime": "2025-09-03T19:30:05.945Z",
                      "annotations": [],
                      "attachments": []
                    }
                  ],
                  "status": "expected"
                }
              ],
              "id": "17e7f8c5616d93753744-998d3e8ef9cf68c9bd90",
              "file": "optimized-test-suite.spec.ts",
              "line": 526,
              "column": 7
            }
          ]
        },
        {
          "title": "â™¿ Essential Accessibility",
          "file": "optimized-test-suite.spec.ts",
          "line": 554,
          "column": 6,
          "specs": [
            {
              "title": "keyboard navigation basics @accessibility",
              "ok": true,
              "tags": [
                "accessibility"
              ],
              "tests": [
                {
                  "timeout": 120000,
                  "annotations": [],
                  "expectedStatus": "passed",
                  "projectId": "docker-core",
                  "projectName": "docker-core",
                  "results": [
                    {
                      "workerIndex": 43,
                      "parallelIndex": 2,
                      "status": "passed",
                      "duration": 1168,
                      "errors": [],
                      "stdout": [
                        {
                          "text": "âœ… Keyboard navigation working, focused: \n"
                        }
                      ],
                      "stderr": [],
                      "retry": 0,
                      "startTime": "2025-09-03T19:30:07.005Z",
                      "annotations": [],
                      "attachments": []
                    }
                  ],
                  "status": "expected"
                }
              ],
              "id": "17e7f8c5616d93753744-7015b346b8052386f79d",
              "file": "optimized-test-suite.spec.ts",
              "line": 555,
              "column": 7
            },
            {
              "title": "mobile viewport adaptation @mobile",
              "ok": true,
              "tags": [
                "mobile"
              ],
              "tests": [
                {
                  "timeout": 120000,
                  "annotations": [],
                  "expectedStatus": "passed",
                  "projectId": "docker-core",
                  "projectName": "docker-core",
                  "results": [
                    {
                      "workerIndex": 43,
                      "parallelIndex": 2,
                      "status": "passed",
                      "duration": 1195,
                      "errors": [],
                      "stdout": [
                        {
                          "text": "âœ… Mobile viewport: no horizontal scroll (375px vs 375px)\n"
                        }
                      ],
                      "stderr": [],
                      "retry": 0,
                      "startTime": "2025-09-03T19:30:08.177Z",
                      "annotations": [],
                      "attachments": []
                    }
                  ],
                  "status": "expected"
                }
              ],
              "id": "17e7f8c5616d93753744-227e58a679ec0f00fce9",
              "file": "optimized-test-suite.spec.ts",
              "line": 568,
              "column": 7
            }
          ]
        }
      ]
    },
    {
      "title": "verify-dummy-data.spec.ts",
      "file": "verify-dummy-data.spec.ts",
      "column": 0,
      "line": 0,
      "specs": [],
      "suites": [
        {
          "title": "ðŸ§ª Data Verification",
          "file": "verify-dummy-data.spec.ts",
          "line": 4,
          "column": 6,
          "specs": [
            {
              "title": "Staff portal shows populated data @smoke @data-verification",
              "ok": true,
              "tags": [
                "smoke",
                "data-verification"
              ],
              "tests": [
                {
                  "timeout": 120000,
                  "annotations": [],
                  "expectedStatus": "passed",
                  "projectId": "docker-core",
                  "projectName": "docker-core",
                  "results": [
                    {
                      "workerIndex": 43,
                      "parallelIndex": 2,
                      "status": "passed",
                      "duration": 3919,
                      "errors": [],
                      "stdout": [
                        {
                          "text": "ðŸ” Testing staff portal data visibility...\n"
                        },
                        {
                          "text": "ðŸŽ¯ Comprehensive login as staff...\n"
                        },
                        {
                          "text": "ðŸš€ Using quick login button for staff...\n"
                        },
                        {
                          "text": "âœ… Found staff quick login button\n"
                        },
                        {
                          "text": "ðŸ“ After quick login: chrome-error://chromewebdata/\n"
                        },
                        {
                          "text": "âš ï¸ Continuing test despite login failure...\n"
                        },
                        {
                          "text": "ðŸ“Š Found 0 stat/metric elements on dashboard\n"
                        },
                        {
                          "text": "ðŸ“Š Testing dashboard tabs...\n"
                        },
                        {
                          "text": "ðŸ“Š Final results - Stats: 0, Customers: 0, Packages: 0\n"
                        },
                        {
                          "text": "âš ï¸ No customer elements found - possible routing issue\n"
                        },
                        {
                          "text": "âš ï¸ No package elements found - possible routing issue\n"
                        }
                      ],
                      "stderr": [
                        {
                          "text": "âŒ Login failed: Login failed - redirected to error page: chrome-error://chromewebdata/\n"
                        }
                      ],
                      "retry": 0,
                      "startTime": "2025-09-03T19:30:09.382Z",
                      "annotations": [],
                      "attachments": []
                    }
                  ],
                  "status": "expected"
                }
              ],
              "id": "047ccdcaec7b106abd0a-1536212eb4d507b86639",
              "file": "verify-dummy-data.spec.ts",
              "line": 6,
              "column": 7
            },
            {
              "title": "Customer portal functionality @smoke @data-verification",
              "ok": true,
              "tags": [
                "smoke",
                "data-verification"
              ],
              "tests": [
                {
                  "timeout": 120000,
                  "annotations": [],
                  "expectedStatus": "passed",
                  "projectId": "docker-core",
                  "projectName": "docker-core",
                  "results": [
                    {
                      "workerIndex": 43,
                      "parallelIndex": 2,
                      "status": "passed",
                      "duration": 3800,
                      "errors": [],
                      "stdout": [
                        {
                          "text": "ðŸ” Testing customer portal...\n"
                        },
                        {
                          "text": "ðŸ“¸ Customer portal screenshot saved\n"
                        }
                      ],
                      "stderr": [],
                      "retry": 0,
                      "startTime": "2025-09-03T19:30:13.359Z",
                      "annotations": [],
                      "attachments": []
                    }
                  ],
                  "status": "expected"
                }
              ],
              "id": "047ccdcaec7b106abd0a-9689e9531b11951f7209",
              "file": "verify-dummy-data.spec.ts",
              "line": 96,
              "column": 7
            },
            {
              "title": "Driver portal functionality @smoke @data-verification",
              "ok": true,
              "tags": [
                "smoke",
                "data-verification"
              ],
              "tests": [
                {
                  "timeout": 120000,
                  "annotations": [],
                  "expectedStatus": "passed",
                  "projectId": "docker-core",
                  "projectName": "docker-core",
                  "results": [
                    {
                      "workerIndex": 44,
                      "parallelIndex": 0,
                      "status": "passed",
                      "duration": 3594,
                      "errors": [],
                      "stdout": [
                        {
                          "text": "ðŸ” Testing driver portal...\n"
                        },
                        {
                          "text": "ðŸ“¸ Driver portal screenshot saved\n"
                        }
                      ],
                      "stderr": [],
                      "retry": 0,
                      "startTime": "2025-09-03T19:30:17.337Z",
                      "annotations": [],
                      "attachments": []
                    }
                  ],
                  "status": "expected"
                }
              ],
              "id": "047ccdcaec7b106abd0a-8ea226db9af260e32691",
              "file": "verify-dummy-data.spec.ts",
              "line": 112,
              "column": 7
            },
            {
              "title": "Database API endpoints return populated data @api @data-verification",
              "ok": true,
              "tags": [
                "api",
                "data-verification"
              ],
              "tests": [
                {
                  "timeout": 120000,
                  "annotations": [],
                  "expectedStatus": "passed",
                  "projectId": "docker-core",
                  "projectName": "docker-core",
                  "results": [
                    {
                      "workerIndex": 43,
                      "parallelIndex": 2,
                      "status": "passed",
                      "duration": 298,
                      "errors": [],
                      "stdout": [
                        {
                          "text": "ðŸ” Testing API endpoints with populated data...\n"
                        },
                        {
                          "text": "ðŸ‘¥ Customers API status: \u001b[33m401\u001b[39m\n"
                        },
                        {
                          "text": "ðŸ“¦ Packages API status: \u001b[33m401\u001b[39m\n"
                        },
                        {
                          "text": "ðŸš› Loads API status: \u001b[33m401\u001b[39m\n"
                        }
                      ],
                      "stderr": [],
                      "retry": 0,
                      "startTime": "2025-09-03T19:30:17.163Z",
                      "annotations": [],
                      "attachments": []
                    }
                  ],
                  "status": "expected"
                }
              ],
              "id": "047ccdcaec7b106abd0a-ab9305d1d4b9388e015f",
              "file": "verify-dummy-data.spec.ts",
              "line": 128,
              "column": 7
            }
          ]
        }
      ]
    }
  ],
  "errors": [],
  "stats": {
    "startTime": "2025-09-03T19:28:05.746Z",
    "duration": 217349.115,
    "expected": 17,
    "skipped": 0,
    "unexpected": 11,
    "flaky": 0
  }
}