<testsuites id="" name="" tests="5" failures="0" skipped="0" errors="0" time="5.029872">
<testsuite name="infrastructure-check.spec.ts" timestamp="2025-08-30T13:30:00.703Z" hostname="infrastructure" tests="5" failures="0" skipped="0" time="3.154" errors="0">
<testcase name="🏥 Infrastructure Health Check › Docker containers are running and healthy @infrastructure @critical" classname="infrastructure-check.spec.ts" time="0.996">
<system-out>
<![CDATA[
🔍 INFRASTRUCTURE PRE-FLIGHT CHECK STARTING...

✅ Docker Engine: v28.3.3
✅ Container: shipnorth-app
✅ Container: shipnorth-postgres
✅ All Docker containers are healthy

]]>
</system-out>
</testcase>
<testcase name="🏥 Infrastructure Health Check › Web frontend is accessible and responding @infrastructure @critical" classname="infrastructure-check.spec.ts" time="1.176">
<system-out>
<![CDATA[🌐 Testing frontend accessibility...
✅ Frontend: http://localhost:8849
✅ Frontend page loads correctly with content

]]>
</system-out>
</testcase>
<testcase name="🏥 Infrastructure Health Check › API backend is accessible and responding @infrastructure @critical" classname="infrastructure-check.spec.ts" time="0.293">
<system-out>
<![CDATA[🔗 Testing API accessibility...
✅ API: http://localhost:8850 - {"status":"healthy","timestamp":"2025-08-30T13:30:04.405Z"}
✅ API backend is healthy

]]>
</system-out>
</testcase>
<testcase name="🏥 Infrastructure Health Check › PostgreSQL database is accessible @infrastructure @critical" classname="infrastructure-check.spec.ts" time="0.301">
<system-out>
<![CDATA[🗄️ Testing database connectivity...
✅ Database accessible via API health check
✅ PostgreSQL database is healthy

]]>
</system-out>
</testcase>
<testcase name="🏥 Infrastructure Health Check › Direct port connectivity works @infrastructure @critical" classname="infrastructure-check.spec.ts" time="0.388">
<system-out>
<![CDATA[🌍 Testing direct port connectivity...
✅ Frontend Direct Port: http://localhost:8849
✅ API Direct Port: http://localhost:8850/health
✅ Direct port connectivity is working correctly

🎯 INFRASTRUCTURE CHECK COMPLETE
✅ System ready for comprehensive testing

================================================================================
]]>
</system-out>
</testcase>
</testsuite>
</testsuites>