<testsuites id="" name="" tests="18" failures="2" skipped="0" errors="0" time="71.55467099999998">
<testsuite name="00-connectivity-diagnostic.spec.ts" timestamp="2025-08-31T02:29:11.241Z" hostname="critical-path" tests="2" failures="0" skipped="0" time="20.638" errors="0">
<testcase name="🔬 Connectivity Diagnostic (Pre-flight) › Frontend-API connectivity health check @connectivity @critical" classname="00-connectivity-diagnostic.spec.ts" time="18.331">
<system-out>
<![CDATA[🔬 CONNECTIVITY DIAGNOSTIC - Preventing recurring frontend-API issues
========================================================================
🌐 Test URLs: API=http://localhost:8850, WEB=http://localhost:8849
🐳 Container networking: disabled (using localhost)
========================================================================
✅ API directly accessible from browser
📋 Testing quick login functionality...
✅ Login triggered API requests successfully
📊 Requests: POST http://localhost:8850/auth/login?_cb=1756607362910, GET http://localhost:8850/packages?_cb=1756607362910&limit=50, GET http://localhost:8850/customers?_cb=1756607362910, GET http://localhost:8850/loads?_cb=1756607362910
✅ Database authentication working through API

🎯 CONNECTIVITY DIAGNOSTIC RESULTS:
===================================
⚠️ Warnings (2):
  1. Minor fetch issue (non-CORS): Failed to fetch
  2. Next.js environment data not properly loaded
]]>
</system-out>
</testcase>
<testcase name="🔬 Connectivity Diagnostic (Pre-flight) › Environment configuration verification @config @critical" classname="00-connectivity-diagnostic.spec.ts" time="2.307">
<system-out>
<![CDATA[🔧 Verifying centralized environment configuration...
📊 Configuration check: {
  "apiUrl": "http://localhost:8850",
  "webUrl": "http://localhost:8849",
  "portsFromEnv": {
    "api": "8850",
    "web": "8849"
  }
}
✅ Both services responding on environment-configured ports
]]>
</system-out>
</testcase>
</testsuite>
<testsuite name="optimized-test-suite.spec.ts" timestamp="2025-08-31T02:29:11.241Z" hostname="critical-path" tests="16" failures="2" skipped="0" time="261.505" errors="0">
<testcase name="🔥 Root Cause Detection › infrastructure health check @critical" classname="optimized-test-suite.spec.ts" time="7.39">
<system-out>
<![CDATA[✅ Infrastructure health check passed
]]>
</system-out>
</testcase>
<testcase name="🔥 Root Cause Detection › database and authentication foundation @critical" classname="optimized-test-suite.spec.ts" time="0.858">
<system-out>
<![CDATA[✅ Authentication foundation verified
]]>
</system-out>
</testcase>
<testcase name="🔥 Root Cause Detection › portal accessibility matrix @critical" classname="optimized-test-suite.spec.ts" time="23.505">
<system-out>
<![CDATA[✅ All portals accessible
]]>
</system-out>
</testcase>
<testcase name="🎯 Customer Portal Journey › complete customer workflow @core" classname="optimized-test-suite.spec.ts" time="24.419">
<system-out>
<![CDATA[✅ Complete customer workflow verified
]]>
</system-out>
</testcase>
<testcase name="🎯 Staff Portal Journey › complete staff workflow @core" classname="optimized-test-suite.spec.ts" time="26.584">
<system-out>
<![CDATA[✅ Complete staff workflow verified
]]>
</system-out>
</testcase>
<testcase name="🎯 Staff Portal Journey › admin features visibility @admin" classname="optimized-test-suite.spec.ts" time="24.8">
<system-out>
<![CDATA[✅ Admin features visible in staff portal
]]>
</system-out>
</testcase>
<testcase name="🎯 Driver Portal Journey › complete driver workflow @core" classname="optimized-test-suite.spec.ts" time="12.274">
<system-out>
<![CDATA[✅ Driver nav item found: Dashboard
✅ Driver nav item found: My Loads
✅ Driver nav item found: Routes
✅ Driver nav item found: Deliveries
✅ Driver nav item found: Earnings
✅ Driver portal accessibility verified
]]>
</system-out>
</testcase>
<testcase name="🔄 Unified Authentication System › unified login redirects to correct portal @auth" classname="optimized-test-suite.spec.ts" time="28.418">
<system-out>
<![CDATA[✅ customer redirected to /portal
✅ staff redirected to /staff
✅ driver redirected to /driver
✅ admin redirected to /staff
]]>
</system-out>
</testcase>
<testcase name="🔄 Unified Authentication System › portal switching functionality @auth" classname="optimized-test-suite.spec.ts" time="10.111">
<system-out>
<![CDATA[✅ Portal switcher found and accessible
]]>
</system-out>
</testcase>
<testcase name="📄 Page Load Verification › all pages load without 500/404 errors @pages" classname="optimized-test-suite.spec.ts" time="49.74">
<failure message="optimized-test-suite.spec.ts:365:7 all pages load without 500/404 errors @pages" type="FAILURE">
<![CDATA[  [critical-path] › optimized-test-suite.spec.ts:365:7 › 📄 Page Load Verification › all pages load without 500/404 errors @pages 

    Test timeout of 45000ms exceeded.

    Error: page.waitForTimeout: Test timeout of 45000ms exceeded.

       at utils/auth-helpers.ts:46

      44 |
      45 |     // Wait for any loading states to complete before clicking
    > 46 |     await this.page.waitForTimeout(1000);
         |                     ^
      47 |
      48 |     await quickLoginButton.click();
      49 |
        at AuthHelpers.quickLogin (/app/tests/e2e/utils/auth-helpers.ts:46:21)
        at /app/tests/e2e/optimized-test-suite.spec.ts:374:11

    attachment #1: screenshot (image/png) ──────────────────────────────────────────────────────────
    ../../test-artifacts-optimized/optimized-test-suite-📄-Pa-7b6a6-ithout-500-404-errors-pages-critical-path/test-failed-1.png
    ────────────────────────────────────────────────────────────────────────────────────────────────

    attachment #2: video (video/webm) ──────────────────────────────────────────────────────────────
    ../../test-artifacts-optimized/optimized-test-suite-📄-Pa-7b6a6-ithout-500-404-errors-pages-critical-path/video.webm
    ────────────────────────────────────────────────────────────────────────────────────────────────

    Error Context: ../../test-artifacts-optimized/optimized-test-suite-📄-Pa-7b6a6-ithout-500-404-errors-pages-critical-path/error-context.md

    attachment #4: trace (application/zip) ─────────────────────────────────────────────────────────
    ../../test-artifacts-optimized/optimized-test-suite-📄-Pa-7b6a6-ithout-500-404-errors-pages-critical-path/trace.zip
    Usage:

        npx playwright show-trace ../../test-artifacts-optimized/optimized-test-suite-📄-Pa-7b6a6-ithout-500-404-errors-pages-critical-path/trace.zip

    ────────────────────────────────────────────────────────────────────────────────────────────────
]]>
</failure>
<system-out>
<![CDATA[✅ Homepage loads successfully
✅ Login loads successfully
✅ Register loads successfully
✅ Customer Portal loads successfully
✅ Staff Portal loads successfully
✅ Driver Portal loads successfully
❌ Staff Customers failed: page.waitForTimeout: Test timeout of 45000ms exceeded.

[[ATTACHMENT|../test-artifacts-optimized/optimized-test-suite-📄-Pa-7b6a6-ithout-500-404-errors-pages-critical-path/test-failed-1.png]]

[[ATTACHMENT|../test-artifacts-optimized/optimized-test-suite-📄-Pa-7b6a6-ithout-500-404-errors-pages-critical-path/video.webm]]

[[ATTACHMENT|../test-artifacts-optimized/optimized-test-suite-📄-Pa-7b6a6-ithout-500-404-errors-pages-critical-path/error-context.md]]

[[ATTACHMENT|../test-artifacts-optimized/optimized-test-suite-📄-Pa-7b6a6-ithout-500-404-errors-pages-critical-path/trace.zip]]
]]>
</system-out>
</testcase>
<testcase name="⚡ Performance &amp; Stability › page load performance within limits @performance" classname="optimized-test-suite.spec.ts" time="9.206">
<failure message="optimized-test-suite.spec.ts:415:7 page load performance within limits @performance" type="FAILURE">
<![CDATA[  [critical-path] › optimized-test-suite.spec.ts:415:7 › ⚡ Performance & Stability › page load performance within limits @performance 

    Error: expect(received).toBeLessThan(expected)

    Expected: < 3000
    Received:   6511

      426 |       const loadTime = Date.now() - startTime;
      427 |
    > 428 |       expect(loadTime).toBeLessThan(target.maxTime);
          |                        ^
      429 |       console.log(`✅ ${target.name}: ${loadTime}ms (target: ${target.maxTime}ms)`);
      430 |     }
      431 |   });
        at /app/tests/e2e/optimized-test-suite.spec.ts:428:24

    attachment #1: screenshot (image/png) ──────────────────────────────────────────────────────────
    ../../test-artifacts-optimized/optimized-test-suite-⚡-Per-b0e51-e-within-limits-performance-critical-path/test-failed-1.png
    ────────────────────────────────────────────────────────────────────────────────────────────────

    attachment #2: video (video/webm) ──────────────────────────────────────────────────────────────
    ../../test-artifacts-optimized/optimized-test-suite-⚡-Per-b0e51-e-within-limits-performance-critical-path/video.webm
    ────────────────────────────────────────────────────────────────────────────────────────────────

    Error Context: ../../test-artifacts-optimized/optimized-test-suite-⚡-Per-b0e51-e-within-limits-performance-critical-path/error-context.md

    attachment #4: trace (application/zip) ─────────────────────────────────────────────────────────
    ../../test-artifacts-optimized/optimized-test-suite-⚡-Per-b0e51-e-within-limits-performance-critical-path/trace.zip
    Usage:

        npx playwright show-trace ../../test-artifacts-optimized/optimized-test-suite-⚡-Per-b0e51-e-within-limits-performance-critical-path/trace.zip

    ────────────────────────────────────────────────────────────────────────────────────────────────
]]>
</failure>
<system-out>
<![CDATA[
[[ATTACHMENT|../test-artifacts-optimized/optimized-test-suite-⚡-Per-b0e51-e-within-limits-performance-critical-path/test-failed-1.png]]

[[ATTACHMENT|../test-artifacts-optimized/optimized-test-suite-⚡-Per-b0e51-e-within-limits-performance-critical-path/video.webm]]

[[ATTACHMENT|../test-artifacts-optimized/optimized-test-suite-⚡-Per-b0e51-e-within-limits-performance-critical-path/error-context.md]]

[[ATTACHMENT|../test-artifacts-optimized/optimized-test-suite-⚡-Per-b0e51-e-within-limits-performance-critical-path/trace.zip]]
]]>
</system-out>
</testcase>
<testcase name="⚡ Performance &amp; Stability › error boundary and crash detection @stability" classname="optimized-test-suite.spec.ts" time="17.701">
<system-out>
<![CDATA[⚠️ Critical console errors found: [
  [32m'A bad HTTP response code (404) was received when fetching the script.'[39m,
  [32m'Failed to load resource: the server responded with a status of 400 ()'[39m,
  [32m'A bad HTTP response code (404) was received when fetching the script.'[39m,
  [32m'Failed to load resource: the server responded with a status of 400 ()'[39m,
  [32m'A bad HTTP response code (404) was received when fetching the script.'[39m,
  [32m'Failed to load resource: the server responded with a status of 400 ()'[39m,
  [32m'A bad HTTP response code (404) was received when fetching the script.'[39m,
  [32m'Failed to load resource: the server responded with a status of 400 ()'[39m,
  [32m'A bad HTTP response code (404) was received when fetching the script.'[39m,
  [32m'Failed to load resource: the server responded with a status of 400 ()'[39m
]
]]>
</system-out>
</testcase>
<testcase name="🔧 Core Feature Integration › authentication and session management @integration" classname="optimized-test-suite.spec.ts" time="12.613">
<system-out>
<![CDATA[✅ Authentication and session management verified
]]>
</system-out>
</testcase>
<testcase name="🔧 Core Feature Integration › theme system and UI consistency @ui" classname="optimized-test-suite.spec.ts" time="4.998">
<system-out>
<![CDATA[⚠️ Theme toggle not found
]]>
</system-out>
</testcase>
<testcase name="♿ Essential Accessibility › keyboard navigation basics @accessibility" classname="optimized-test-suite.spec.ts" time="4.901">
<system-out>
<![CDATA[✅ Keyboard navigation working, focused: 
]]>
</system-out>
</testcase>
<testcase name="♿ Essential Accessibility › mobile viewport adaptation @mobile" classname="optimized-test-suite.spec.ts" time="3.987">
<system-out>
<![CDATA[✅ Mobile viewport: no horizontal scroll (375px vs 375px)
]]>
</system-out>
</testcase>
</testsuite>
</testsuites>