<testsuites id="" name="" tests="128" failures="78" skipped="0" errors="0" time="171.999494">
<testsuite name="00-connectivity-diagnostic.spec.ts" timestamp="2025-08-30T17:05:44.426Z" hostname="critical-path" tests="2" failures="0" skipped="0" time="9.658" errors="0">
<testcase name="🔬 Connectivity Diagnostic (Pre-flight) › Frontend-API connectivity health check @connectivity @critical" classname="00-connectivity-diagnostic.spec.ts" time="9.437">
<system-out>
<![CDATA[🔬 CONNECTIVITY DIAGNOSTIC - Preventing recurring frontend-API issues
========================================================================
🌐 Test URLs: API=http://localhost:8850, WEB=http://localhost:8849
🐳 Container networking: disabled (using localhost)
========================================================================
✅ API directly accessible from browser
📋 Testing quick login functionality...
✅ Login triggered API requests successfully
📊 Requests: POST http://localhost:8850/auth/login?_cb=1756573549054, GET http://localhost:8850/packages?_cb=1756573549054&limit=50, GET http://localhost:8850/customers?_cb=1756573549054, GET http://localhost:8850/loads?_cb=1756573549054
✅ Database authentication working through API

🎯 CONNECTIVITY DIAGNOSTIC RESULTS:
===================================
⚠️ Warnings (2):
  1. Minor fetch issue (non-CORS): Failed to fetch
  2. Next.js environment data not properly loaded
]]>
</system-out>
</testcase>
<testcase name="🔬 Connectivity Diagnostic (Pre-flight) › Environment configuration verification @config @critical" classname="00-connectivity-diagnostic.spec.ts" time="0.221">
<system-out>
<![CDATA[🔧 Verifying centralized environment configuration...
📊 Configuration check: {
  "apiUrl": "http://localhost:8850",
  "webUrl": "http://localhost:8849",
  "portsFromEnv": {
    "api": "8850",
    "web": "8849"
  }
}
✅ Both services responding on environment-configured ports
]]>
</system-out>
</testcase>
</testsuite>
<testsuite name="optimized-test-suite.spec.ts" timestamp="2025-08-30T17:05:44.426Z" hostname="critical-path" tests="16" failures="0" skipped="0" time="133.762" errors="0">
<testcase name="🔥 Root Cause Detection › infrastructure health check @critical" classname="optimized-test-suite.spec.ts" time="2.969">
<system-out>
<![CDATA[✅ Infrastructure health check passed
]]>
</system-out>
</testcase>
<testcase name="🔥 Root Cause Detection › database and authentication foundation @critical" classname="optimized-test-suite.spec.ts" time="0.587">
<system-out>
<![CDATA[✅ Authentication foundation verified
]]>
</system-out>
</testcase>
<testcase name="🔥 Root Cause Detection › portal accessibility matrix @critical" classname="optimized-test-suite.spec.ts" time="11.045">
<system-out>
<![CDATA[✅ All portals accessible
]]>
</system-out>
</testcase>
<testcase name="🎯 Customer Portal Journey › complete customer workflow @core" classname="optimized-test-suite.spec.ts" time="9.611">
<system-out>
<![CDATA[✅ Complete customer workflow verified
]]>
</system-out>
</testcase>
<testcase name="🎯 Staff Portal Journey › complete staff workflow @core" classname="optimized-test-suite.spec.ts" time="13.217">
<system-out>
<![CDATA[✅ Complete staff workflow verified
]]>
</system-out>
</testcase>
<testcase name="🎯 Staff Portal Journey › admin features visibility @admin" classname="optimized-test-suite.spec.ts" time="10.965">
<system-out>
<![CDATA[✅ Admin features visible in staff portal
]]>
</system-out>
</testcase>
<testcase name="🎯 Driver Portal Journey › complete driver workflow @core" classname="optimized-test-suite.spec.ts" time="4.361">
<system-out>
<![CDATA[✅ Driver nav item found: Dashboard
✅ Driver nav item found: My Loads
✅ Driver nav item found: Routes
✅ Driver nav item found: Deliveries
✅ Driver nav item found: Earnings
✅ Driver portal accessibility verified
]]>
</system-out>
</testcase>
<testcase name="🔄 Unified Authentication System › unified login redirects to correct portal @auth" classname="optimized-test-suite.spec.ts" time="7.282">
<system-out>
<![CDATA[✅ customer redirected to /portal
✅ staff redirected to /staff
✅ driver redirected to /driver
✅ admin redirected to /staff
]]>
</system-out>
</testcase>
<testcase name="🔄 Unified Authentication System › portal switching functionality @auth" classname="optimized-test-suite.spec.ts" time="2.393">
<system-out>
<![CDATA[⚠️ Portal switcher not yet visible (may be in development)
]]>
</system-out>
</testcase>
<testcase name="📄 Page Load Verification › all pages load without 500/404 errors @pages" classname="optimized-test-suite.spec.ts" time="41.623">
<system-out>
<![CDATA[✅ Homepage loads successfully
✅ Login loads successfully
✅ Register loads successfully
✅ Customer Portal loads successfully
✅ Staff Portal loads successfully
✅ Driver Portal loads successfully
✅ Staff Customers loads successfully
✅ Staff Packages loads successfully
✅ Staff Loads loads successfully
]]>
</system-out>
</testcase>
<testcase name="⚡ Performance &amp; Stability › page load performance within limits @performance" classname="optimized-test-suite.spec.ts" time="4.66">
<system-out>
<![CDATA[✅ Homepage: 1294ms (target: 3000ms)
✅ Login: 1344ms (target: 2000ms)
✅ Customer Portal: 1786ms (target: 5000ms)
]]>
</system-out>
</testcase>
<testcase name="⚡ Performance &amp; Stability › error boundary and crash detection @stability" classname="optimized-test-suite.spec.ts" time="12.014">
<system-out>
<![CDATA[⚠️ Critical console errors found: [
  [32m'A bad HTTP response code (404) was received when fetching the script.'[39m,
  [32m'Failed to load resource: the server responded with a status of 400 ()'[39m,
  [32m'A bad HTTP response code (404) was received when fetching the script.'[39m,
  [32m'Failed to load resource: the server responded with a status of 400 ()'[39m,
  [32m'A bad HTTP response code (404) was received when fetching the script.'[39m,
  [32m'Failed to load resource: the server responded with a status of 400 ()'[39m,
  [32m'A bad HTTP response code (404) was received when fetching the script.'[39m,
  [32m'Failed to load resource: the server responded with a status of 400 ()'[39m,
  [32m'A bad HTTP response code (404) was received when fetching the script.'[39m,
  [32m'Failed to load resource: the server responded with a status of 400 ()'[39m
]
]]>
</system-out>
</testcase>
<testcase name="🔧 Core Feature Integration › authentication and session management @integration" classname="optimized-test-suite.spec.ts" time="8.62">
<system-out>
<![CDATA[✅ Authentication and session management verified
]]>
</system-out>
</testcase>
<testcase name="🔧 Core Feature Integration › theme system and UI consistency @ui" classname="optimized-test-suite.spec.ts" time="1.962">
<system-out>
<![CDATA[⚠️ Theme toggle not found
]]>
</system-out>
</testcase>
<testcase name="♿ Essential Accessibility › keyboard navigation basics @accessibility" classname="optimized-test-suite.spec.ts" time="1.238">
<system-out>
<![CDATA[✅ Keyboard navigation working, focused: 
]]>
</system-out>
</testcase>
<testcase name="♿ Essential Accessibility › mobile viewport adaptation @mobile" classname="optimized-test-suite.spec.ts" time="1.215">
<system-out>
<![CDATA[✅ Mobile viewport: no horizontal scroll (375px vs 375px)
]]>
</system-out>
</testcase>
</testsuite>
<testsuite name="auth.spec.ts" timestamp="2025-08-30T17:05:44.426Z" hostname="core-functionality" tests="3" failures="0" skipped="0" time="12.53" errors="0">
<testcase name="Authentication › Homepage and Navigation @smoke › homepage loads correctly with all elements" classname="auth.spec.ts" time="2.804">
</testcase>
<testcase name="Authentication › Homepage and Navigation @smoke › theme toggle works correctly" classname="auth.spec.ts" time="5.914">
</testcase>
<testcase name="Authentication › Homepage and Navigation @smoke › tracking form navigation works" classname="auth.spec.ts" time="3.812">
</testcase>
</testsuite>
<testsuite name="customer-portal.spec.ts" timestamp="2025-08-30T17:05:44.426Z" hostname="core-functionality" tests="3" failures="0" skipped="0" time="17.475" errors="0">
<testcase name="Customer Portal › Portal Dashboard @smoke › customer portal loads correctly" classname="customer-portal.spec.ts" time="5.274">
</testcase>
<testcase name="Customer Portal › Portal Dashboard @smoke › package tracking works" classname="customer-portal.spec.ts" time="6.646">
</testcase>
<testcase name="Customer Portal › Portal Dashboard @smoke › customer information displays correctly" classname="customer-portal.spec.ts" time="5.555">
</testcase>
</testsuite>
<testsuite name="staff-interface.spec.ts" timestamp="2025-08-30T17:05:44.426Z" hostname="core-functionality" tests="3" failures="0" skipped="0" time="12.648" errors="0">
<testcase name="Staff Interface › Dashboard Overview @smoke › dashboard loads with all required elements" classname="staff-interface.spec.ts" time="4.348">
</testcase>
<testcase name="Staff Interface › Dashboard Overview @smoke › stats cards display numeric values" classname="staff-interface.spec.ts" time="4.029">
</testcase>
<testcase name="Staff Interface › Dashboard Overview @smoke › quick actions are available" classname="staff-interface.spec.ts" time="4.271">
</testcase>
</testsuite>
<testsuite name="api-integration.spec.ts" timestamp="2025-08-30T17:05:44.426Z" hostname="extended-features" tests="35" failures="32" skipped="0" time="19.47" errors="0">
<testcase name="API Integration › API Health and Status › should return healthy status from health endpoint @smoke" classname="api-integration.spec.ts" time="0.503">
<failure message="api-integration.spec.ts:44:9 should return healthy status from health endpoint @smoke" type="FAILURE">
<![CDATA[  [extended-features] › api-integration.spec.ts:44:9 › API Integration › API Health and Status › should return healthy status from health endpoint @smoke 

    Error: expect(received).toBeDefined()

    Received: undefined

      50 |       expect(healthData.status).toBe('healthy');
      51 |       expect(healthData.timestamp).toBeDefined();
    > 52 |       expect(healthData.version).toBeDefined();
         |                                  ^
      53 |     });
      54 |
      55 |     test('should return service status information @health', async ({ request }) => {
        at /app/tests/e2e/api-integration.spec.ts:52:34

    attachment #1: screenshot (image/png) ──────────────────────────────────────────────────────────
    ../../test-artifacts-optimized/api-integration-API-Integr-c8fe3--from-health-endpoint-smoke-extended-features/test-failed-1.png
    ────────────────────────────────────────────────────────────────────────────────────────────────

    attachment #2: video (video/webm) ──────────────────────────────────────────────────────────────
    ../../test-artifacts-optimized/api-integration-API-Integr-c8fe3--from-health-endpoint-smoke-extended-features/video.webm
    ────────────────────────────────────────────────────────────────────────────────────────────────

    attachment #3: trace (application/zip) ─────────────────────────────────────────────────────────
    ../../test-artifacts-optimized/api-integration-API-Integr-c8fe3--from-health-endpoint-smoke-extended-features/trace.zip
    Usage:

        npx playwright show-trace ../../test-artifacts-optimized/api-integration-API-Integr-c8fe3--from-health-endpoint-smoke-extended-features/trace.zip

    ────────────────────────────────────────────────────────────────────────────────────────────────
]]>
</failure>
<system-out>
<![CDATA[
[[ATTACHMENT|../test-artifacts-optimized/api-integration-API-Integr-c8fe3--from-health-endpoint-smoke-extended-features/test-failed-1.png]]

[[ATTACHMENT|../test-artifacts-optimized/api-integration-API-Integr-c8fe3--from-health-endpoint-smoke-extended-features/video.webm]]

[[ATTACHMENT|../test-artifacts-optimized/api-integration-API-Integr-c8fe3--from-health-endpoint-smoke-extended-features/trace.zip]]
]]>
</system-out>
</testcase>
<testcase name="API Integration › API Health and Status › should return service status information @health" classname="api-integration.spec.ts" time="0.449">
<failure message="api-integration.spec.ts:55:9 should return service status information @health" type="FAILURE">
<![CDATA[  [extended-features] › api-integration.spec.ts:55:9 › API Integration › API Health and Status › should return service status information @health 

    Error: expect(received).toBe(expected) // Object.is equality

    Expected: 200
    Received: 404

      56 |       const response = await request.get(`${apiBaseUrl}/status`);
      57 |
    > 58 |       expect(response.status()).toBe(200);
         |                                 ^
      59 |
      60 |       const statusData = await response.json();
      61 |       expect(statusData.services).toBeDefined();
        at /app/tests/e2e/api-integration.spec.ts:58:33

    attachment #1: screenshot (image/png) ──────────────────────────────────────────────────────────
    ../../test-artifacts-optimized/api-integration-API-Integr-c1532-e-status-information-health-extended-features/test-failed-1.png
    ────────────────────────────────────────────────────────────────────────────────────────────────

    attachment #2: video (video/webm) ──────────────────────────────────────────────────────────────
    ../../test-artifacts-optimized/api-integration-API-Integr-c1532-e-status-information-health-extended-features/video.webm
    ────────────────────────────────────────────────────────────────────────────────────────────────

    attachment #3: trace (application/zip) ─────────────────────────────────────────────────────────
    ../../test-artifacts-optimized/api-integration-API-Integr-c1532-e-status-information-health-extended-features/trace.zip
    Usage:

        npx playwright show-trace ../../test-artifacts-optimized/api-integration-API-Integr-c1532-e-status-information-health-extended-features/trace.zip

    ────────────────────────────────────────────────────────────────────────────────────────────────
]]>
</failure>
<system-out>
<![CDATA[
[[ATTACHMENT|../test-artifacts-optimized/api-integration-API-Integr-c1532-e-status-information-health-extended-features/test-failed-1.png]]

[[ATTACHMENT|../test-artifacts-optimized/api-integration-API-Integr-c1532-e-status-information-health-extended-features/video.webm]]

[[ATTACHMENT|../test-artifacts-optimized/api-integration-API-Integr-c1532-e-status-information-health-extended-features/trace.zip]]
]]>
</system-out>
</testcase>
<testcase name="API Integration › API Health and Status › should return API version and build information @health" classname="api-integration.spec.ts" time="0.549">
<failure message="api-integration.spec.ts:72:9 should return API version and build information @health" type="FAILURE">
<![CDATA[  [extended-features] › api-integration.spec.ts:72:9 › API Integration › API Health and Status › should return API version and build information @health 

    Error: expect(received).toBe(expected) // Object.is equality

    Expected: 200
    Received: 404

      73 |       const response = await request.get(`${apiBaseUrl}/version`);
      74 |
    > 75 |       expect(response.status()).toBe(200);
         |                                 ^
      76 |
      77 |       const versionData = await response.json();
      78 |       expect(versionData.version).toMatch(/^\d+\.\d+\.\d+/);
        at /app/tests/e2e/api-integration.spec.ts:75:33

    attachment #1: screenshot (image/png) ──────────────────────────────────────────────────────────
    ../../test-artifacts-optimized/api-integration-API-Integr-f89cd-nd-build-information-health-extended-features/test-failed-1.png
    ────────────────────────────────────────────────────────────────────────────────────────────────

    attachment #2: video (video/webm) ──────────────────────────────────────────────────────────────
    ../../test-artifacts-optimized/api-integration-API-Integr-f89cd-nd-build-information-health-extended-features/video.webm
    ────────────────────────────────────────────────────────────────────────────────────────────────

    attachment #3: trace (application/zip) ─────────────────────────────────────────────────────────
    ../../test-artifacts-optimized/api-integration-API-Integr-f89cd-nd-build-information-health-extended-features/trace.zip
    Usage:

        npx playwright show-trace ../../test-artifacts-optimized/api-integration-API-Integr-f89cd-nd-build-information-health-extended-features/trace.zip

    ────────────────────────────────────────────────────────────────────────────────────────────────
]]>
</failure>
<system-out>
<![CDATA[
[[ATTACHMENT|../test-artifacts-optimized/api-integration-API-Integr-f89cd-nd-build-information-health-extended-features/test-failed-1.png]]

[[ATTACHMENT|../test-artifacts-optimized/api-integration-API-Integr-f89cd-nd-build-information-health-extended-features/video.webm]]

[[ATTACHMENT|../test-artifacts-optimized/api-integration-API-Integr-f89cd-nd-build-information-health-extended-features/trace.zip]]
]]>
</system-out>
</testcase>
<testcase name="API Integration › API Health and Status › should handle API rate limiting @health" classname="api-integration.spec.ts" time="1.795">
<failure message="api-integration.spec.ts:84:9 should handle API rate limiting @health" type="FAILURE">
<![CDATA[  [extended-features] › api-integration.spec.ts:84:9 › API Integration › API Health and Status › should handle API rate limiting @health 

    Error: expect(received).toBeDefined()

    Received: undefined

      101 |         const rateLimitResponse = rateLimitedResponses[0].value;
      102 |         expect(rateLimitResponse.headers()['retry-after']).toBeDefined();
    > 103 |         expect(rateLimitResponse.headers()['x-ratelimit-remaining']).toBeDefined();
          |                                                                      ^
      104 |       }
      105 |     });
      106 |   });
        at /app/tests/e2e/api-integration.spec.ts:103:70

    attachment #1: screenshot (image/png) ──────────────────────────────────────────────────────────
    ../../test-artifacts-optimized/api-integration-API-Integr-aed74-le-API-rate-limiting-health-extended-features/test-failed-1.png
    ────────────────────────────────────────────────────────────────────────────────────────────────

    attachment #2: video (video/webm) ──────────────────────────────────────────────────────────────
    ../../test-artifacts-optimized/api-integration-API-Integr-aed74-le-API-rate-limiting-health-extended-features/video.webm
    ────────────────────────────────────────────────────────────────────────────────────────────────

    attachment #3: trace (application/zip) ─────────────────────────────────────────────────────────
    ../../test-artifacts-optimized/api-integration-API-Integr-aed74-le-API-rate-limiting-health-extended-features/trace.zip
    Usage:

        npx playwright show-trace ../../test-artifacts-optimized/api-integration-API-Integr-aed74-le-API-rate-limiting-health-extended-features/trace.zip

    ────────────────────────────────────────────────────────────────────────────────────────────────
]]>
</failure>
<system-out>
<![CDATA[
[[ATTACHMENT|../test-artifacts-optimized/api-integration-API-Integr-aed74-le-API-rate-limiting-health-extended-features/test-failed-1.png]]

[[ATTACHMENT|../test-artifacts-optimized/api-integration-API-Integr-aed74-le-API-rate-limiting-health-extended-features/video.webm]]

[[ATTACHMENT|../test-artifacts-optimized/api-integration-API-Integr-aed74-le-API-rate-limiting-health-extended-features/trace.zip]]
]]>
</system-out>
</testcase>
<testcase name="API Integration › Authentication and Authorization › should authenticate with valid credentials @auth" classname="api-integration.spec.ts" time="0.387">
</testcase>
<testcase name="API Integration › Authentication and Authorization › should reject invalid credentials @auth" classname="api-integration.spec.ts" time="0.549">
<failure message="api-integration.spec.ts:127:9 should reject invalid credentials @auth" type="FAILURE">
<![CDATA[  [extended-features] › api-integration.spec.ts:127:9 › API Integration › Authentication and Authorization › should reject invalid credentials @auth 

    Error: expect(received).toMatch(expected)

    Matcher error: received value must be a string

    Received has value: undefined

      137 |       const errorData = await loginResponse.json();
      138 |       expect(errorData.error).toBeDefined();
    > 139 |       expect(errorData.message).toMatch(/invalid credentials|authentication failed/i);
          |                                 ^
      140 |     });
      141 |
      142 |     test('should refresh access token with valid refresh token @auth', async ({ request }) => {
        at /app/tests/e2e/api-integration.spec.ts:139:33

    attachment #1: screenshot (image/png) ──────────────────────────────────────────────────────────
    ../../test-artifacts-optimized/api-integration-API-Integr-259c4-ct-invalid-credentials-auth-extended-features/test-failed-1.png
    ────────────────────────────────────────────────────────────────────────────────────────────────

    attachment #2: video (video/webm) ──────────────────────────────────────────────────────────────
    ../../test-artifacts-optimized/api-integration-API-Integr-259c4-ct-invalid-credentials-auth-extended-features/video.webm
    ────────────────────────────────────────────────────────────────────────────────────────────────

    attachment #3: trace (application/zip) ─────────────────────────────────────────────────────────
    ../../test-artifacts-optimized/api-integration-API-Integr-259c4-ct-invalid-credentials-auth-extended-features/trace.zip
    Usage:

        npx playwright show-trace ../../test-artifacts-optimized/api-integration-API-Integr-259c4-ct-invalid-credentials-auth-extended-features/trace.zip

    ────────────────────────────────────────────────────────────────────────────────────────────────
]]>
</failure>
<system-out>
<![CDATA[
[[ATTACHMENT|../test-artifacts-optimized/api-integration-API-Integr-259c4-ct-invalid-credentials-auth-extended-features/test-failed-1.png]]

[[ATTACHMENT|../test-artifacts-optimized/api-integration-API-Integr-259c4-ct-invalid-credentials-auth-extended-features/video.webm]]

[[ATTACHMENT|../test-artifacts-optimized/api-integration-API-Integr-259c4-ct-invalid-credentials-auth-extended-features/trace.zip]]
]]>
</system-out>
</testcase>
<testcase name="API Integration › Authentication and Authorization › should refresh access token with valid refresh token @auth" classname="api-integration.spec.ts" time="1.373">
<failure message="api-integration.spec.ts:142:9 should refresh access token with valid refresh token @auth" type="FAILURE">
<![CDATA[  [extended-features] › api-integration.spec.ts:142:9 › API Integration › Authentication and Authorization › should refresh access token with valid refresh token @auth 

    Error: expect(received).toBe(expected) // Object.is equality

    Expected: 200
    Received: 429

      159 |       });
      160 |
    > 161 |       expect(refreshResponse.status()).toBe(200);
          |                                        ^
      162 |
      163 |       const refreshData = await refreshResponse.json();
      164 |       expect(refreshData.token).toBeDefined();
        at /app/tests/e2e/api-integration.spec.ts:161:40

    attachment #1: screenshot (image/png) ──────────────────────────────────────────────────────────
    ../../test-artifacts-optimized/api-integration-API-Integr-7bdfd-th-valid-refresh-token-auth-extended-features/test-failed-1.png
    ────────────────────────────────────────────────────────────────────────────────────────────────

    attachment #2: video (video/webm) ──────────────────────────────────────────────────────────────
    ../../test-artifacts-optimized/api-integration-API-Integr-7bdfd-th-valid-refresh-token-auth-extended-features/video.webm
    ────────────────────────────────────────────────────────────────────────────────────────────────

    attachment #3: trace (application/zip) ─────────────────────────────────────────────────────────
    ../../test-artifacts-optimized/api-integration-API-Integr-7bdfd-th-valid-refresh-token-auth-extended-features/trace.zip
    Usage:

        npx playwright show-trace ../../test-artifacts-optimized/api-integration-API-Integr-7bdfd-th-valid-refresh-token-auth-extended-features/trace.zip

    ────────────────────────────────────────────────────────────────────────────────────────────────
]]>
</failure>
<system-out>
<![CDATA[
[[ATTACHMENT|../test-artifacts-optimized/api-integration-API-Integr-7bdfd-th-valid-refresh-token-auth-extended-features/test-failed-1.png]]

[[ATTACHMENT|../test-artifacts-optimized/api-integration-API-Integr-7bdfd-th-valid-refresh-token-auth-extended-features/video.webm]]

[[ATTACHMENT|../test-artifacts-optimized/api-integration-API-Integr-7bdfd-th-valid-refresh-token-auth-extended-features/trace.zip]]
]]>
</system-out>
</testcase>
<testcase name="API Integration › Authentication and Authorization › should require authentication for protected endpoints @auth" classname="api-integration.spec.ts" time="0.303">
<failure message="api-integration.spec.ts:169:9 should require authentication for protected endpoints @auth" type="FAILURE">
<![CDATA[  [extended-features] › api-integration.spec.ts:169:9 › API Integration › Authentication and Authorization › should require authentication for protected endpoints @auth 

    Error: expect(received).toBe(expected) // Object.is equality

    Expected: 401
    Received: 429

      186 |         }
      187 |
    > 188 |         expect(response.status()).toBe(401);
          |                                   ^
      189 |
      190 |         const errorData = await response.json();
      191 |         expect(errorData.error).toMatch(/unauthorized|authentication required/i);
        at /app/tests/e2e/api-integration.spec.ts:188:35

    attachment #1: screenshot (image/png) ──────────────────────────────────────────────────────────
    ../../test-artifacts-optimized/api-integration-API-Integr-08160-or-protected-endpoints-auth-extended-features/test-failed-1.png
    ────────────────────────────────────────────────────────────────────────────────────────────────

    attachment #2: video (video/webm) ──────────────────────────────────────────────────────────────
    ../../test-artifacts-optimized/api-integration-API-Integr-08160-or-protected-endpoints-auth-extended-features/video.webm
    ────────────────────────────────────────────────────────────────────────────────────────────────

    attachment #3: trace (application/zip) ─────────────────────────────────────────────────────────
    ../../test-artifacts-optimized/api-integration-API-Integr-08160-or-protected-endpoints-auth-extended-features/trace.zip
    Usage:

        npx playwright show-trace ../../test-artifacts-optimized/api-integration-API-Integr-08160-or-protected-endpoints-auth-extended-features/trace.zip

    ────────────────────────────────────────────────────────────────────────────────────────────────
]]>
</failure>
<system-out>
<![CDATA[
[[ATTACHMENT|../test-artifacts-optimized/api-integration-API-Integr-08160-or-protected-endpoints-auth-extended-features/test-failed-1.png]]

[[ATTACHMENT|../test-artifacts-optimized/api-integration-API-Integr-08160-or-protected-endpoints-auth-extended-features/video.webm]]

[[ATTACHMENT|../test-artifacts-optimized/api-integration-API-Integr-08160-or-protected-endpoints-auth-extended-features/trace.zip]]
]]>
</system-out>
</testcase>
<testcase name="API Integration › Authentication and Authorization › should enforce role-based access control @auth" classname="api-integration.spec.ts" time="0.291">
<failure message="api-integration.spec.ts:195:9 should enforce role-based access control @auth" type="FAILURE">
<![CDATA[  [extended-features] › api-integration.spec.ts:195:9 › API Integration › Authentication and Authorization › should enforce role-based access control @auth 

    SyntaxError: Unexpected token 'T', "Too many r"... is not valid JSON

      202 |       });
      203 |
    > 204 |       const customerAuth = await customerLogin.json();
          |                            ^
      205 |
      206 |       // Try to access admin-only endpoint
      207 |       const adminResponse = await request.get(`${apiBaseUrl}/admin/users`, {
        at /app/tests/e2e/api-integration.spec.ts:204:28

    attachment #1: screenshot (image/png) ──────────────────────────────────────────────────────────
    ../../test-artifacts-optimized/api-integration-API-Integr-39903-e-based-access-control-auth-extended-features/test-failed-1.png
    ────────────────────────────────────────────────────────────────────────────────────────────────

    attachment #2: video (video/webm) ──────────────────────────────────────────────────────────────
    ../../test-artifacts-optimized/api-integration-API-Integr-39903-e-based-access-control-auth-extended-features/video.webm
    ────────────────────────────────────────────────────────────────────────────────────────────────

    attachment #3: trace (application/zip) ─────────────────────────────────────────────────────────
    ../../test-artifacts-optimized/api-integration-API-Integr-39903-e-based-access-control-auth-extended-features/trace.zip
    Usage:

        npx playwright show-trace ../../test-artifacts-optimized/api-integration-API-Integr-39903-e-based-access-control-auth-extended-features/trace.zip

    ────────────────────────────────────────────────────────────────────────────────────────────────
]]>
</failure>
<system-out>
<![CDATA[
[[ATTACHMENT|../test-artifacts-optimized/api-integration-API-Integr-39903-e-based-access-control-auth-extended-features/test-failed-1.png]]

[[ATTACHMENT|../test-artifacts-optimized/api-integration-API-Integr-39903-e-based-access-control-auth-extended-features/video.webm]]

[[ATTACHMENT|../test-artifacts-optimized/api-integration-API-Integr-39903-e-based-access-control-auth-extended-features/trace.zip]]
]]>
</system-out>
</testcase>
<testcase name="API Integration › Authentication and Authorization › should handle token expiration @auth" classname="api-integration.spec.ts" time="0.31">
<failure message="api-integration.spec.ts:219:9 should handle token expiration @auth" type="FAILURE">
<![CDATA[  [extended-features] › api-integration.spec.ts:219:9 › API Integration › Authentication and Authorization › should handle token expiration @auth 

    Error: expect(received).toBe(expected) // Object.is equality

    Expected: 401
    Received: 429

      226 |       });
      227 |
    > 228 |       expect(response.status()).toBe(401);
          |                                 ^
      229 |
      230 |       const errorData = await response.json();
      231 |       expect(errorData.error).toMatch(/invalid token|token expired/i);
        at /app/tests/e2e/api-integration.spec.ts:228:33

    attachment #1: screenshot (image/png) ──────────────────────────────────────────────────────────
    ../../test-artifacts-optimized/api-integration-API-Integr-fbd2d-andle-token-expiration-auth-extended-features/test-failed-1.png
    ────────────────────────────────────────────────────────────────────────────────────────────────

    attachment #2: video (video/webm) ──────────────────────────────────────────────────────────────
    ../../test-artifacts-optimized/api-integration-API-Integr-fbd2d-andle-token-expiration-auth-extended-features/video.webm
    ────────────────────────────────────────────────────────────────────────────────────────────────

    attachment #3: trace (application/zip) ─────────────────────────────────────────────────────────
    ../../test-artifacts-optimized/api-integration-API-Integr-fbd2d-andle-token-expiration-auth-extended-features/trace.zip
    Usage:

        npx playwright show-trace ../../test-artifacts-optimized/api-integration-API-Integr-fbd2d-andle-token-expiration-auth-extended-features/trace.zip

    ────────────────────────────────────────────────────────────────────────────────────────────────
]]>
</failure>
<system-out>
<![CDATA[
[[ATTACHMENT|../test-artifacts-optimized/api-integration-API-Integr-fbd2d-andle-token-expiration-auth-extended-features/test-failed-1.png]]

[[ATTACHMENT|../test-artifacts-optimized/api-integration-API-Integr-fbd2d-andle-token-expiration-auth-extended-features/video.webm]]

[[ATTACHMENT|../test-artifacts-optimized/api-integration-API-Integr-fbd2d-andle-token-expiration-auth-extended-features/trace.zip]]
]]>
</system-out>
</testcase>
<testcase name="API Integration › Package Management API › should create new package @packages" classname="api-integration.spec.ts" time="0.296">
<failure message="api-integration.spec.ts:251:9 should create new package @packages" type="FAILURE">
<![CDATA[  [extended-features] › api-integration.spec.ts:251:9 › API Integration › Package Management API › should create new package @packages 

    SyntaxError: Unexpected token 'T', "Too many r"... is not valid JSON

      245 |       });
      246 |
    > 247 |       const authData = await loginResponse.json();
          |                        ^
      248 |       authToken = authData.token;
      249 |     });
      250 |
        at /app/tests/e2e/api-integration.spec.ts:247:24

    attachment #1: screenshot (image/png) ──────────────────────────────────────────────────────────
    ../../test-artifacts-optimized/api-integration-API-Integr-7ed41-create-new-package-packages-extended-features/test-failed-1.png
    ────────────────────────────────────────────────────────────────────────────────────────────────

    attachment #2: video (video/webm) ──────────────────────────────────────────────────────────────
    ../../test-artifacts-optimized/api-integration-API-Integr-7ed41-create-new-package-packages-extended-features/video.webm
    ────────────────────────────────────────────────────────────────────────────────────────────────

    attachment #3: trace (application/zip) ─────────────────────────────────────────────────────────
    ../../test-artifacts-optimized/api-integration-API-Integr-7ed41-create-new-package-packages-extended-features/trace.zip
    Usage:

        npx playwright show-trace ../../test-artifacts-optimized/api-integration-API-Integr-7ed41-create-new-package-packages-extended-features/trace.zip

    ────────────────────────────────────────────────────────────────────────────────────────────────
]]>
</failure>
<system-out>
<![CDATA[
[[ATTACHMENT|../test-artifacts-optimized/api-integration-API-Integr-7ed41-create-new-package-packages-extended-features/test-failed-1.png]]

[[ATTACHMENT|../test-artifacts-optimized/api-integration-API-Integr-7ed41-create-new-package-packages-extended-features/video.webm]]

[[ATTACHMENT|../test-artifacts-optimized/api-integration-API-Integr-7ed41-create-new-package-packages-extended-features/trace.zip]]
]]>
</system-out>
</testcase>
<testcase name="API Integration › Package Management API › should retrieve package by ID @packages" classname="api-integration.spec.ts" time="0.472">
<failure message="api-integration.spec.ts:288:9 should retrieve package by ID @packages" type="FAILURE">
<![CDATA[  [extended-features] › api-integration.spec.ts:288:9 › API Integration › Package Management API › should retrieve package by ID @packages 

    SyntaxError: Unexpected token 'T', "Too many r"... is not valid JSON

      245 |       });
      246 |
    > 247 |       const authData = await loginResponse.json();
          |                        ^
      248 |       authToken = authData.token;
      249 |     });
      250 |
        at /app/tests/e2e/api-integration.spec.ts:247:24

    attachment #1: screenshot (image/png) ──────────────────────────────────────────────────────────
    ../../test-artifacts-optimized/api-integration-API-Integr-99ef8-ieve-package-by-ID-packages-extended-features/test-failed-1.png
    ────────────────────────────────────────────────────────────────────────────────────────────────

    attachment #2: video (video/webm) ──────────────────────────────────────────────────────────────
    ../../test-artifacts-optimized/api-integration-API-Integr-99ef8-ieve-package-by-ID-packages-extended-features/video.webm
    ────────────────────────────────────────────────────────────────────────────────────────────────

    attachment #3: trace (application/zip) ─────────────────────────────────────────────────────────
    ../../test-artifacts-optimized/api-integration-API-Integr-99ef8-ieve-package-by-ID-packages-extended-features/trace.zip
    Usage:

        npx playwright show-trace ../../test-artifacts-optimized/api-integration-API-Integr-99ef8-ieve-package-by-ID-packages-extended-features/trace.zip

    ────────────────────────────────────────────────────────────────────────────────────────────────
]]>
</failure>
<system-out>
<![CDATA[
[[ATTACHMENT|../test-artifacts-optimized/api-integration-API-Integr-99ef8-ieve-package-by-ID-packages-extended-features/test-failed-1.png]]

[[ATTACHMENT|../test-artifacts-optimized/api-integration-API-Integr-99ef8-ieve-package-by-ID-packages-extended-features/video.webm]]

[[ATTACHMENT|../test-artifacts-optimized/api-integration-API-Integr-99ef8-ieve-package-by-ID-packages-extended-features/trace.zip]]
]]>
</system-out>
</testcase>
<testcase name="API Integration › Package Management API › should update package status @packages" classname="api-integration.spec.ts" time="0.349">
<failure message="api-integration.spec.ts:323:9 should update package status @packages" type="FAILURE">
<![CDATA[  [extended-features] › api-integration.spec.ts:323:9 › API Integration › Package Management API › should update package status @packages 

    SyntaxError: Unexpected token 'T', "Too many r"... is not valid JSON

      245 |       });
      246 |
    > 247 |       const authData = await loginResponse.json();
          |                        ^
      248 |       authToken = authData.token;
      249 |     });
      250 |
        at /app/tests/e2e/api-integration.spec.ts:247:24

    attachment #1: screenshot (image/png) ──────────────────────────────────────────────────────────
    ../../test-artifacts-optimized/api-integration-API-Integr-c67a1-ate-package-status-packages-extended-features/test-failed-1.png
    ────────────────────────────────────────────────────────────────────────────────────────────────

    attachment #2: video (video/webm) ──────────────────────────────────────────────────────────────
    ../../test-artifacts-optimized/api-integration-API-Integr-c67a1-ate-package-status-packages-extended-features/video.webm
    ────────────────────────────────────────────────────────────────────────────────────────────────

    attachment #3: trace (application/zip) ─────────────────────────────────────────────────────────
    ../../test-artifacts-optimized/api-integration-API-Integr-c67a1-ate-package-status-packages-extended-features/trace.zip
    Usage:

        npx playwright show-trace ../../test-artifacts-optimized/api-integration-API-Integr-c67a1-ate-package-status-packages-extended-features/trace.zip

    ────────────────────────────────────────────────────────────────────────────────────────────────
]]>
</failure>
<system-out>
<![CDATA[
[[ATTACHMENT|../test-artifacts-optimized/api-integration-API-Integr-c67a1-ate-package-status-packages-extended-features/test-failed-1.png]]

[[ATTACHMENT|../test-artifacts-optimized/api-integration-API-Integr-c67a1-ate-package-status-packages-extended-features/video.webm]]

[[ATTACHMENT|../test-artifacts-optimized/api-integration-API-Integr-c67a1-ate-package-status-packages-extended-features/trace.zip]]
]]>
</system-out>
</testcase>
<testcase name="API Integration › Package Management API › should list packages with pagination @packages" classname="api-integration.spec.ts" time="0.441">
<failure message="api-integration.spec.ts:363:9 should list packages with pagination @packages" type="FAILURE">
<![CDATA[  [extended-features] › api-integration.spec.ts:363:9 › API Integration › Package Management API › should list packages with pagination @packages 

    SyntaxError: Unexpected token 'T', "Too many r"... is not valid JSON

      245 |       });
      246 |
    > 247 |       const authData = await loginResponse.json();
          |                        ^
      248 |       authToken = authData.token;
      249 |     });
      250 |
        at /app/tests/e2e/api-integration.spec.ts:247:24

    attachment #1: screenshot (image/png) ──────────────────────────────────────────────────────────
    ../../test-artifacts-optimized/api-integration-API-Integr-9a3db-es-with-pagination-packages-extended-features/test-failed-1.png
    ────────────────────────────────────────────────────────────────────────────────────────────────

    attachment #2: video (video/webm) ──────────────────────────────────────────────────────────────
    ../../test-artifacts-optimized/api-integration-API-Integr-9a3db-es-with-pagination-packages-extended-features/video.webm
    ────────────────────────────────────────────────────────────────────────────────────────────────

    attachment #3: trace (application/zip) ─────────────────────────────────────────────────────────
    ../../test-artifacts-optimized/api-integration-API-Integr-9a3db-es-with-pagination-packages-extended-features/trace.zip
    Usage:

        npx playwright show-trace ../../test-artifacts-optimized/api-integration-API-Integr-9a3db-es-with-pagination-packages-extended-features/trace.zip

    ────────────────────────────────────────────────────────────────────────────────────────────────
]]>
</failure>
<system-out>
<![CDATA[
[[ATTACHMENT|../test-artifacts-optimized/api-integration-API-Integr-9a3db-es-with-pagination-packages-extended-features/test-failed-1.png]]

[[ATTACHMENT|../test-artifacts-optimized/api-integration-API-Integr-9a3db-es-with-pagination-packages-extended-features/video.webm]]

[[ATTACHMENT|../test-artifacts-optimized/api-integration-API-Integr-9a3db-es-with-pagination-packages-extended-features/trace.zip]]
]]>
</system-out>
</testcase>
<testcase name="API Integration › Package Management API › should filter packages by status @packages" classname="api-integration.spec.ts" time="0.321">
<failure message="api-integration.spec.ts:379:9 should filter packages by status @packages" type="FAILURE">
<![CDATA[  [extended-features] › api-integration.spec.ts:379:9 › API Integration › Package Management API › should filter packages by status @packages 

    SyntaxError: Unexpected token 'T', "Too many r"... is not valid JSON

      245 |       });
      246 |
    > 247 |       const authData = await loginResponse.json();
          |                        ^
      248 |       authToken = authData.token;
      249 |     });
      250 |
        at /app/tests/e2e/api-integration.spec.ts:247:24

    attachment #1: screenshot (image/png) ──────────────────────────────────────────────────────────
    ../../test-artifacts-optimized/api-integration-API-Integr-c0fb2-packages-by-status-packages-extended-features/test-failed-1.png
    ────────────────────────────────────────────────────────────────────────────────────────────────

    attachment #2: video (video/webm) ──────────────────────────────────────────────────────────────
    ../../test-artifacts-optimized/api-integration-API-Integr-c0fb2-packages-by-status-packages-extended-features/video.webm
    ────────────────────────────────────────────────────────────────────────────────────────────────

    attachment #3: trace (application/zip) ─────────────────────────────────────────────────────────
    ../../test-artifacts-optimized/api-integration-API-Integr-c0fb2-packages-by-status-packages-extended-features/trace.zip
    Usage:

        npx playwright show-trace ../../test-artifacts-optimized/api-integration-API-Integr-c0fb2-packages-by-status-packages-extended-features/trace.zip

    ────────────────────────────────────────────────────────────────────────────────────────────────
]]>
</failure>
<system-out>
<![CDATA[
[[ATTACHMENT|../test-artifacts-optimized/api-integration-API-Integr-c0fb2-packages-by-status-packages-extended-features/test-failed-1.png]]

[[ATTACHMENT|../test-artifacts-optimized/api-integration-API-Integr-c0fb2-packages-by-status-packages-extended-features/video.webm]]

[[ATTACHMENT|../test-artifacts-optimized/api-integration-API-Integr-c0fb2-packages-by-status-packages-extended-features/trace.zip]]
]]>
</system-out>
</testcase>
<testcase name="API Integration › Package Management API › should validate package data on creation @packages" classname="api-integration.spec.ts" time="0.329">
<failure message="api-integration.spec.ts:396:9 should validate package data on creation @packages" type="FAILURE">
<![CDATA[  [extended-features] › api-integration.spec.ts:396:9 › API Integration › Package Management API › should validate package data on creation @packages 

    SyntaxError: Unexpected token 'T', "Too many r"... is not valid JSON

      245 |       });
      246 |
    > 247 |       const authData = await loginResponse.json();
          |                        ^
      248 |       authToken = authData.token;
      249 |     });
      250 |
        at /app/tests/e2e/api-integration.spec.ts:247:24

    attachment #1: screenshot (image/png) ──────────────────────────────────────────────────────────
    ../../test-artifacts-optimized/api-integration-API-Integr-d413f-e-data-on-creation-packages-extended-features/test-failed-1.png
    ────────────────────────────────────────────────────────────────────────────────────────────────

    attachment #2: video (video/webm) ──────────────────────────────────────────────────────────────
    ../../test-artifacts-optimized/api-integration-API-Integr-d413f-e-data-on-creation-packages-extended-features/video.webm
    ────────────────────────────────────────────────────────────────────────────────────────────────

    attachment #3: trace (application/zip) ─────────────────────────────────────────────────────────
    ../../test-artifacts-optimized/api-integration-API-Integr-d413f-e-data-on-creation-packages-extended-features/trace.zip
    Usage:

        npx playwright show-trace ../../test-artifacts-optimized/api-integration-API-Integr-d413f-e-data-on-creation-packages-extended-features/trace.zip

    ────────────────────────────────────────────────────────────────────────────────────────────────
]]>
</failure>
<system-out>
<![CDATA[
[[ATTACHMENT|../test-artifacts-optimized/api-integration-API-Integr-d413f-e-data-on-creation-packages-extended-features/test-failed-1.png]]

[[ATTACHMENT|../test-artifacts-optimized/api-integration-API-Integr-d413f-e-data-on-creation-packages-extended-features/video.webm]]

[[ATTACHMENT|../test-artifacts-optimized/api-integration-API-Integr-d413f-e-data-on-creation-packages-extended-features/trace.zip]]
]]>
</system-out>
</testcase>
<testcase name="API Integration › Package Management API › should handle package not found @packages" classname="api-integration.spec.ts" time="0.347">
<failure message="api-integration.spec.ts:423:9 should handle package not found @packages" type="FAILURE">
<![CDATA[  [extended-features] › api-integration.spec.ts:423:9 › API Integration › Package Management API › should handle package not found @packages 

    SyntaxError: Unexpected token 'T', "Too many r"... is not valid JSON

      245 |       });
      246 |
    > 247 |       const authData = await loginResponse.json();
          |                        ^
      248 |       authToken = authData.token;
      249 |     });
      250 |
        at /app/tests/e2e/api-integration.spec.ts:247:24

    attachment #1: screenshot (image/png) ──────────────────────────────────────────────────────────
    ../../test-artifacts-optimized/api-integration-API-Integr-dd12d--package-not-found-packages-extended-features/test-failed-1.png
    ────────────────────────────────────────────────────────────────────────────────────────────────

    attachment #2: video (video/webm) ──────────────────────────────────────────────────────────────
    ../../test-artifacts-optimized/api-integration-API-Integr-dd12d--package-not-found-packages-extended-features/video.webm
    ────────────────────────────────────────────────────────────────────────────────────────────────

    attachment #3: trace (application/zip) ─────────────────────────────────────────────────────────
    ../../test-artifacts-optimized/api-integration-API-Integr-dd12d--package-not-found-packages-extended-features/trace.zip
    Usage:

        npx playwright show-trace ../../test-artifacts-optimized/api-integration-API-Integr-dd12d--package-not-found-packages-extended-features/trace.zip

    ────────────────────────────────────────────────────────────────────────────────────────────────
]]>
</failure>
<system-out>
<![CDATA[
[[ATTACHMENT|../test-artifacts-optimized/api-integration-API-Integr-dd12d--package-not-found-packages-extended-features/test-failed-1.png]]

[[ATTACHMENT|../test-artifacts-optimized/api-integration-API-Integr-dd12d--package-not-found-packages-extended-features/video.webm]]

[[ATTACHMENT|../test-artifacts-optimized/api-integration-API-Integr-dd12d--package-not-found-packages-extended-features/trace.zip]]
]]>
</system-out>
</testcase>
<testcase name="API Integration › User Management API › should create new user @users" classname="api-integration.spec.ts" time="0.439">
<failure message="api-integration.spec.ts:451:9 should create new user @users" type="FAILURE">
<![CDATA[  [extended-features] › api-integration.spec.ts:451:9 › API Integration › User Management API › should create new user @users 

    SyntaxError: Unexpected token 'T', "Too many r"... is not valid JSON

      445 |       });
      446 |
    > 447 |       const authData = await loginResponse.json();
          |                        ^
      448 |       adminToken = authData.token;
      449 |     });
      450 |
        at /app/tests/e2e/api-integration.spec.ts:447:24

    attachment #1: screenshot (image/png) ──────────────────────────────────────────────────────────
    ../../test-artifacts-optimized/api-integration-API-Integr-5bf8c-hould-create-new-user-users-extended-features/test-failed-1.png
    ────────────────────────────────────────────────────────────────────────────────────────────────

    attachment #2: video (video/webm) ──────────────────────────────────────────────────────────────
    ../../test-artifacts-optimized/api-integration-API-Integr-5bf8c-hould-create-new-user-users-extended-features/video.webm
    ────────────────────────────────────────────────────────────────────────────────────────────────

    attachment #3: trace (application/zip) ─────────────────────────────────────────────────────────
    ../../test-artifacts-optimized/api-integration-API-Integr-5bf8c-hould-create-new-user-users-extended-features/trace.zip
    Usage:

        npx playwright show-trace ../../test-artifacts-optimized/api-integration-API-Integr-5bf8c-hould-create-new-user-users-extended-features/trace.zip

    ────────────────────────────────────────────────────────────────────────────────────────────────
]]>
</failure>
<system-out>
<![CDATA[
[[ATTACHMENT|../test-artifacts-optimized/api-integration-API-Integr-5bf8c-hould-create-new-user-users-extended-features/test-failed-1.png]]

[[ATTACHMENT|../test-artifacts-optimized/api-integration-API-Integr-5bf8c-hould-create-new-user-users-extended-features/video.webm]]

[[ATTACHMENT|../test-artifacts-optimized/api-integration-API-Integr-5bf8c-hould-create-new-user-users-extended-features/trace.zip]]
]]>
</system-out>
</testcase>
<testcase name="API Integration › User Management API › should list users with proper permissions @users" classname="api-integration.spec.ts" time="0.4">
<failure message="api-integration.spec.ts:474:9 should list users with proper permissions @users" type="FAILURE">
<![CDATA[  [extended-features] › api-integration.spec.ts:474:9 › API Integration › User Management API › should list users with proper permissions @users 

    SyntaxError: Unexpected token 'T', "Too many r"... is not valid JSON

      445 |       });
      446 |
    > 447 |       const authData = await loginResponse.json();
          |                        ^
      448 |       adminToken = authData.token;
      449 |     });
      450 |
        at /app/tests/e2e/api-integration.spec.ts:447:24

    attachment #1: screenshot (image/png) ──────────────────────────────────────────────────────────
    ../../test-artifacts-optimized/api-integration-API-Integr-0c531-th-proper-permissions-users-extended-features/test-failed-1.png
    ────────────────────────────────────────────────────────────────────────────────────────────────

    attachment #2: video (video/webm) ──────────────────────────────────────────────────────────────
    ../../test-artifacts-optimized/api-integration-API-Integr-0c531-th-proper-permissions-users-extended-features/video.webm
    ────────────────────────────────────────────────────────────────────────────────────────────────

    attachment #3: trace (application/zip) ─────────────────────────────────────────────────────────
    ../../test-artifacts-optimized/api-integration-API-Integr-0c531-th-proper-permissions-users-extended-features/trace.zip
    Usage:

        npx playwright show-trace ../../test-artifacts-optimized/api-integration-API-Integr-0c531-th-proper-permissions-users-extended-features/trace.zip

    ────────────────────────────────────────────────────────────────────────────────────────────────
]]>
</failure>
<system-out>
<![CDATA[
[[ATTACHMENT|../test-artifacts-optimized/api-integration-API-Integr-0c531-th-proper-permissions-users-extended-features/test-failed-1.png]]

[[ATTACHMENT|../test-artifacts-optimized/api-integration-API-Integr-0c531-th-proper-permissions-users-extended-features/video.webm]]

[[ATTACHMENT|../test-artifacts-optimized/api-integration-API-Integr-0c531-th-proper-permissions-users-extended-features/trace.zip]]
]]>
</system-out>
</testcase>
<testcase name="API Integration › User Management API › should update user information @users" classname="api-integration.spec.ts" time="0.39">
<failure message="api-integration.spec.ts:495:9 should update user information @users" type="FAILURE">
<![CDATA[  [extended-features] › api-integration.spec.ts:495:9 › API Integration › User Management API › should update user information @users 

    SyntaxError: Unexpected token 'T', "Too many r"... is not valid JSON

      445 |       });
      446 |
    > 447 |       const authData = await loginResponse.json();
          |                        ^
      448 |       adminToken = authData.token;
      449 |     });
      450 |
        at /app/tests/e2e/api-integration.spec.ts:447:24

    attachment #1: screenshot (image/png) ──────────────────────────────────────────────────────────
    ../../test-artifacts-optimized/api-integration-API-Integr-fa725-date-user-information-users-extended-features/test-failed-1.png
    ────────────────────────────────────────────────────────────────────────────────────────────────

    attachment #2: video (video/webm) ──────────────────────────────────────────────────────────────
    ../../test-artifacts-optimized/api-integration-API-Integr-fa725-date-user-information-users-extended-features/video.webm
    ────────────────────────────────────────────────────────────────────────────────────────────────

    attachment #3: trace (application/zip) ─────────────────────────────────────────────────────────
    ../../test-artifacts-optimized/api-integration-API-Integr-fa725-date-user-information-users-extended-features/trace.zip
    Usage:

        npx playwright show-trace ../../test-artifacts-optimized/api-integration-API-Integr-fa725-date-user-information-users-extended-features/trace.zip

    ────────────────────────────────────────────────────────────────────────────────────────────────
]]>
</failure>
<system-out>
<![CDATA[
[[ATTACHMENT|../test-artifacts-optimized/api-integration-API-Integr-fa725-date-user-information-users-extended-features/test-failed-1.png]]

[[ATTACHMENT|../test-artifacts-optimized/api-integration-API-Integr-fa725-date-user-information-users-extended-features/video.webm]]

[[ATTACHMENT|../test-artifacts-optimized/api-integration-API-Integr-fa725-date-user-information-users-extended-features/trace.zip]]
]]>
</system-out>
</testcase>
<testcase name="API Integration › User Management API › should validate user email uniqueness @users" classname="api-integration.spec.ts" time="0.348">
<failure message="api-integration.spec.ts:530:9 should validate user email uniqueness @users" type="FAILURE">
<![CDATA[  [extended-features] › api-integration.spec.ts:530:9 › API Integration › User Management API › should validate user email uniqueness @users 

    SyntaxError: Unexpected token 'T', "Too many r"... is not valid JSON

      445 |       });
      446 |
    > 447 |       const authData = await loginResponse.json();
          |                        ^
      448 |       adminToken = authData.token;
      449 |     });
      450 |
        at /app/tests/e2e/api-integration.spec.ts:447:24

    attachment #1: screenshot (image/png) ──────────────────────────────────────────────────────────
    ../../test-artifacts-optimized/api-integration-API-Integr-87dfc-user-email-uniqueness-users-extended-features/test-failed-1.png
    ────────────────────────────────────────────────────────────────────────────────────────────────

    attachment #2: video (video/webm) ──────────────────────────────────────────────────────────────
    ../../test-artifacts-optimized/api-integration-API-Integr-87dfc-user-email-uniqueness-users-extended-features/video.webm
    ────────────────────────────────────────────────────────────────────────────────────────────────

    attachment #3: trace (application/zip) ─────────────────────────────────────────────────────────
    ../../test-artifacts-optimized/api-integration-API-Integr-87dfc-user-email-uniqueness-users-extended-features/trace.zip
    Usage:

        npx playwright show-trace ../../test-artifacts-optimized/api-integration-API-Integr-87dfc-user-email-uniqueness-users-extended-features/trace.zip

    ────────────────────────────────────────────────────────────────────────────────────────────────
]]>
</failure>
<system-out>
<![CDATA[
[[ATTACHMENT|../test-artifacts-optimized/api-integration-API-Integr-87dfc-user-email-uniqueness-users-extended-features/test-failed-1.png]]

[[ATTACHMENT|../test-artifacts-optimized/api-integration-API-Integr-87dfc-user-email-uniqueness-users-extended-features/video.webm]]

[[ATTACHMENT|../test-artifacts-optimized/api-integration-API-Integr-87dfc-user-email-uniqueness-users-extended-features/trace.zip]]
]]>
</system-out>
</testcase>
<testcase name="API Integration › User Management API › should enforce role-based access for user operations @users" classname="api-integration.spec.ts" time="0.288">
<failure message="api-integration.spec.ts:550:9 should enforce role-based access for user operations @users" type="FAILURE">
<![CDATA[  [extended-features] › api-integration.spec.ts:550:9 › API Integration › User Management API › should enforce role-based access for user operations @users 

    SyntaxError: Unexpected token 'T', "Too many r"... is not valid JSON

      445 |       });
      446 |
    > 447 |       const authData = await loginResponse.json();
          |                        ^
      448 |       adminToken = authData.token;
      449 |     });
      450 |
        at /app/tests/e2e/api-integration.spec.ts:447:24

    attachment #1: screenshot (image/png) ──────────────────────────────────────────────────────────
    ../../test-artifacts-optimized/api-integration-API-Integr-84166-s-for-user-operations-users-extended-features/test-failed-1.png
    ────────────────────────────────────────────────────────────────────────────────────────────────

    attachment #2: video (video/webm) ──────────────────────────────────────────────────────────────
    ../../test-artifacts-optimized/api-integration-API-Integr-84166-s-for-user-operations-users-extended-features/video.webm
    ────────────────────────────────────────────────────────────────────────────────────────────────

    attachment #3: trace (application/zip) ─────────────────────────────────────────────────────────
    ../../test-artifacts-optimized/api-integration-API-Integr-84166-s-for-user-operations-users-extended-features/trace.zip
    Usage:

        npx playwright show-trace ../../test-artifacts-optimized/api-integration-API-Integr-84166-s-for-user-operations-users-extended-features/trace.zip

    ────────────────────────────────────────────────────────────────────────────────────────────────
]]>
</failure>
<system-out>
<![CDATA[
[[ATTACHMENT|../test-artifacts-optimized/api-integration-API-Integr-84166-s-for-user-operations-users-extended-features/test-failed-1.png]]

[[ATTACHMENT|../test-artifacts-optimized/api-integration-API-Integr-84166-s-for-user-operations-users-extended-features/video.webm]]

[[ATTACHMENT|../test-artifacts-optimized/api-integration-API-Integr-84166-s-for-user-operations-users-extended-features/trace.zip]]
]]>
</system-out>
</testcase>
<testcase name="API Integration › Tracking and Status Updates › should track package by tracking number @tracking" classname="api-integration.spec.ts" time="0.301">
<failure message="api-integration.spec.ts:594:9 should track package by tracking number @tracking" type="FAILURE">
<![CDATA[  [extended-features] › api-integration.spec.ts:594:9 › API Integration › Tracking and Status Updates › should track package by tracking number @tracking 

    SyntaxError: Unexpected token 'T', "Too many r"... is not valid JSON

      588 |       });
      589 |
    > 590 |       const authData = await loginResponse.json();
          |                        ^
      591 |       authToken = authData.token;
      592 |     });
      593 |
        at /app/tests/e2e/api-integration.spec.ts:590:24

    attachment #1: screenshot (image/png) ──────────────────────────────────────────────────────────
    ../../test-artifacts-optimized/api-integration-API-Integr-75992-by-tracking-number-tracking-extended-features/test-failed-1.png
    ────────────────────────────────────────────────────────────────────────────────────────────────

    attachment #2: video (video/webm) ──────────────────────────────────────────────────────────────
    ../../test-artifacts-optimized/api-integration-API-Integr-75992-by-tracking-number-tracking-extended-features/video.webm
    ────────────────────────────────────────────────────────────────────────────────────────────────

    attachment #3: trace (application/zip) ─────────────────────────────────────────────────────────
    ../../test-artifacts-optimized/api-integration-API-Integr-75992-by-tracking-number-tracking-extended-features/trace.zip
    Usage:

        npx playwright show-trace ../../test-artifacts-optimized/api-integration-API-Integr-75992-by-tracking-number-tracking-extended-features/trace.zip

    ────────────────────────────────────────────────────────────────────────────────────────────────
]]>
</failure>
<system-out>
<![CDATA[
[[ATTACHMENT|../test-artifacts-optimized/api-integration-API-Integr-75992-by-tracking-number-tracking-extended-features/test-failed-1.png]]

[[ATTACHMENT|../test-artifacts-optimized/api-integration-API-Integr-75992-by-tracking-number-tracking-extended-features/video.webm]]

[[ATTACHMENT|../test-artifacts-optimized/api-integration-API-Integr-75992-by-tracking-number-tracking-extended-features/trace.zip]]
]]>
</system-out>
</testcase>
<testcase name="API Integration › Tracking and Status Updates › should update package location @tracking" classname="api-integration.spec.ts" time="0.805">
<failure message="api-integration.spec.ts:629:9 should update package location @tracking" type="FAILURE">
<![CDATA[  [extended-features] › api-integration.spec.ts:629:9 › API Integration › Tracking and Status Updates › should update package location @tracking 

    SyntaxError: Unexpected token 'T', "Too many r"... is not valid JSON

      588 |       });
      589 |
    > 590 |       const authData = await loginResponse.json();
          |                        ^
      591 |       authToken = authData.token;
      592 |     });
      593 |
        at /app/tests/e2e/api-integration.spec.ts:590:24

    attachment #1: screenshot (image/png) ──────────────────────────────────────────────────────────
    ../../test-artifacts-optimized/api-integration-API-Integr-bc927-e-package-location-tracking-extended-features/test-failed-1.png
    ────────────────────────────────────────────────────────────────────────────────────────────────

    attachment #2: video (video/webm) ──────────────────────────────────────────────────────────────
    ../../test-artifacts-optimized/api-integration-API-Integr-bc927-e-package-location-tracking-extended-features/video.webm
    ────────────────────────────────────────────────────────────────────────────────────────────────

    attachment #3: trace (application/zip) ─────────────────────────────────────────────────────────
    ../../test-artifacts-optimized/api-integration-API-Integr-bc927-e-package-location-tracking-extended-features/trace.zip
    Usage:

        npx playwright show-trace ../../test-artifacts-optimized/api-integration-API-Integr-bc927-e-package-location-tracking-extended-features/trace.zip

    ────────────────────────────────────────────────────────────────────────────────────────────────
]]>
</failure>
<system-out>
<![CDATA[
[[ATTACHMENT|../test-artifacts-optimized/api-integration-API-Integr-bc927-e-package-location-tracking-extended-features/test-failed-1.png]]

[[ATTACHMENT|../test-artifacts-optimized/api-integration-API-Integr-bc927-e-package-location-tracking-extended-features/video.webm]]

[[ATTACHMENT|../test-artifacts-optimized/api-integration-API-Integr-bc927-e-package-location-tracking-extended-features/trace.zip]]
]]>
</system-out>
</testcase>
<testcase name="API Integration › Tracking and Status Updates › should handle invalid tracking numbers @tracking" classname="api-integration.spec.ts" time="0.69">
<failure message="api-integration.spec.ts:684:9 should handle invalid tracking numbers @tracking" type="FAILURE">
<![CDATA[  [extended-features] › api-integration.spec.ts:684:9 › API Integration › Tracking and Status Updates › should handle invalid tracking numbers @tracking 

    SyntaxError: Unexpected token 'T', "Too many r"... is not valid JSON

      588 |       });
      589 |
    > 590 |       const authData = await loginResponse.json();
          |                        ^
      591 |       authToken = authData.token;
      592 |     });
      593 |
        at /app/tests/e2e/api-integration.spec.ts:590:24

    attachment #1: screenshot (image/png) ──────────────────────────────────────────────────────────
    ../../test-artifacts-optimized/api-integration-API-Integr-dad7d-d-tracking-numbers-tracking-extended-features/test-failed-1.png
    ────────────────────────────────────────────────────────────────────────────────────────────────

    attachment #2: video (video/webm) ──────────────────────────────────────────────────────────────
    ../../test-artifacts-optimized/api-integration-API-Integr-dad7d-d-tracking-numbers-tracking-extended-features/video.webm
    ────────────────────────────────────────────────────────────────────────────────────────────────

    attachment #3: trace (application/zip) ─────────────────────────────────────────────────────────
    ../../test-artifacts-optimized/api-integration-API-Integr-dad7d-d-tracking-numbers-tracking-extended-features/trace.zip
    Usage:

        npx playwright show-trace ../../test-artifacts-optimized/api-integration-API-Integr-dad7d-d-tracking-numbers-tracking-extended-features/trace.zip

    ────────────────────────────────────────────────────────────────────────────────────────────────
]]>
</failure>
<system-out>
<![CDATA[
[[ATTACHMENT|../test-artifacts-optimized/api-integration-API-Integr-dad7d-d-tracking-numbers-tracking-extended-features/test-failed-1.png]]

[[ATTACHMENT|../test-artifacts-optimized/api-integration-API-Integr-dad7d-d-tracking-numbers-tracking-extended-features/video.webm]]

[[ATTACHMENT|../test-artifacts-optimized/api-integration-API-Integr-dad7d-d-tracking-numbers-tracking-extended-features/trace.zip]]
]]>
</system-out>
</testcase>
<testcase name="API Integration › Tracking and Status Updates › should provide tracking history @tracking" classname="api-integration.spec.ts" time="0.476">
<failure message="api-integration.spec.ts:693:9 should provide tracking history @tracking" type="FAILURE">
<![CDATA[  [extended-features] › api-integration.spec.ts:693:9 › API Integration › Tracking and Status Updates › should provide tracking history @tracking 

    SyntaxError: Unexpected token 'T', "Too many r"... is not valid JSON

      588 |       });
      589 |
    > 590 |       const authData = await loginResponse.json();
          |                        ^
      591 |       authToken = authData.token;
      592 |     });
      593 |
        at /app/tests/e2e/api-integration.spec.ts:590:24

    attachment #1: screenshot (image/png) ──────────────────────────────────────────────────────────
    ../../test-artifacts-optimized/api-integration-API-Integr-0747f-e-tracking-history-tracking-extended-features/test-failed-1.png
    ────────────────────────────────────────────────────────────────────────────────────────────────

    attachment #2: video (video/webm) ──────────────────────────────────────────────────────────────
    ../../test-artifacts-optimized/api-integration-API-Integr-0747f-e-tracking-history-tracking-extended-features/video.webm
    ────────────────────────────────────────────────────────────────────────────────────────────────

    attachment #3: trace (application/zip) ─────────────────────────────────────────────────────────
    ../../test-artifacts-optimized/api-integration-API-Integr-0747f-e-tracking-history-tracking-extended-features/trace.zip
    Usage:

        npx playwright show-trace ../../test-artifacts-optimized/api-integration-API-Integr-0747f-e-tracking-history-tracking-extended-features/trace.zip

    ────────────────────────────────────────────────────────────────────────────────────────────────
]]>
</failure>
<system-out>
<![CDATA[
[[ATTACHMENT|../test-artifacts-optimized/api-integration-API-Integr-0747f-e-tracking-history-tracking-extended-features/test-failed-1.png]]

[[ATTACHMENT|../test-artifacts-optimized/api-integration-API-Integr-0747f-e-tracking-history-tracking-extended-features/video.webm]]

[[ATTACHMENT|../test-artifacts-optimized/api-integration-API-Integr-0747f-e-tracking-history-tracking-extended-features/trace.zip]]
]]>
</system-out>
</testcase>
<testcase name="API Integration › Error Handling and Validation › should return proper error codes @error-handling" classname="api-integration.spec.ts" time="0.677">
<failure message="api-integration.spec.ts:751:9 should return proper error codes @error-handling" type="FAILURE">
<![CDATA[  [extended-features] › api-integration.spec.ts:751:9 › API Integration › Error Handling and Validation › should return proper error codes @error-handling 

    Error: expect(received).toBe(expected) // Object.is equality

    Expected: 400
    Received: 429

      806 |         }
      807 |
    > 808 |         expect(response.status()).toBe(scenario.expectedStatus);
          |                                   ^
      809 |
      810 |         const errorData = await response.json();
      811 |         expect(errorData.error).toBeDefined();
        at /app/tests/e2e/api-integration.spec.ts:808:35

    attachment #1: screenshot (image/png) ──────────────────────────────────────────────────────────
    ../../test-artifacts-optimized/api-integration-API-Integr-e0f3b--error-codes-error-handling-extended-features/test-failed-1.png
    ────────────────────────────────────────────────────────────────────────────────────────────────

    attachment #2: video (video/webm) ──────────────────────────────────────────────────────────────
    ../../test-artifacts-optimized/api-integration-API-Integr-e0f3b--error-codes-error-handling-extended-features/video.webm
    ────────────────────────────────────────────────────────────────────────────────────────────────

    attachment #3: trace (application/zip) ─────────────────────────────────────────────────────────
    ../../test-artifacts-optimized/api-integration-API-Integr-e0f3b--error-codes-error-handling-extended-features/trace.zip
    Usage:

        npx playwright show-trace ../../test-artifacts-optimized/api-integration-API-Integr-e0f3b--error-codes-error-handling-extended-features/trace.zip

    ────────────────────────────────────────────────────────────────────────────────────────────────
]]>
</failure>
<system-out>
<![CDATA[
[[ATTACHMENT|../test-artifacts-optimized/api-integration-API-Integr-e0f3b--error-codes-error-handling-extended-features/test-failed-1.png]]

[[ATTACHMENT|../test-artifacts-optimized/api-integration-API-Integr-e0f3b--error-codes-error-handling-extended-features/video.webm]]

[[ATTACHMENT|../test-artifacts-optimized/api-integration-API-Integr-e0f3b--error-codes-error-handling-extended-features/trace.zip]]
]]>
</system-out>
</testcase>
<testcase name="API Integration › Error Handling and Validation › should validate request content type @error-handling" classname="api-integration.spec.ts" time="0.531">
<failure message="api-integration.spec.ts:815:9 should validate request content type @error-handling" type="FAILURE">
<![CDATA[  [extended-features] › api-integration.spec.ts:815:9 › API Integration › Error Handling and Validation › should validate request content type @error-handling 

    Error: expect(received).toBe(expected) // Object.is equality

    Expected: 400
    Received: 429

      822 |       });
      823 |
    > 824 |       expect(response.status()).toBe(400);
          |                                 ^
      825 |
      826 |       const errorData = await response.json();
      827 |       expect(errorData.error).toMatch(/content.*type|invalid.*format/i);
        at /app/tests/e2e/api-integration.spec.ts:824:33

    attachment #1: screenshot (image/png) ──────────────────────────────────────────────────────────
    ../../test-artifacts-optimized/api-integration-API-Integr-45b10-content-type-error-handling-extended-features/test-failed-1.png
    ────────────────────────────────────────────────────────────────────────────────────────────────

    attachment #2: video (video/webm) ──────────────────────────────────────────────────────────────
    ../../test-artifacts-optimized/api-integration-API-Integr-45b10-content-type-error-handling-extended-features/video.webm
    ────────────────────────────────────────────────────────────────────────────────────────────────

    attachment #3: trace (application/zip) ─────────────────────────────────────────────────────────
    ../../test-artifacts-optimized/api-integration-API-Integr-45b10-content-type-error-handling-extended-features/trace.zip
    Usage:

        npx playwright show-trace ../../test-artifacts-optimized/api-integration-API-Integr-45b10-content-type-error-handling-extended-features/trace.zip

    ────────────────────────────────────────────────────────────────────────────────────────────────
]]>
</failure>
<system-out>
<![CDATA[
[[ATTACHMENT|../test-artifacts-optimized/api-integration-API-Integr-45b10-content-type-error-handling-extended-features/test-failed-1.png]]

[[ATTACHMENT|../test-artifacts-optimized/api-integration-API-Integr-45b10-content-type-error-handling-extended-features/video.webm]]

[[ATTACHMENT|../test-artifacts-optimized/api-integration-API-Integr-45b10-content-type-error-handling-extended-features/trace.zip]]
]]>
</system-out>
</testcase>
<testcase name="API Integration › Error Handling and Validation › should handle server errors gracefully @error-handling" classname="api-integration.spec.ts" time="0.484">
<failure message="api-integration.spec.ts:830:9 should handle server errors gracefully @error-handling" type="FAILURE">
<![CDATA[  [extended-features] › api-integration.spec.ts:830:9 › API Integration › Error Handling and Validation › should handle server errors gracefully @error-handling 

    Error: expect(received).toContain(expected) // indexOf

    Expected value: 429
    Received array: [400, 500]

      850 |
      851 |       // Should handle gracefully, either with validation error or server error
    > 852 |       expect([400, 500]).toContain(response.status());
          |                          ^
      853 |     });
      854 |   });
      855 |
        at /app/tests/e2e/api-integration.spec.ts:852:26

    attachment #1: screenshot (image/png) ──────────────────────────────────────────────────────────
    ../../test-artifacts-optimized/api-integration-API-Integr-148d3-s-gracefully-error-handling-extended-features/test-failed-1.png
    ────────────────────────────────────────────────────────────────────────────────────────────────

    attachment #2: video (video/webm) ──────────────────────────────────────────────────────────────
    ../../test-artifacts-optimized/api-integration-API-Integr-148d3-s-gracefully-error-handling-extended-features/video.webm
    ────────────────────────────────────────────────────────────────────────────────────────────────

    attachment #3: trace (application/zip) ─────────────────────────────────────────────────────────
    ../../test-artifacts-optimized/api-integration-API-Integr-148d3-s-gracefully-error-handling-extended-features/trace.zip
    Usage:

        npx playwright show-trace ../../test-artifacts-optimized/api-integration-API-Integr-148d3-s-gracefully-error-handling-extended-features/trace.zip

    ────────────────────────────────────────────────────────────────────────────────────────────────
]]>
</failure>
<system-out>
<![CDATA[
[[ATTACHMENT|../test-artifacts-optimized/api-integration-API-Integr-148d3-s-gracefully-error-handling-extended-features/test-failed-1.png]]

[[ATTACHMENT|../test-artifacts-optimized/api-integration-API-Integr-148d3-s-gracefully-error-handling-extended-features/video.webm]]

[[ATTACHMENT|../test-artifacts-optimized/api-integration-API-Integr-148d3-s-gracefully-error-handling-extended-features/trace.zip]]
]]>
</system-out>
</testcase>
<testcase name="API Integration › Data Consistency and Integrity › should maintain data consistency across operations @consistency" classname="api-integration.spec.ts" time="0.405">
<failure message="api-integration.spec.ts:871:9 should maintain data consistency across operations @consistency" type="FAILURE">
<![CDATA[  [extended-features] › api-integration.spec.ts:871:9 › API Integration › Data Consistency and Integrity › should maintain data consistency across operations @consistency 

    SyntaxError: Unexpected token 'T', "Too many r"... is not valid JSON

      865 |       });
      866 |
    > 867 |       const authData = await loginResponse.json();
          |                        ^
      868 |       authToken = authData.token;
      869 |     });
      870 |
        at /app/tests/e2e/api-integration.spec.ts:867:24

    attachment #1: screenshot (image/png) ──────────────────────────────────────────────────────────
    ../../test-artifacts-optimized/api-integration-API-Integr-55103-ross-operations-consistency-extended-features/test-failed-1.png
    ────────────────────────────────────────────────────────────────────────────────────────────────

    attachment #2: video (video/webm) ──────────────────────────────────────────────────────────────
    ../../test-artifacts-optimized/api-integration-API-Integr-55103-ross-operations-consistency-extended-features/video.webm
    ────────────────────────────────────────────────────────────────────────────────────────────────

[...]

    ────────────────────────────────────────────────────────────────────────────────────────────────
]]>
</failure>
<system-out>
<![CDATA[
[[ATTACHMENT|../test-artifacts-optimized/ui-ux-UI-UX-Experience-Acc-cf60f-olor-contrast-accessibility-extended-features/test-failed-1.png]]

[[ATTACHMENT|../test-artifacts-optimized/ui-ux-UI-UX-Experience-Acc-cf60f-olor-contrast-accessibility-extended-features/video.webm]]

[[ATTACHMENT|../test-artifacts-optimized/ui-ux-UI-UX-Experience-Acc-cf60f-olor-contrast-accessibility-extended-features/error-context.md]]

[[ATTACHMENT|../test-artifacts-optimized/ui-ux-UI-UX-Experience-Acc-cf60f-olor-contrast-accessibility-extended-features/trace.zip]]
]]>
</system-out>
</testcase>
<testcase name="UI/UX Experience › Accessibility Compliance (WCAG 2.1) › should provide focus management @accessibility" classname="ui-ux.spec.ts" time="2.247">
<failure message="ui-ux.spec.ts:576:9 should provide focus management @accessibility" type="FAILURE">
<![CDATA[  [extended-features] › ui-ux.spec.ts:576:9 › UI/UX Experience › Accessibility Compliance (WCAG 2.1) › should provide focus management @accessibility 

    TypeError: assertions.testFocusManagement is not a function

      575 |
      576 |     test('should provide focus management @accessibility', async ({ page }) => {
    > 577 |       await assertions.testFocusManagement(page);
          |                        ^
      578 |
      579 |       // Test modal/dialog focus management if present
      580 |       const modalTrigger = page
        at /app/tests/e2e/ui-ux.spec.ts:577:24

    attachment #1: screenshot (image/png) ──────────────────────────────────────────────────────────
    ../../test-artifacts-optimized/ui-ux-UI-UX-Experience-Acc-383a3-us-management-accessibility-extended-features/test-failed-1.png
    ────────────────────────────────────────────────────────────────────────────────────────────────

    attachment #2: video (video/webm) ──────────────────────────────────────────────────────────────
    ../../test-artifacts-optimized/ui-ux-UI-UX-Experience-Acc-383a3-us-management-accessibility-extended-features/video.webm
    ────────────────────────────────────────────────────────────────────────────────────────────────

    Error Context: ../../test-artifacts-optimized/ui-ux-UI-UX-Experience-Acc-383a3-us-management-accessibility-extended-features/error-context.md

    attachment #4: trace (application/zip) ─────────────────────────────────────────────────────────
    ../../test-artifacts-optimized/ui-ux-UI-UX-Experience-Acc-383a3-us-management-accessibility-extended-features/trace.zip
    Usage:

        npx playwright show-trace ../../test-artifacts-optimized/ui-ux-UI-UX-Experience-Acc-383a3-us-management-accessibility-extended-features/trace.zip

    ────────────────────────────────────────────────────────────────────────────────────────────────
]]>
</failure>
<system-out>
<![CDATA[
[[ATTACHMENT|../test-artifacts-optimized/ui-ux-UI-UX-Experience-Acc-383a3-us-management-accessibility-extended-features/test-failed-1.png]]

[[ATTACHMENT|../test-artifacts-optimized/ui-ux-UI-UX-Experience-Acc-383a3-us-management-accessibility-extended-features/video.webm]]

[[ATTACHMENT|../test-artifacts-optimized/ui-ux-UI-UX-Experience-Acc-383a3-us-management-accessibility-extended-features/error-context.md]]

[[ATTACHMENT|../test-artifacts-optimized/ui-ux-UI-UX-Experience-Acc-383a3-us-management-accessibility-extended-features/trace.zip]]
]]>
</system-out>
</testcase>
<testcase name="UI/UX Experience › Accessibility Compliance (WCAG 2.1) › should support screen readers @accessibility" classname="ui-ux.spec.ts" time="1.748">
</testcase>
<testcase name="UI/UX Experience › Visual Regression and Consistency › should maintain visual consistency across pages @visual" classname="ui-ux.spec.ts" time="4.822">
</testcase>
<testcase name="UI/UX Experience › Visual Regression and Consistency › should handle different content lengths gracefully @visual" classname="ui-ux.spec.ts" time="2.265">
<failure message="ui-ux.spec.ts:692:9 should handle different content lengths gracefully @visual" type="FAILURE">
<![CDATA[  [extended-features] › ui-ux.spec.ts:692:9 › UI/UX Experience › Visual Regression and Consistency › should handle different content lengths gracefully @visual 

    Error: expect(received).toBeGreaterThan(expected)

    Expected: > 100
    Received:   96

      717 |       // Container should handle both content lengths
      718 |       const containerBox = await testContainer.boundingBox();
    > 719 |       expect(containerBox?.height).toBeGreaterThan(100); // Should have reasonable height
          |                                    ^
      720 |
      721 |       // Check for text overflow
      722 |       const hasOverflow = await testContainer.evaluate((el) => {
        at /app/tests/e2e/ui-ux.spec.ts:719:36

    attachment #1: screenshot (image/png) ──────────────────────────────────────────────────────────
    ../../test-artifacts-optimized/ui-ux-UI-UX-Experience-Vis-a939a-t-lengths-gracefully-visual-extended-features/test-failed-1.png
    ────────────────────────────────────────────────────────────────────────────────────────────────

    attachment #2: video (video/webm) ──────────────────────────────────────────────────────────────
    ../../test-artifacts-optimized/ui-ux-UI-UX-Experience-Vis-a939a-t-lengths-gracefully-visual-extended-features/video.webm
    ────────────────────────────────────────────────────────────────────────────────────────────────

    Error Context: ../../test-artifacts-optimized/ui-ux-UI-UX-Experience-Vis-a939a-t-lengths-gracefully-visual-extended-features/error-context.md

    attachment #4: trace (application/zip) ─────────────────────────────────────────────────────────
    ../../test-artifacts-optimized/ui-ux-UI-UX-Experience-Vis-a939a-t-lengths-gracefully-visual-extended-features/trace.zip
    Usage:

        npx playwright show-trace ../../test-artifacts-optimized/ui-ux-UI-UX-Experience-Vis-a939a-t-lengths-gracefully-visual-extended-features/trace.zip

    ────────────────────────────────────────────────────────────────────────────────────────────────
]]>
</failure>
<system-out>
<![CDATA[
[[ATTACHMENT|../test-artifacts-optimized/ui-ux-UI-UX-Experience-Vis-a939a-t-lengths-gracefully-visual-extended-features/test-failed-1.png]]

[[ATTACHMENT|../test-artifacts-optimized/ui-ux-UI-UX-Experience-Vis-a939a-t-lengths-gracefully-visual-extended-features/video.webm]]

[[ATTACHMENT|../test-artifacts-optimized/ui-ux-UI-UX-Experience-Vis-a939a-t-lengths-gracefully-visual-extended-features/error-context.md]]

[[ATTACHMENT|../test-artifacts-optimized/ui-ux-UI-UX-Experience-Vis-a939a-t-lengths-gracefully-visual-extended-features/trace.zip]]
]]>
</system-out>
</testcase>
<testcase name="UI/UX Experience › Visual Regression and Consistency › should maintain layout integrity @visual" classname="ui-ux.spec.ts" time="1.971">
<failure message="ui-ux.spec.ts:733:9 should maintain layout integrity @visual" type="FAILURE">
<![CDATA[  [extended-features] › ui-ux.spec.ts:733:9 › UI/UX Experience › Visual Regression and Consistency › should maintain layout integrity @visual 

    Error: page.evaluate: TypeError: el1.className.split is not a function
        at eval (eval at evaluate (:291:30), <anonymous>:19:75)
        at UtilityScript.evaluate (<anonymous>:293:16)
        at UtilityScript.<anonymous> (<anonymous>:1:44)
        at eval (eval at evaluate (:291:30), <anonymous>:19:75)
        at UtilityScript.evaluate (<anonymous>:293:16)
        at UtilityScript.<anonymous> (<anonymous>:1:44)
        at /app/tests/e2e/ui-ux.spec.ts:750:46

    attachment #1: screenshot (image/png) ──────────────────────────────────────────────────────────
    ../../test-artifacts-optimized/ui-ux-UI-UX-Experience-Vis-827d3-ain-layout-integrity-visual-extended-features/test-failed-1.png
    ────────────────────────────────────────────────────────────────────────────────────────────────

    attachment #2: video (video/webm) ──────────────────────────────────────────────────────────────
    ../../test-artifacts-optimized/ui-ux-UI-UX-Experience-Vis-827d3-ain-layout-integrity-visual-extended-features/video.webm
    ────────────────────────────────────────────────────────────────────────────────────────────────

    Error Context: ../../test-artifacts-optimized/ui-ux-UI-UX-Experience-Vis-827d3-ain-layout-integrity-visual-extended-features/error-context.md

    attachment #4: trace (application/zip) ─────────────────────────────────────────────────────────
    ../../test-artifacts-optimized/ui-ux-UI-UX-Experience-Vis-827d3-ain-layout-integrity-visual-extended-features/trace.zip
    Usage:

        npx playwright show-trace ../../test-artifacts-optimized/ui-ux-UI-UX-Experience-Vis-827d3-ain-layout-integrity-visual-extended-features/trace.zip

    ────────────────────────────────────────────────────────────────────────────────────────────────
]]>
</failure>
<system-out>
<![CDATA[
[[ATTACHMENT|../test-artifacts-optimized/ui-ux-UI-UX-Experience-Vis-827d3-ain-layout-integrity-visual-extended-features/test-failed-1.png]]

[[ATTACHMENT|../test-artifacts-optimized/ui-ux-UI-UX-Experience-Vis-827d3-ain-layout-integrity-visual-extended-features/video.webm]]

[[ATTACHMENT|../test-artifacts-optimized/ui-ux-UI-UX-Experience-Vis-827d3-ain-layout-integrity-visual-extended-features/error-context.md]]

[[ATTACHMENT|../test-artifacts-optimized/ui-ux-UI-UX-Experience-Vis-827d3-ain-layout-integrity-visual-extended-features/trace.zip]]
]]>
</system-out>
</testcase>
<testcase name="UI/UX Experience › Loading States and Animations › should show loading states during async operations @loading" classname="ui-ux.spec.ts" time="2.595">
<failure message="ui-ux.spec.ts:795:9 should show loading states during async operations @loading" type="FAILURE">
<![CDATA[  [extended-features] › ui-ux.spec.ts:795:9 › UI/UX Experience › Loading States and Animations › should show loading states during async operations @loading 

    ReferenceError: config is not defined

      802 |       if ((await loginForm.isVisible()) && (await loginButton.isVisible())) {
      803 |         // Fill form
    > 804 |         await page.fill('input[type="email"]', config.testUsers.staff.email);
          |                                                ^
      805 |         await page.fill('input[type="password"]', config.testUsers.staff.password);
      806 |
      807 |         // Submit and check for loading state
        at /app/tests/e2e/ui-ux.spec.ts:804:48

    attachment #1: screenshot (image/png) ──────────────────────────────────────────────────────────
    ../../test-artifacts-optimized/ui-ux-UI-UX-Experience-Loa-acf9b-ng-async-operations-loading-extended-features/test-failed-1.png
    ────────────────────────────────────────────────────────────────────────────────────────────────

    attachment #2: video (video/webm) ──────────────────────────────────────────────────────────────
    ../../test-artifacts-optimized/ui-ux-UI-UX-Experience-Loa-acf9b-ng-async-operations-loading-extended-features/video.webm
    ────────────────────────────────────────────────────────────────────────────────────────────────

    Error Context: ../../test-artifacts-optimized/ui-ux-UI-UX-Experience-Loa-acf9b-ng-async-operations-loading-extended-features/error-context.md

    attachment #4: trace (application/zip) ─────────────────────────────────────────────────────────
    ../../test-artifacts-optimized/ui-ux-UI-UX-Experience-Loa-acf9b-ng-async-operations-loading-extended-features/trace.zip
    Usage:

        npx playwright show-trace ../../test-artifacts-optimized/ui-ux-UI-UX-Experience-Loa-acf9b-ng-async-operations-loading-extended-features/trace.zip

    ────────────────────────────────────────────────────────────────────────────────────────────────
]]>
</failure>
<system-out>
<![CDATA[
[[ATTACHMENT|../test-artifacts-optimized/ui-ux-UI-UX-Experience-Loa-acf9b-ng-async-operations-loading-extended-features/test-failed-1.png]]

[[ATTACHMENT|../test-artifacts-optimized/ui-ux-UI-UX-Experience-Loa-acf9b-ng-async-operations-loading-extended-features/video.webm]]

[[ATTACHMENT|../test-artifacts-optimized/ui-ux-UI-UX-Experience-Loa-acf9b-ng-async-operations-loading-extended-features/error-context.md]]

[[ATTACHMENT|../test-artifacts-optimized/ui-ux-UI-UX-Experience-Loa-acf9b-ng-async-operations-loading-extended-features/trace.zip]]
]]>
</system-out>
</testcase>
<testcase name="UI/UX Experience › Loading States and Animations › should handle long loading times gracefully @loading" classname="ui-ux.spec.ts" time="5.622">
</testcase>
<testcase name="UI/UX Experience › Loading States and Animations › should have smooth animations @animations" classname="ui-ux.spec.ts" time="1.88">
</testcase>
<testcase name="UI/UX Experience › Loading States and Animations › should respect reduced motion preferences @animations @accessibility" classname="ui-ux.spec.ts" time="1.645">
<failure message="ui-ux.spec.ts:896:9 should respect reduced motion preferences @animations @accessibility" type="FAILURE">
<![CDATA[  [extended-features] › ui-ux.spec.ts:896:9 › UI/UX Experience › Loading States and Animations › should respect reduced motion preferences @animations @accessibility 

    TypeError: context.emulateMedia is not a function

      899 |     }) => {
      900 |       // Enable reduced motion
    > 901 |       await context.emulateMedia({ reducedMotion: 'reduce' });
          |                     ^
      902 |       await page.reload();
      903 |
      904 |       // Check that animations are reduced or disabled
        at /app/tests/e2e/ui-ux.spec.ts:901:21

    attachment #1: screenshot (image/png) ──────────────────────────────────────────────────────────
    ../../test-artifacts-optimized/ui-ux-UI-UX-Experience-Loa-55a4b-es-animations-accessibility-extended-features/test-failed-1.png
    ────────────────────────────────────────────────────────────────────────────────────────────────

    attachment #2: video (video/webm) ──────────────────────────────────────────────────────────────
    ../../test-artifacts-optimized/ui-ux-UI-UX-Experience-Loa-55a4b-es-animations-accessibility-extended-features/video.webm
    ────────────────────────────────────────────────────────────────────────────────────────────────

    Error Context: ../../test-artifacts-optimized/ui-ux-UI-UX-Experience-Loa-55a4b-es-animations-accessibility-extended-features/error-context.md

    attachment #4: trace (application/zip) ─────────────────────────────────────────────────────────
    ../../test-artifacts-optimized/ui-ux-UI-UX-Experience-Loa-55a4b-es-animations-accessibility-extended-features/trace.zip
    Usage:

        npx playwright show-trace ../../test-artifacts-optimized/ui-ux-UI-UX-Experience-Loa-55a4b-es-animations-accessibility-extended-features/trace.zip

    ────────────────────────────────────────────────────────────────────────────────────────────────
]]>
</failure>
<system-out>
<![CDATA[
[[ATTACHMENT|../test-artifacts-optimized/ui-ux-UI-UX-Experience-Loa-55a4b-es-animations-accessibility-extended-features/test-failed-1.png]]

[[ATTACHMENT|../test-artifacts-optimized/ui-ux-UI-UX-Experience-Loa-55a4b-es-animations-accessibility-extended-features/video.webm]]

[[ATTACHMENT|../test-artifacts-optimized/ui-ux-UI-UX-Experience-Loa-55a4b-es-animations-accessibility-extended-features/error-context.md]]

[[ATTACHMENT|../test-artifacts-optimized/ui-ux-UI-UX-Experience-Loa-55a4b-es-animations-accessibility-extended-features/trace.zip]]
]]>
</system-out>
</testcase>
<testcase name="UI/UX Experience › Error States and User Feedback › should display clear error messages @error-states" classname="ui-ux.spec.ts" time="2.845">
<failure message="ui-ux.spec.ts:930:9 should display clear error messages @error-states" type="FAILURE">
<![CDATA[  [extended-features] › ui-ux.spec.ts:930:9 › UI/UX Experience › Error States and User Feedback › should display clear error messages @error-states 

    Error: expect(received).toBeGreaterThan(expected)

    Expected: > 0
    Received:   0

      950 |           const errorText = await firstError.textContent();
      951 |           expect(errorText).toBeDefined();
    > 952 |           expect(errorText?.length).toBeGreaterThan(0);
          |                                     ^
      953 |         }
      954 |       }
      955 |     });
        at /app/tests/e2e/ui-ux.spec.ts:952:37

    attachment #1: screenshot (image/png) ──────────────────────────────────────────────────────────
    ../../test-artifacts-optimized/ui-ux-UI-UX-Experience-Err-82366-error-messages-error-states-extended-features/test-failed-1.png
    ────────────────────────────────────────────────────────────────────────────────────────────────

    attachment #2: video (video/webm) ──────────────────────────────────────────────────────────────
    ../../test-artifacts-optimized/ui-ux-UI-UX-Experience-Err-82366-error-messages-error-states-extended-features/video.webm
    ────────────────────────────────────────────────────────────────────────────────────────────────

    Error Context: ../../test-artifacts-optimized/ui-ux-UI-UX-Experience-Err-82366-error-messages-error-states-extended-features/error-context.md

    attachment #4: trace (application/zip) ─────────────────────────────────────────────────────────
    ../../test-artifacts-optimized/ui-ux-UI-UX-Experience-Err-82366-error-messages-error-states-extended-features/trace.zip
    Usage:

        npx playwright show-trace ../../test-artifacts-optimized/ui-ux-UI-UX-Experience-Err-82366-error-messages-error-states-extended-features/trace.zip

    ────────────────────────────────────────────────────────────────────────────────────────────────
]]>
</failure>
<system-out>
<![CDATA[
[[ATTACHMENT|../test-artifacts-optimized/ui-ux-UI-UX-Experience-Err-82366-error-messages-error-states-extended-features/test-failed-1.png]]

[[ATTACHMENT|../test-artifacts-optimized/ui-ux-UI-UX-Experience-Err-82366-error-messages-error-states-extended-features/video.webm]]

[[ATTACHMENT|../test-artifacts-optimized/ui-ux-UI-UX-Experience-Err-82366-error-messages-error-states-extended-features/error-context.md]]

[[ATTACHMENT|../test-artifacts-optimized/ui-ux-UI-UX-Experience-Err-82366-error-messages-error-states-extended-features/trace.zip]]
]]>
</system-out>
</testcase>
<testcase name="UI/UX Experience › Error States and User Feedback › should provide success feedback @feedback" classname="ui-ux.spec.ts" time="2.719">
</testcase>
<testcase name="UI/UX Experience › Error States and User Feedback › should handle network errors gracefully @error-states" classname="ui-ux.spec.ts" time="1.745">
</testcase>
<testcase name="UI/UX Experience › Error States and User Feedback › should provide contextual help @feedback" classname="ui-ux.spec.ts" time="1.673">
</testcase>
<testcase name="UI/UX Experience › Cross-Browser Compatibility › should render consistently across viewports @compatibility" classname="ui-ux.spec.ts" time="1.944">
</testcase>
<testcase name="UI/UX Experience › Cross-Browser Compatibility › should handle CSS feature support gracefully @compatibility" classname="ui-ux.spec.ts" time="1.618">
</testcase>
</testsuite>
<testsuite name="optimized-test-suite.spec.ts" timestamp="2025-08-30T17:05:44.426Z" hostname="mobile-verification" tests="2" failures="0" skipped="0" time="16.632" errors="0">
<testcase name="♿ Essential Accessibility › keyboard navigation basics @accessibility" classname="optimized-test-suite.spec.ts" time="7.534">
<system-out>
<![CDATA[✅ Keyboard navigation working, focused: 
]]>
</system-out>
</testcase>
<testcase name="♿ Essential Accessibility › mobile viewport adaptation @mobile" classname="optimized-test-suite.spec.ts" time="9.098">
<system-out>
<![CDATA[✅ Mobile viewport: no horizontal scroll (375px vs 375px)
]]>
</system-out>
</testcase>
</testsuite>
</testsuites>