<testsuites id="" name="" tests="4" failures="0" skipped="0" errors="0" time="7.636952">
<testsuite name="optimized-test-suite.spec.ts" timestamp="2025-08-30T14:57:04.494Z" hostname="critical-path" tests="4" failures="0" skipped="0" time="13.506" errors="0">
<testcase name="🔥 Root Cause Detection › database and authentication foundation @critical" classname="optimized-test-suite.spec.ts" time="0.782">
<system-out>
<![CDATA[✅ Authentication foundation verified
]]>
</system-out>
</testcase>
<testcase name="🔄 Unified Authentication System › unified login redirects to correct portal @auth" classname="optimized-test-suite.spec.ts" time="4.412">
<system-out>
<![CDATA[✅ customer redirected to /portal
✅ staff redirected to /staff
✅ driver redirected to /driver
✅ admin redirected to /staff
]]>
</system-out>
</testcase>
<testcase name="🔄 Unified Authentication System › portal switching functionality @auth" classname="optimized-test-suite.spec.ts" time="2.236">
<system-out>
<![CDATA[✅ Portal switcher found and accessible
]]>
</system-out>
</testcase>
<testcase name="🔧 Core Feature Integration › authentication and session management @integration" classname="optimized-test-suite.spec.ts" time="6.076">
<system-out>
<![CDATA[✅ Authentication and session management verified
]]>
</system-out>
</testcase>
</testsuite>
</testsuites>