<testsuites id="" name="" tests="9" failures="9" skipped="0" errors="0" time="2.402332">
<testsuite name="optimized-test-suite.spec.ts" timestamp="2025-09-03T14:33:40.920Z" hostname="critical-path" tests="9" failures="9" skipped="0" time="4.132" errors="0">
<testcase name="🔥 Root Cause Detection › infrastructure health check @critical" classname="optimized-test-suite.spec.ts" time="0.708">
<failure message="optimized-test-suite.spec.ts:37:7 infrastructure health check @critical" type="FAILURE">
<![CDATA[  [critical-path] › optimized-test-suite.spec.ts:37:7 › 🔥 Root Cause Detection › infrastructure health check @critical 

    Error: apiRequestContext.get: connect ECONNREFUSED ::1:8850
    Call log:
      - → GET http://localhost:8850/health
        - user-agent: Mozilla/5.0 (Windows NT 10.0; Win64; x64) AppleWebKit/537.36 (KHTML, like Gecko) Chrome/139.0.7258.5 Safari/537.36
        - accept: */*
        - accept-encoding: gzip,deflate,br

        at apiRequestContext.get: connect ECONNREFUSED ::1:8850
        at /Users/keith/claude/shipnorth/tests/e2e/optimized-test-suite.spec.ts:39:47

    attachment #1: screenshot (image/png) ──────────────────────────────────────────────────────────
    ../../test-artifacts-optimized/optimized-test-suite-🔥-Ro-3109f-cture-health-check-critical-critical-path/test-failed-1.png
    ────────────────────────────────────────────────────────────────────────────────────────────────

    attachment #2: video (video/webm) ──────────────────────────────────────────────────────────────
    ../../test-artifacts-optimized/optimized-test-suite-🔥-Ro-3109f-cture-health-check-critical-critical-path/video.webm
    ────────────────────────────────────────────────────────────────────────────────────────────────

    attachment #3: trace (application/zip) ─────────────────────────────────────────────────────────
    ../../test-artifacts-optimized/optimized-test-suite-🔥-Ro-3109f-cture-health-check-critical-critical-path/trace.zip
    Usage:

        npx playwright show-trace ../../test-artifacts-optimized/optimized-test-suite-🔥-Ro-3109f-cture-health-check-critical-critical-path/trace.zip

    ────────────────────────────────────────────────────────────────────────────────────────────────
]]>
</failure>
<system-out>
<![CDATA[
[[ATTACHMENT|../test-artifacts-optimized/optimized-test-suite-🔥-Ro-3109f-cture-health-check-critical-critical-path/test-failed-1.png]]

[[ATTACHMENT|../test-artifacts-optimized/optimized-test-suite-🔥-Ro-3109f-cture-health-check-critical-critical-path/video.webm]]

[[ATTACHMENT|../test-artifacts-optimized/optimized-test-suite-🔥-Ro-3109f-cture-health-check-critical-critical-path/trace.zip]]
]]>
</system-out>
</testcase>
<testcase name="🔥 Root Cause Detection › database and authentication foundation @critical" classname="optimized-test-suite.spec.ts" time="0.709">
<failure message="optimized-test-suite.spec.ts:55:7 database and authentication foundation @critical" type="FAILURE">
<![CDATA[  [critical-path] › optimized-test-suite.spec.ts:55:7 › 🔥 Root Cause Detection › database and authentication foundation @critical 

    Error: apiRequestContext.post: connect ECONNREFUSED ::1:8850
    Call log:
      - → POST http://localhost:8850/auth/login
        - user-agent: Mozilla/5.0 (Windows NT 10.0; Win64; x64) AppleWebKit/537.36 (KHTML, like Gecko) Chrome/139.0.7258.5 Safari/537.36
        - accept: */*
        - accept-encoding: gzip,deflate,br
        - content-type: application/json
        - content-length: 46

        at apiRequestContext.post: connect ECONNREFUSED ::1:8850
        at /Users/keith/claude/shipnorth/tests/e2e/optimized-test-suite.spec.ts:59:43

    attachment #1: screenshot (image/png) ──────────────────────────────────────────────────────────
    ../../test-artifacts-optimized/optimized-test-suite-🔥-Ro-af22e-ication-foundation-critical-critical-path/test-failed-1.png
    ────────────────────────────────────────────────────────────────────────────────────────────────

    attachment #2: video (video/webm) ──────────────────────────────────────────────────────────────
    ../../test-artifacts-optimized/optimized-test-suite-🔥-Ro-af22e-ication-foundation-critical-critical-path/video.webm
    ────────────────────────────────────────────────────────────────────────────────────────────────

    attachment #3: trace (application/zip) ─────────────────────────────────────────────────────────
    ../../test-artifacts-optimized/optimized-test-suite-🔥-Ro-af22e-ication-foundation-critical-critical-path/trace.zip
    Usage:

        npx playwright show-trace ../../test-artifacts-optimized/optimized-test-suite-🔥-Ro-af22e-ication-foundation-critical-critical-path/trace.zip

    ────────────────────────────────────────────────────────────────────────────────────────────────
]]>
</failure>
<system-out>
<![CDATA[
[[ATTACHMENT|../test-artifacts-optimized/optimized-test-suite-🔥-Ro-af22e-ication-foundation-critical-critical-path/test-failed-1.png]]

[[ATTACHMENT|../test-artifacts-optimized/optimized-test-suite-🔥-Ro-af22e-ication-foundation-critical-critical-path/video.webm]]

[[ATTACHMENT|../test-artifacts-optimized/optimized-test-suite-🔥-Ro-af22e-ication-foundation-critical-critical-path/trace.zip]]
]]>
</system-out>
</testcase>
<testcase name="🔥 Root Cause Detection › ACL permission system foundation @critical" classname="optimized-test-suite.spec.ts" time="0.724">
<failure message="optimized-test-suite.spec.ts:93:7 ACL permission system foundation @critical" type="FAILURE">
<![CDATA[  [critical-path] › optimized-test-suite.spec.ts:93:7 › 🔥 Root Cause Detection › ACL permission system foundation @critical 

    Error: apiRequestContext.post: connect ECONNREFUSED ::1:8850
    Call log:
      - → POST http://localhost:8850/auth/login
        - user-agent: Mozilla/5.0 (Windows NT 10.0; Win64; x64) AppleWebKit/537.36 (KHTML, like Gecko) Chrome/139.0.7258.5 Safari/537.36
        - accept: */*
        - accept-encoding: gzip,deflate,br
        - content-type: application/json
        - content-length: 53

        at apiRequestContext.post: connect ECONNREFUSED ::1:8850
        at /Users/keith/claude/shipnorth/tests/e2e/optimized-test-suite.spec.ts:96:41

    attachment #1: screenshot (image/png) ──────────────────────────────────────────────────────────
    ../../test-artifacts-optimized/optimized-test-suite-🔥-Ro-cbc82--system-foundation-critical-critical-path/test-failed-1.png
    ────────────────────────────────────────────────────────────────────────────────────────────────

    attachment #2: video (video/webm) ──────────────────────────────────────────────────────────────
    ../../test-artifacts-optimized/optimized-test-suite-🔥-Ro-cbc82--system-foundation-critical-critical-path/video.webm
    ────────────────────────────────────────────────────────────────────────────────────────────────

    attachment #3: trace (application/zip) ─────────────────────────────────────────────────────────
    ../../test-artifacts-optimized/optimized-test-suite-🔥-Ro-cbc82--system-foundation-critical-critical-path/trace.zip
    Usage:

        npx playwright show-trace ../../test-artifacts-optimized/optimized-test-suite-🔥-Ro-cbc82--system-foundation-critical-critical-path/trace.zip

    ────────────────────────────────────────────────────────────────────────────────────────────────
]]>
</failure>
<system-out>
<![CDATA[
[[ATTACHMENT|../test-artifacts-optimized/optimized-test-suite-🔥-Ro-cbc82--system-foundation-critical-critical-path/test-failed-1.png]]

[[ATTACHMENT|../test-artifacts-optimized/optimized-test-suite-🔥-Ro-cbc82--system-foundation-critical-critical-path/video.webm]]

[[ATTACHMENT|../test-artifacts-optimized/optimized-test-suite-🔥-Ro-cbc82--system-foundation-critical-critical-path/trace.zip]]
]]>
</system-out>
</testcase>
<testcase name="🔄 Unified Authentication System › unified login redirects to correct portal @auth" classname="optimized-test-suite.spec.ts" time="0.486">
<failure message="optimized-test-suite.spec.ts:307:7 unified login redirects to correct portal @auth" type="FAILURE">
<![CDATA[  [critical-path] › optimized-test-suite.spec.ts:307:7 › 🔄 Unified Authentication System › unified login redirects to correct portal @auth 

    Error: page.goto: net::ERR_CONNECTION_REFUSED at http://localhost:8849/login
    Call log:
      - navigating to "http://localhost:8849/login", waiting until "load"


      315 |
      316 |     for (const { type, expectedPath, user } of userTests) {
    > 317 |       await page.goto('/login');
          |                  ^
      318 |
      319 |       // Use specific quick login button selectors
      320 |       let quickButton;
        at /Users/keith/claude/shipnorth/tests/e2e/optimized-test-suite.spec.ts:317:18

    attachment #1: screenshot (image/png) ──────────────────────────────────────────────────────────
    ../../test-artifacts-optimized/optimized-test-suite-🔄-Un-df343-ects-to-correct-portal-auth-critical-path/test-failed-1.png
    ────────────────────────────────────────────────────────────────────────────────────────────────

    attachment #2: video (video/webm) ──────────────────────────────────────────────────────────────
    ../../test-artifacts-optimized/optimized-test-suite-🔄-Un-df343-ects-to-correct-portal-auth-critical-path/video.webm
    ────────────────────────────────────────────────────────────────────────────────────────────────

    attachment #3: trace (application/zip) ─────────────────────────────────────────────────────────
    ../../test-artifacts-optimized/optimized-test-suite-🔄-Un-df343-ects-to-correct-portal-auth-critical-path/trace.zip
    Usage:

        npx playwright show-trace ../../test-artifacts-optimized/optimized-test-suite-🔄-Un-df343-ects-to-correct-portal-auth-critical-path/trace.zip

    ────────────────────────────────────────────────────────────────────────────────────────────────
]]>
</failure>
<system-out>
<![CDATA[
[[ATTACHMENT|../test-artifacts-optimized/optimized-test-suite-🔄-Un-df343-ects-to-correct-portal-auth-critical-path/test-failed-1.png]]

[[ATTACHMENT|../test-artifacts-optimized/optimized-test-suite-🔄-Un-df343-ects-to-correct-portal-auth-critical-path/video.webm]]

[[ATTACHMENT|../test-artifacts-optimized/optimized-test-suite-🔄-Un-df343-ects-to-correct-portal-auth-critical-path/trace.zip]]
]]>
</system-out>
</testcase>
<testcase name="🔄 Unified Authentication System › portal switching functionality @auth" classname="optimized-test-suite.spec.ts" time="0.487">
<failure message="optimized-test-suite.spec.ts:349:7 portal switching functionality @auth" type="FAILURE">
<![CDATA[  [critical-path] › optimized-test-suite.spec.ts:349:7 › 🔄 Unified Authentication System › portal switching functionality @auth 

    Error: page.goto: net::ERR_CONNECTION_REFUSED at http://localhost:8849/login
    Call log:
      - navigating to "http://localhost:8849/login", waiting until "load"


      349 |   test('portal switching functionality @auth', async ({ page }) => {
      350 |     // Test portal switching for users with multiple roles
    > 351 |     await page.goto('/login');
          |                ^
      352 |
      353 |     // Login as admin (should have access to staff portal)
      354 |     const adminButton = page.locator('button:has-text("Staff (Admin)")');
        at /Users/keith/claude/shipnorth/tests/e2e/optimized-test-suite.spec.ts:351:16

    attachment #1: screenshot (image/png) ──────────────────────────────────────────────────────────
    ../../test-artifacts-optimized/optimized-test-suite-🔄-Un-96a0e-witching-functionality-auth-critical-path/test-failed-1.png
    ────────────────────────────────────────────────────────────────────────────────────────────────

    attachment #2: video (video/webm) ──────────────────────────────────────────────────────────────
    ../../test-artifacts-optimized/optimized-test-suite-🔄-Un-96a0e-witching-functionality-auth-critical-path/video.webm
    ────────────────────────────────────────────────────────────────────────────────────────────────

    attachment #3: trace (application/zip) ─────────────────────────────────────────────────────────
    ../../test-artifacts-optimized/optimized-test-suite-🔄-Un-96a0e-witching-functionality-auth-critical-path/trace.zip
    Usage:

        npx playwright show-trace ../../test-artifacts-optimized/optimized-test-suite-🔄-Un-96a0e-witching-functionality-auth-critical-path/trace.zip

    ────────────────────────────────────────────────────────────────────────────────────────────────
]]>
</failure>
<system-out>
<![CDATA[
[[ATTACHMENT|../test-artifacts-optimized/optimized-test-suite-🔄-Un-96a0e-witching-functionality-auth-critical-path/test-failed-1.png]]

[[ATTACHMENT|../test-artifacts-optimized/optimized-test-suite-🔄-Un-96a0e-witching-functionality-auth-critical-path/video.webm]]

[[ATTACHMENT|../test-artifacts-optimized/optimized-test-suite-🔄-Un-96a0e-witching-functionality-auth-critical-path/trace.zip]]
]]>
</system-out>
</testcase>
<testcase name="🔧 Core Feature Integration › authentication and session management @integration" classname="optimized-test-suite.spec.ts" time="0.486">
<failure message="optimized-test-suite.spec.ts:499:7 authentication and session management @integration" type="FAILURE">
<![CDATA[  [critical-path] › optimized-test-suite.spec.ts:499:7 › 🔧 Core Feature Integration › authentication and session management @integration 

    Error: page.goto: net::ERR_CONNECTION_REFUSED at http://localhost:8849/login
    Call log:
      - navigating to "http://localhost:8849/login", waiting until "load"


       at utils/auth-helpers.ts:10

       8 |
       9 |   async goToLogin(): Promise<void> {
    > 10 |     await this.page.goto('/login');
         |                     ^
      11 |     await expect(this.page.locator('h2:has-text("Welcome back")')).toBeVisible();
      12 |   }
      13 |
        at AuthHelpers.goToLogin (/Users/keith/claude/shipnorth/tests/e2e/utils/auth-helpers.ts:10:21)
        at AuthHelpers.quickLogin (/Users/keith/claude/shipnorth/tests/e2e/utils/auth-helpers.ts:28:16)
        at /Users/keith/claude/shipnorth/tests/e2e/optimized-test-suite.spec.ts:503:5

    attachment #1: screenshot (image/png) ──────────────────────────────────────────────────────────
    ../../test-artifacts-optimized/optimized-test-suite-🔧-Co-79524-sion-management-integration-critical-path/test-failed-1.png
    ────────────────────────────────────────────────────────────────────────────────────────────────

    attachment #2: video (video/webm) ──────────────────────────────────────────────────────────────
    ../../test-artifacts-optimized/optimized-test-suite-🔧-Co-79524-sion-management-integration-critical-path/video.webm
    ────────────────────────────────────────────────────────────────────────────────────────────────

    attachment #3: trace (application/zip) ─────────────────────────────────────────────────────────
    ../../test-artifacts-optimized/optimized-test-suite-🔧-Co-79524-sion-management-integration-critical-path/trace.zip
    Usage:

        npx playwright show-trace ../../test-artifacts-optimized/optimized-test-suite-🔧-Co-79524-sion-management-integration-critical-path/trace.zip

    ────────────────────────────────────────────────────────────────────────────────────────────────
]]>
</failure>
<system-out>
<![CDATA[
[[ATTACHMENT|../test-artifacts-optimized/optimized-test-suite-🔧-Co-79524-sion-management-integration-critical-path/test-failed-1.png]]

[[ATTACHMENT|../test-artifacts-optimized/optimized-test-suite-🔧-Co-79524-sion-management-integration-critical-path/video.webm]]

[[ATTACHMENT|../test-artifacts-optimized/optimized-test-suite-🔧-Co-79524-sion-management-integration-critical-path/trace.zip]]
]]>
</system-out>
</testcase>
<testcase name="🔧 Core Feature Integration › theme system and UI consistency @ui" classname="optimized-test-suite.spec.ts" time="0.183">
<failure message="optimized-test-suite.spec.ts:526:7 theme system and UI consistency @ui" type="FAILURE">
<![CDATA[  [critical-path] › optimized-test-suite.spec.ts:526:7 › 🔧 Core Feature Integration › theme system and UI consistency @ui 

    Error: page.goto: net::ERR_CONNECTION_REFUSED at http://localhost:8849/
    Call log:
      - navigating to "http://localhost:8849/", waiting until "load"


      525 |
      526 |   test('theme system and UI consistency @ui', async ({ page }) => {
    > 527 |     await page.goto('/');
          |                ^
      528 |
      529 |     // Test theme toggle functionality
      530 |     const themeToggle = page.getByRole('button', { name: /theme|dark|light/i }).first();
        at /Users/keith/claude/shipnorth/tests/e2e/optimized-test-suite.spec.ts:527:16

    attachment #1: screenshot (image/png) ──────────────────────────────────────────────────────────
    ../../test-artifacts-optimized/optimized-test-suite-🔧-Co-49fcf-ystem-and-UI-consistency-ui-critical-path/test-failed-1.png
    ────────────────────────────────────────────────────────────────────────────────────────────────

    attachment #2: video (video/webm) ──────────────────────────────────────────────────────────────
    ../../test-artifacts-optimized/optimized-test-suite-🔧-Co-49fcf-ystem-and-UI-consistency-ui-critical-path/video.webm
    ────────────────────────────────────────────────────────────────────────────────────────────────

    attachment #3: trace (application/zip) ─────────────────────────────────────────────────────────
    ../../test-artifacts-optimized/optimized-test-suite-🔧-Co-49fcf-ystem-and-UI-consistency-ui-critical-path/trace.zip
    Usage:

        npx playwright show-trace ../../test-artifacts-optimized/optimized-test-suite-🔧-Co-49fcf-ystem-and-UI-consistency-ui-critical-path/trace.zip

    ────────────────────────────────────────────────────────────────────────────────────────────────
]]>
</failure>
<system-out>
<![CDATA[
[[ATTACHMENT|../test-artifacts-optimized/optimized-test-suite-🔧-Co-49fcf-ystem-and-UI-consistency-ui-critical-path/test-failed-1.png]]

[[ATTACHMENT|../test-artifacts-optimized/optimized-test-suite-🔧-Co-49fcf-ystem-and-UI-consistency-ui-critical-path/video.webm]]

[[ATTACHMENT|../test-artifacts-optimized/optimized-test-suite-🔧-Co-49fcf-ystem-and-UI-consistency-ui-critical-path/trace.zip]]
]]>
</system-out>
</testcase>
<testcase name="♿ Essential Accessibility › keyboard navigation basics @accessibility" classname="optimized-test-suite.spec.ts" time="0.186">
<failure message="optimized-test-suite.spec.ts:555:7 keyboard navigation basics @accessibility" type="FAILURE">
<![CDATA[  [critical-path] › optimized-test-suite.spec.ts:555:7 › ♿ Essential Accessibility › keyboard navigation basics @accessibility 

    Error: page.goto: net::ERR_CONNECTION_REFUSED at http://localhost:8849/login
    Call log:
      - navigating to "http://localhost:8849/login", waiting until "load"


      554 | test.describe('♿ Essential Accessibility', () => {
      555 |   test('keyboard navigation basics @accessibility', async ({ page }) => {
    > 556 |     await page.goto('/login');
          |                ^
      557 |
      558 |     // Test tab navigation through login form
      559 |     await page.keyboard.press('Tab');
        at /Users/keith/claude/shipnorth/tests/e2e/optimized-test-suite.spec.ts:556:16

    attachment #1: screenshot (image/png) ──────────────────────────────────────────────────────────
    ../../test-artifacts-optimized/optimized-test-suite-♿-Ess-9f1c9-gation-basics-accessibility-critical-path/test-failed-1.png
    ────────────────────────────────────────────────────────────────────────────────────────────────

    attachment #2: video (video/webm) ──────────────────────────────────────────────────────────────
    ../../test-artifacts-optimized/optimized-test-suite-♿-Ess-9f1c9-gation-basics-accessibility-critical-path/video.webm
    ────────────────────────────────────────────────────────────────────────────────────────────────

    attachment #3: trace (application/zip) ─────────────────────────────────────────────────────────
    ../../test-artifacts-optimized/optimized-test-suite-♿-Ess-9f1c9-gation-basics-accessibility-critical-path/trace.zip
    Usage:

        npx playwright show-trace ../../test-artifacts-optimized/optimized-test-suite-♿-Ess-9f1c9-gation-basics-accessibility-critical-path/trace.zip

    ────────────────────────────────────────────────────────────────────────────────────────────────
]]>
</failure>
<system-out>
<![CDATA[
[[ATTACHMENT|../test-artifacts-optimized/optimized-test-suite-♿-Ess-9f1c9-gation-basics-accessibility-critical-path/test-failed-1.png]]

[[ATTACHMENT|../test-artifacts-optimized/optimized-test-suite-♿-Ess-9f1c9-gation-basics-accessibility-critical-path/video.webm]]

[[ATTACHMENT|../test-artifacts-optimized/optimized-test-suite-♿-Ess-9f1c9-gation-basics-accessibility-critical-path/trace.zip]]
]]>
</system-out>
</testcase>
<testcase name="♿ Essential Accessibility › mobile viewport adaptation @mobile" classname="optimized-test-suite.spec.ts" time="0.163">
<failure message="optimized-test-suite.spec.ts:568:7 mobile viewport adaptation @mobile" type="FAILURE">
<![CDATA[  [critical-path] › optimized-test-suite.spec.ts:568:7 › ♿ Essential Accessibility › mobile viewport adaptation @mobile 

    Error: page.goto: net::ERR_CONNECTION_REFUSED at http://localhost:8849/portal
    Call log:
      - navigating to "http://localhost:8849/portal", waiting until "load"


      569 |     // Test mobile viewport
      570 |     await page.setViewportSize({ width: 375, height: 667 });
    > 571 |     await page.goto('/portal');
          |                ^
      572 |
      573 |     // Should not have horizontal scrolling
      574 |     const scrollWidth = await page.evaluate(() => document.body.scrollWidth);
        at /Users/keith/claude/shipnorth/tests/e2e/optimized-test-suite.spec.ts:571:16

    attachment #1: screenshot (image/png) ──────────────────────────────────────────────────────────
    ../../test-artifacts-optimized/optimized-test-suite-♿-Ess-493db--viewport-adaptation-mobile-critical-path/test-failed-1.png
    ────────────────────────────────────────────────────────────────────────────────────────────────

    attachment #2: video (video/webm) ──────────────────────────────────────────────────────────────
    ../../test-artifacts-optimized/optimized-test-suite-♿-Ess-493db--viewport-adaptation-mobile-critical-path/video.webm
    ────────────────────────────────────────────────────────────────────────────────────────────────

    attachment #3: trace (application/zip) ─────────────────────────────────────────────────────────
    ../../test-artifacts-optimized/optimized-test-suite-♿-Ess-493db--viewport-adaptation-mobile-critical-path/trace.zip
    Usage:

        npx playwright show-trace ../../test-artifacts-optimized/optimized-test-suite-♿-Ess-493db--viewport-adaptation-mobile-critical-path/trace.zip

    ────────────────────────────────────────────────────────────────────────────────────────────────
]]>
</failure>
<system-out>
<![CDATA[
[[ATTACHMENT|../test-artifacts-optimized/optimized-test-suite-♿-Ess-493db--viewport-adaptation-mobile-critical-path/test-failed-1.png]]

[[ATTACHMENT|../test-artifacts-optimized/optimized-test-suite-♿-Ess-493db--viewport-adaptation-mobile-critical-path/video.webm]]

[[ATTACHMENT|../test-artifacts-optimized/optimized-test-suite-♿-Ess-493db--viewport-adaptation-mobile-critical-path/trace.zip]]
]]>
</system-out>
</testcase>
</testsuite>
</testsuites>